This is TeX, Version 3.14159 (Web2C 7.4.5) (format=latex 2005.2.10)  17 JUL 2006 11:18
**fancyvrb.ins
(./fancyvrb.ins
LaTeX2e <2001/06/01>
Babel <v3.7h> and hyphenation patterns for american, french, german, ngerman, n
ohyphenation, loaded.
(/usr/share/texmf/tex/latex/base/docstrip.tex
\blockLevel=\count79
\emptyLines=\count80
\processedLines=\count81
\commentsRemoved=\count82
\commentsPassed=\count83
\codeLinesPassed=\count84
\TotalprocessedLines=\count85
\TotalcommentsRemoved=\count86
\TotalcommentsPassed=\count87
\TotalcodeLinesPassed=\count88
\NumberOfFiles=\count89
\inFile=\read1
\inputcheck=\read2
\off@0=\count90
\off@1=\count91
\off@2=\count92
\off@3=\count93
\off@4=\count94
\off@5=\count95
\off@6=\count96
\off@7=\count97
\off@8=\count98
\off@9=\count99
\off@10=\count100
\off@11=\count101
\off@12=\count102
\off@13=\count103
\off@14=\count104
\off@15=\count105
\@maxfiles=\count106
\@maxoutfiles=\count107

Utility: `docstrip' 2.5b <1998/04/28>
English documentation    <1999/03/31>

**********************************************************
* This program converts documented macro-files into fast *
* loadable files by stripping off (nearly) all comments! *
**********************************************************

********************************************************
* No Configuration file found, using default settings. *
********************************************************

(./fancyvrb.ins
*** Generating the `fancyvrb' package ***

Generating file(s) ./fancyvrb.sty 
\openout0 = `./fancyvrb.sty'.


Processing file fancyvrb.dtx (fancyvrb) -> fancyvrb.sty
File fancyvrb.dtx ended by \endinput.
Lines  processed: 4471
Comments removed: 3055
Comments  passed: 141
Codelines passed: 1271

***********************************************************
*
* To finish the installation you have to move the file
* fancyvrb.sty searched by TeX.
*
* To produce the documentation, run the file `fvrb-ex.dtx'
* through LaTeX.
*
* If you require the commented code, desactivating the
* OnlyDescription macro, you must recompile, execute:
* `makeindex -s PATH/gind.ist fancyvrb'
* `makeindex -s PATH/gglo.ist -o fancyvrb.gls fancyvrb.glo'
* and recompile.
*
***********************************************************
) ) ) 
Here is how much of TeX's memory you used:
 315 strings out of 95847
 3108 string characters out of 1193752
 50499 words of memory out of 1000001
 3336 multiletter control sequences out of 10000+50000
 3640 words of font info for 14 fonts, out of 500000 for 1000
 14 hyphenation exceptions out of 1000
 15i,0n,15p,201b,121s stack positions out of 1500i,500n,5000p,200000b,5000s

No pages of output.
