This is TeX, Version 3.14159 (Web2C 7.4.5) (format=latex 2005.2.10)  14 JUL 2006 08:27
**xcolor.ins
(./xcolor.ins
LaTeX2e <2001/06/01>
Babel <v3.7h> and hyphenation patterns for american, french, german, ngerman, n
ohyphenation, loaded.
(/usr/share/texmf/tex/latex/base/docstrip.tex
\blockLevel=\count79
\emptyLines=\count80
\processedLines=\count81
\commentsRemoved=\count82
\commentsPassed=\count83
\codeLinesPassed=\count84
\TotalprocessedLines=\count85
\TotalcommentsRemoved=\count86
\TotalcommentsPassed=\count87
\TotalcodeLinesPassed=\count88
\NumberOfFiles=\count89
\inFile=\read1
\inputcheck=\read2
\off@0=\count90
\off@1=\count91
\off@2=\count92
\off@3=\count93
\off@4=\count94
\off@5=\count95
\off@6=\count96
\off@7=\count97
\off@8=\count98
\off@9=\count99
\off@10=\count100
\off@11=\count101
\off@12=\count102
\off@13=\count103
\off@14=\count104
\off@15=\count105
\@maxfiles=\count106
\@maxoutfiles=\count107

Utility: `docstrip' 2.5b <1998/04/28>
English documentation    <1999/03/31>

**********************************************************
* This program converts documented macro-files into fast *
* loadable files by stripping off (nearly) all comments! *
**********************************************************

********************************************************
* No Configuration file found, using default settings. *
********************************************************

(./xcolor.ins

Generating file(s) ./xcolor.lox 
\openout0 = `./xcolor.lox'.


Processing file xcolor.dtx (extract) -> xcolor.lox
% <*package > <*extract|driver|test1|test2|test3|test4 . . > % % % % % % % % %
% % % % % % % % % % % % % % % % % % % % % % % % % % % % % % % % <*batchfile .
. . . . . . . . > % <*driver . . . . . . . . . . . . . . . . . . . . . . . . .
. . > % <*extract . . . . . . . . . . . . . . . . . . . . . . . . . > % % % %
% % % % % % % % % % % % % % % % % % % % % % % % % % % % % % % % % % % % % % %
% % % % % % % % % % % % % % % % % % % % % % % % % % % % % % % % % % % % % % %
% % % % % % % % % % % % % % % % % % % % % % % % % % % % % % % % % % % % % % %
% % % % % % % % % % % % % % % % % % % % % % % % % % % % % % % % % % % % % % %
% % % % % % % % % % % % % % % % % % % % % % % % % % % % % % % % % % % % % % %
% % % % % % % % % % % % % % % % % % % % % % % % % % % % % % % % % % % % % % %
% % % % % % % % % % % % % % % % % % % % % % % % % % % % % % % % % % % % % % %
% % % % % % % % % % % % % % % % % % % % % % % % % % % % % % % % % % % % % % %
% % % % % % % % % % % % % % % % % % % % % % % % % % % % % % % % % % % % % % %
% % % % % % % % % % % % % % % % % % % % % % % % % % % % % % % % % % % % % % %
% % % % % % % % % % % % % % % % % % % % % % % % % % % % % % % % % % % % % % %
% % % % % % % % % % % % % % % % % % % % % % % % % % % % % % % % % % % % % % %
% % % % % % % % % % % % % % % % % % % % % % % % % % % % % % % % % % % % % % %
% % % % % % % % % % % % % % % % % % % % % % % % % % % % % % % % % % % % % % %
% % % % % % % % % % % % % % % % % % % % % % % % % % % % % % % % % % % % % % %
% % % % % % % % % % % % % % % % % % % % % % % % % % % % % % % % % % % % % % %
% % % % % % % % % % % % % % % % % % % % % % % % % % % % % % % % % % % % % % %
% % % % % % % % % % % % % % % % % % % % % % % % % % % % % % % % % % % % % % %
% % % % % % % % % % % % % % % % % % % % % % % % % % % % % % % % % % % % % % %
% % % % % % % % % % % % % % % % % % % % % % % % % % % % % % % % % % % % % % %
% % % % % % % % % % % % % % % % % % % % % % % % % % % % % % % % % % % % % % %
% % % % % % % % % % % % % % % % % % % % % % % % % % % % % % % % % % % % % % %
% % % % % % % % % % % % % % % % % % % % % % % % % % % % % % % % % % % % % % %
% % % % % % % % % % % % % % % % % % % % % % % % % % % % % % % % % % % % % % %
% % % % % % % % % % % % % % % % % % % % % % % % % % % % % % % % % % % % % % %
% % % % % % % % % % % % % % % % % % % % % % % % % % % % % % % % % % % % % % %
% % % % % % % % % % % % % % % % % % % % % % % % % % % % % % % % % % % % % % %
% % % % % % % % % % % % % % % % % % % % % % % % % % % % % % % % % % % % % % %
% % % % % % % % % % % % % % % % % % % % % % % % % % % % % % % % % % % % % % %
% % % % % % % % % % % % % % % % % % % % % % % % % % % % % % % % % % % % % % %
% % % % % % % % % % % % % % % % % % % % % % % % % % % % % % % % % % % % % % %
% % % % % % % % % % % % % % % % % % % % % % % % % % % % % % % % % % % % % % %
% % % % % % % % % % % % % % % % % % % % % % % % % % % % % % % % % % % % % % %
% % % % % % % % % % % % % % % % % % % % % % % % % % % % % % % % % % % % % % %
% % % % % % % % % % % % % % % % % % % % % % % % % % % % % % % % % % % % % % %
% % % % % % % % % % % % % % % % % % % % % % % % % % % % % % % % % % % % % % %
% % % % % % % % % % % % % % % % % % % % % % % % % % % % % % % % % % % % % % %
% % % % % % % % % % % % % % % % % % % % % % % % % % % % % % % % % % % % % % %
% % % % % % % % % % % % % % % % % % % % % % % % % % % % % % % % % % % % % % %
% % % % % % % % % % % % % % % % % % % % % % % % % % % % % % % % % % % % % % %
% % % % % % % % % % % % % % % % % % % % % % % % % % % % % % % % % % % % % % %
% % % % % % % % % % % % % % % % % % % % % % % % % % % % % % % % % % % % % % %
% % % % % % % % % % % % % % % % % % % % % % % % % % % % % % % % % % % % % % %
% % % % % % % % % % % % % % % % % % % % % % % % % % % % % % % % % % % % % % %
% % % % % % % % % % % % % % % % % % % % % % % % % % % % % % % % % % % % % % %
% % % % % % % % % % % % % % % % % % % % % % % % % % % % % % % % % % % % % % %
% % % % % % % % % % % % % % % % % % % % % % % % % % % % % % % % % % % % % % %
% % % % % % % % % % % % % % % % % % % % % % % % % % % % % % % % % % % % % % %
% % % % % % % % % % % % % % % % % % % % % % % % % % % % % % % % % % % % % % %
% % % % % % % % % % % % % % % % % % % % % % % % % % % % % % % % % % % % % % %
% % % % % % % % % % % % % % % % % % % % % % % % % % % % % % % % % % % % % % %
% % % % % % % % % % % % % % % % % % % % % % % % % % % % % % % % % % % % % % %
% % % % % % % % % % % % % % % % % % % % % % % % % % % % % % % % % % % % % % %
% % % % % % % % % % % % % % % % % % % % % % % % % % % % % % % % % % % % % % %
% % % % % % % % % % % % % % % % % % % % % % % % % % % % % % % % % % % % % % %
% % % % % % % % % % % % % % % % % % % % % % % % % % % % % % % % % % % % % % %
% % % % % % % % % % % % % % % % % % % % % % % % % % % % % % % % % % % % % % %
% % % % % % % % % % % % % % % % % % % % % % % % % % % % % % % % % % % % % % %
% % % % % % % % % % % % % % % % % % % % % % % % % % % % % % % % % % % % % % %
% % % % % % % % % % % % % % % % % % % % % % % % % % % % % % % % % % % % % % %
% % % % % % % % % % % % % % % % % % % % % % % % % % % % % % % % % % % % % % %
% % % % % % % % % % % % % % % % % % % % % % % % % % % % % % % % % % % % % % %
% % % % % % % % % % % % % % % % % % % % % % % % % % % % % % % % % % % % % % %
% % % % % % % % % % % % % % % % % % % % % % % % % % % % % % % % % % % % % % %
% % % % % % % % % % % % % % % % % % % % % % % % % % % % % % % % % % % % % % %
% % % % % % % % % % % % % % % % % % % % % % % % % % % % % % % % % % % % % % %
% % % % % % % % % % % % % % % % % % % % % % % % % % % % % % % % % % % % % % %
% % % % % % % % % % % % % % % % % % % % % % % % % % % % % % % % % % % % % % %
% % % % % % % % % % % % % % % % % % % % % % % % % % % % % % % % % % % % % % %
% % % % % % % % % % % % % % % % % % % % % % % % % % % % % % % % % % % % % % %
% % % % % % % % % % % % % % % % % % % % % % % % % % % % % % % % % % % % % % %
% % % % % % % % % % % % % % % % % % % % % % % % % % % % % % % % % % % % % % %
% % % % % % % % % % % % % % % % % % % % % % % % % % % % % % % % % % % % % % %
% % % % % % % % % % % % % % % % % % % % % % % % % % % % % % % % % % % % % % %
% % % % % % % % % % % % % % % % % % % % % % % % % % % % % % % % % % % % % % %
% % % % % % % % % % % % % % % % % % % % % % % % % % % % % % % % % % % % % % %
% % % % % % % % % % % % % % % % % % % % % % % % % % % % % % % % % % % % % % %
% % % % % % % % % % % % % % % % % % % % % % % % % % % % % % % % % % % % % % %
% % % % % % % % % % % % % % % % % % % % % % % % % % % % % % % % % % % % % % %
% % % % % % % % % % % % % % % % % % % % % % % % % % % % % % % % % % % % % % %
% % % % % % % % % % % % % % % % % % % % % % % % % % % % % % % % % % % % % % %
% % % % % % % % % % % % % % % % % % % % % % % % % % % % % % % % % % % % % % %
% % % % % % % % % % % % % % % % % % % % % % % % % % % % % % % % % % % % % % %
% % % % % % % % % % % % % % % % % % % % % % % % % % % % % % % % % % % % % % %
% % % % % % % % % % % % % % % % % % % % % % % % % <*package % % % % % . % % %
% % % % % . . . . . . . . . . . % % % % . . . . . . . . . . % % % % % % % % .
% % % % % % % % % . % % % % % % . % % % % % % . % % % % % % . % % % % % % % .
. % % % % % % % % . . % % % % % % % % . . % % % % % % % % % % % . . . % % % %
% % % % % % % . . . % % % % % % % % % % % % % % . % % % % % % . % % % % % % %
% . % % % % % % % . % % % % % % % % . % % % % % % % % . . . . % % % % % % % %
% % % % % . . . . . . . . . . . . . . . . . . . . % % % % % % % % % % % % % .
. . . % % % % % % % % % . . . . . % % % % % % % % % % . . . . . % % % % % % %
% % % . % % % % % % % . . . % % % % % % . % % % % % % % . . . % % % % % % % %
% % . . . . . . . . . . % % % % % % % % % % % % % % % % % % % % % % . . % % %
. . . . . % % % % % % % % % % % % % % % % % % % % . . . . . . . . % % % % % %
% % . % % % % % % % % . . % % % % % % % % . . . . . . . % % % % . . . . . . .
% % % % % % % . % % % % . % % % % % . % % % % % % % % % % % % . . . . . . . .
. . . % % % % % % % % % % % % % % % % . % % % % . . . . . . % % % % . . . % %
% % . . . % % % % % % % % . % % % % . . % % % % . % % % % . . % % % % . . . %
% % % % % % % . % % % % % . . % % % % % . . . . . . . . . . . . . % % % % % %
% % . . % % % % % % % . . . . . . . . . . . % % % % . . % % % % % . . . . . .
. . . % % % % . % % % % % % % % % . . . % % % % % % % % % % % . . % % % % % %
% % % % % . % % % . . . . . . % % % % % % % . . % % % % % % . . . . % % % % %
% . % % % % % % . . . . . % % % % % % % % % % % % . . . . % % % % % % % % % %
. . . . % % % % % % % % % % % % . . . % % % % . . . . % % % % . . % % % % % %
% % % % . . . . . % % % % % % % % % % % . . . . . . . . . . . . . . . . . % %
% . . . . % % % % % % % . . . . . . . . . . . . . % % % . . . . . . % % % % %
% % % . . % % % % % % % % % . . . . . % % % % % % % % % . . % % % % % % % % %
. . % % % % % % % % % % . . . . . . . % % % % % . . % % % % % % % % % % . . .
% % % % % % % . . . . . . % % % . % % % % % % % . % % % . . . % % % % % % % .
% % % . % % % % % % % . % % % . . % % % % % % % % . . . . % % % . . % % % % %
% % % . . . . . . . % % % % % % % % . . . % % % % % % % % . % % % % % % % . .
% % % % % % % . . % % % % . . . . . . % % % % % % % . . . . % % % % % % % % .
. . % % % % % % % . . % % % % . % % % % % % % % % . % % % % . . . % % % % . %
% % % % % % % . % % % % % % % . . . . . . % % % % % % % % . . . . % % % % % %
% . . . . . . . . . % % % % % % % % % % % % % % % . . . . . % % % % % % % % %
% . % % % % % % . % % % % % % . % % % % % . . . . . . . % % % % % % % . . % %
% % % % % % % % % % % % % % % % % % % % % . . . % % % . . . . . . . . . . . .
. . . . . % % % % . . % % % % . . . . . . . . . . . . % % % % . . . . . . . %
% % % % % % % % % % % % % % % % % % % % . . . . . . . . . . . . . . . % % % %
% . . . . % % % . . . % % % . . . % % % % % % % . . % % % % % % . % % % % % %
% . % % % % % % % . . . % % % . . . . . . % % % % % % % % . % % % % % % % . .
. . . % % % % . . . . . . . . . . . . . . . . . . . . . % % % . . . . . . % %
% % % % . . % % % % % % % % % . . . % % % . . . . . . % % % . % % % % % % . .
. % % % . . % % % . . . % % % . . % % % . . . . . . % % % % % % % . . . % % %
% % % % % % % % % . . % % % . . . . . . . . % % % % % % % . . % % % % % % % .
. . % % % % % % % % % . . % % % . . % % % . . . . . . . . . . . . . . . . . %
% % % % % . . . . . . . . . . . . . . % % % % % % % % % . . . . % % % . . . .
. . % % % . . . . . % % % % % % % % % % % % % % % . . . . . . . . . . % % % .
. . . . % % % . % % % % % % % % % % % % % % . . . . . . . . . . . . . % % % .
% % % % % % % % % % % % % % % . . % % % % % % % . . . . . . . . . . . . . . .
. . . . . . . % % % . . . . . . % % % % % % % . . . . . . . . . % % % . . . .
% % % . . . . % % % % % % % % % % % . . % % % % % % % % % . . . . % % % % % %
% % % % % . . % % % % % % % % % % % . . . . . % % % % % % . . . . . . % % % %
% % % % . . . . . . . . . . . . . . . . % % % % % % % . . . . . % % % % % % %
% % % % % % % % . % % % % . . . . . % % % % % . % % % . . . . . . % % % . . .
. . . % % % % % % % % % . % % % . . . . . . . . . . . . . % % % . % % % % % .
. % % % % . . . . . . . . . . . . . . % % % % % % % % % % % % % . . . . . . .
. . % % % . . . . . . . . . . . . . . . . . . . . . . . . . . . % % % % % % %
% . . % % % % % . . % % % % % % . . % % % % % % % . . . . % % % % % % % % % %
. . . . . . . % % % % % % % . . . . . . . . . . . . % % % % % % . % % % % % %
. . . % % % % % % % . . . . . . % % % % % % % . . . . . . . . . . . % % % % %
% % % % % . . % % % % % % % % % % . % % % . % % % . . . . . . . . . . . . . .
. . . % % % % % % % . . . . . . . . . . % % % % % % % % % % % . . . % % % % %
% % % % % % % % . . . . . % % % % % % % . . . % % % % % % % % . % % % % % % %
% % % . . % % % . % % % . . . . . . . . . . . . . . . . . . . . . . . . % % %
. . % % % % % % % % . . . . % % % % % % % . . % % % % % % % . % % % % % % . .
. . . . . . . . . . . % % % % % . % % % % % % % % % % . . % % % % % % % . . .
. % % % % % % . % % % % % % . % % % % % % % . % % % % % % % . % % % % % % % %
% % % % % % % % % . . . % % % . . . . . . . . % % % % % % % % % % % % % % % %
% . . . . . . . % % % % % % . . % % % . % % % % % % % . . . . . . . . % % % %
% % % % % % % . . . . . . % % % % % . . . . . % % % % % % . % % % % % % % % .
. . . . . . . . % % % % % % . . . . . . . . . . . . . . . . % % % % . . % % %
% . . % % % % . % % % % % % % % % % % % % % % . % % % % % % % % . % % % % % %
% . % % % % % % . % % % % % % . % % % % % % . % % % % % % % % % % % % % . . .
. . . % % % % % % % % . . . . . . . . . . . . % % % % % % . . . . . . . . . .
. . % % % % . . % % % % % % % . . . . . . . . . . . . . . . % % % % % % . . .
. . . . . % % % % % % . . . . . . % % % % % % . . % % % % % % % . . . . . . .
% % % % % % % . . . . . . . % % % . . . % % % % % % % . . . . . . . . % % % %
% % . . % % % % % % % . . . . . . % % % % . . % % % % % % % . . . . . . . . .
. . . % % % % % % . . % % % % % % . . . . . . . . . . . . . % % % % % % % . .
% % % % % % % . . . % % % . . % % % % % % % . . . % % % % % % . . % % % % % %
. . . . . % % % % % % . . . . . . . . . . % % % % % % % . . . % % % % % % . .
. . . . . . . . % % % % % % % . . % % % % % % % . . % % % % % % % . . % % % %
% % . . % % % % . . . . . . . . . . . . . % % % % . . . . . . % % % % % % % %
. . . . % % % % % % % % % . . . % % % % % % . . . . . . . . . . . % % % % % %
% % % % % % % % % % % % . . . . . . . . . . . . . . . % % % . . % % % % % % %
. % % % % % % % % % . . % % % % % % . % % % % % % . . . % % % % % % % . . . .
. % % % % % % % . . . . . . . . . . . % % % % % % % % % % % % . . . . . . . %
% % % % % % % % % % % % . % % % % % % % % % % % % % % % . . % % % % % % % . .
. . . . . . % % % % % % . . . . . . . . % % % % % . . . . . . . . . . % % % %
% % % % % . . . . . . . . . % % % % . % % % % % % . . . . % % % % % % % % % %
% . % % % % % % % % % % . % % % % % % . % % % % % % % % % % % % % . . . . . .
. % % % . . . . . . % % % . . . . . . . . . . . % % % . % % % % % % % % % % %
% % % . . . . . . . . . % % % % % . . . . . % % % % . . . . . . % % % % . % %
% % % % % . . . % % % . . > % % % % % % % % % % % % <*dvips . . . . % % % % .
% % % % . % % % % . . . . . % % % % % . . % % % % . % % % % % % . . % % % % %
% % . . . . % % % % % % % . . . % % % % . > % % % % % % % % % %
<*svgnames|x11names|hksknames|hksnnames|hksznames|pmsnames|ralnames . > %
<*svgnames . . . . . . . . . . . . . . . . . . . . . . . . . . . . . . . . . .
. . . . . . . . . . . . . . . . . . . . . . . . . . . . . . . . . . . . . . .
. . . . . . . . . . . . . . . . . . . . . . . . . . . . . . . . . . . . . . .
. . . . . . . . . . . . . . . . . . . . . . . . . . . . . . . . . . . . . . .
. > % <*x11names . . . . . . . . . . . . . . . . . . . . . . . . . . . . . . .
. . . . . . . . . . . . . . . . . . . . . . . . . . . . . . . . . . . . . . .
. . . . . . . . . . . . . . . . . . . . . . . . . . . . . . . . . . . . . . .
. . . . . . . . . . . . . . . . . . . . . . . . . . . . . . . . . . . . . . .
. . . . . . . . . . . . . . . . . . . . . . . . . . . . . . . . . . . . . . .
. . . . . . . . . . . . . . . . . . . . . . . . . . . . . . . . . . . . . . .
. . . . . . . . . . . . . . . . . . . . . . . . . . . . . . . . . . . . . . .
. . . . . . . . . . . . . . . . . . . . . . . . . . . . . . . . . . . . . . .
. . . . . . . . . . . . . . > % <*test1 . . . . . . . . . . . . . . . . . . .
. . . . . . . . . . . . . . . . . . . . . . . . . . . . . . . . . . . . . . .
. . . . . . . . . . . . . . . . . . . . . . . . . . . . . . . . . . . . . . .
. . . . . . . . . . . . . . . . . . . . . . . . . . . . . . . . . . . . . . .
. . . . . . . . . . . > % <*test2 . . . . . . . . . . . . . . . . . . . . . .
. . . . . . . . . . . . . . . . . . . . . . . . . . . . . . . . . . . . . . .
. . . . . . . . . . . . . . . . . . . . . . . . . . . . . . . . . . . . . . .
. . . . . . . . . . . . . . . . . . . . . . > % <*test3 . . . . . . . . . . .
. . . . . . . . . . . . . . . . . . . . . . . . . . . . . . . . . . . . . . .
. . . . . . . . . . . . . . . . . . . . . . . . . . . . . . . . . . . . . . .
. . . . . . . . . . . . . . . . . . . . . . . . . . . . . . . . . . . . . . .
. . . . . . . . . . . . . . . . . . . . . . . . . . . . . . . . . . . . . . .
. . . . . . . . . . . . . . . . . . . . . . . . . . . . . . . . . . . > %
<*test4 . . . . . . . . . . . . . . . . . . . . . . . . . . . . . . . . . . .
. . . . . . . . . . . . . . . . . . . . . . . . . . . . . . . . . . . . . . .
. . . . . . . . . . . . . . . . . . . . . . . . . . . . . . . . . . . . . . .
. . . . . . . . . . . . . . . . . . . . . . . . . . > % %
File xcolor.dtx ended by \endinput.
Lines  processed: 8228
Comments removed: 5548
Comments  passed: 76
Codelines passed: 2576

(./xcolor.lox

Generating file(s) ./xcolor.sty ./svgnam.def ./x11nam.def ./xcolor1.tex ./xcolo
r2.tex ./xcolor3.tex ./xcolor4.tex ./xcolor.pro 
\openout0 = `./xcolor.sty'.

\openout1 = `./svgnam.def'.

\openout2 = `./x11nam.def'.

\openout3 = `./xcolor1.tex'.

\openout4 = `./xcolor2.tex'.

\openout5 = `./xcolor3.tex'.

\openout6 = `./xcolor4.tex'.

\openout7 = `./xcolor.pro'.


Processing file xcolor.dtx (package) -> xcolor.sty
                           (svgnames) -> svgnam.def
                           (x11names) -> x11nam.def
                           (test1) -> xcolor1.tex
                           (test2) -> xcolor2.tex
                           (test3) -> xcolor3.tex
                           (test4) -> xcolor4.tex
                           (dvips) -> xcolor.pro
% <*package > <*extract|driver|test1|test2|test3|test4 . . > % % % % % % % % %
% % % % % % % % % % % % % % % % % % % % % % % % % % % % % % % % <*batchfile .
. . . . . . . . > % <*driver . . . . . . . . . . . . . . . . . . . . . . . . .
. . > % <*extract . . . . . . . . . . . . . . . . . . . . . . . . . > % % % %
% % % % % % % % % % % % % % % % % % % % % % % % % % % % % % % % % % % % % % %
% % % % % % % % % % % % % % % % % % % % % % % % % % % % % % % % % % % % % % %
% % % % % % % % % % % % % % % % % % % % % % % % % % % % % % % % % % % % % % %
% % % % % % % % % % % % % % % % % % % % % % % % % % % % % % % % % % % % % % %
% % % % % % % % % % % % % % % % % % % % % % % % % % % % % % % % % % % % % % %
% % % % % % % % % % % % % % % % % % % % % % % % % % % % % % % % % % % % % % %
% % % % % % % % % % % % % % % % % % % % % % % % % % % % % % % % % % % % % % %
% % % % % % % % % % % % % % % % % % % % % % % % % % % % % % % % % % % % % % %
% % % % % % % % % % % % % % % % % % % % % % % % % % % % % % % % % % % % % % %
% % % % % % % % % % % % % % % % % % % % % % % % % % % % % % % % % % % % % % %
% % % % % % % % % % % % % % % % % % % % % % % % % % % % % % % % % % % % % % %
% % % % % % % % % % % % % % % % % % % % % % % % % % % % % % % % % % % % % % %
% % % % % % % % % % % % % % % % % % % % % % % % % % % % % % % % % % % % % % %
% % % % % % % % % % % % % % % % % % % % % % % % % % % % % % % % % % % % % % %
% % % % % % % % % % % % % % % % % % % % % % % % % % % % % % % % % % % % % % %
% % % % % % % % % % % % % % % % % % % % % % % % % % % % % % % % % % % % % % %
% % % % % % % % % % % % % % % % % % % % % % % % % % % % % % % % % % % % % % %
% % % % % % % % % % % % % % % % % % % % % % % % % % % % % % % % % % % % % % %
% % % % % % % % % % % % % % % % % % % % % % % % % % % % % % % % % % % % % % %
% % % % % % % % % % % % % % % % % % % % % % % % % % % % % % % % % % % % % % %
% % % % % % % % % % % % % % % % % % % % % % % % % % % % % % % % % % % % % % %
% % % % % % % % % % % % % % % % % % % % % % % % % % % % % % % % % % % % % % %
% % % % % % % % % % % % % % % % % % % % % % % % % % % % % % % % % % % % % % %
% % % % % % % % % % % % % % % % % % % % % % % % % % % % % % % % % % % % % % %
% % % % % % % % % % % % % % % % % % % % % % % % % % % % % % % % % % % % % % %
% % % % % % % % % % % % % % % % % % % % % % % % % % % % % % % % % % % % % % %
% % % % % % % % % % % % % % % % % % % % % % % % % % % % % % % % % % % % % % %
% % % % % % % % % % % % % % % % % % % % % % % % % % % % % % % % % % % % % % %
% % % % % % % % % % % % % % % % % % % % % % % % % % % % % % % % % % % % % % %
% % % % % % % % % % % % % % % % % % % % % % % % % % % % % % % % % % % % % % %
% % % % % % % % % % % % % % % % % % % % % % % % % % % % % % % % % % % % % % %
% % % % % % % % % % % % % % % % % % % % % % % % % % % % % % % % % % % % % % %
% % % % % % % % % % % % % % % % % % % % % % % % % % % % % % % % % % % % % % %
% % % % % % % % % % % % % % % % % % % % % % % % % % % % % % % % % % % % % % %
% % % % % % % % % % % % % % % % % % % % % % % % % % % % % % % % % % % % % % %
% % % % % % % % % % % % % % % % % % % % % % % % % % % % % % % % % % % % % % %
% % % % % % % % % % % % % % % % % % % % % % % % % % % % % % % % % % % % % % %
% % % % % % % % % % % % % % % % % % % % % % % % % % % % % % % % % % % % % % %
% % % % % % % % % % % % % % % % % % % % % % % % % % % % % % % % % % % % % % %
% % % % % % % % % % % % % % % % % % % % % % % % % % % % % % % % % % % % % % %
% % % % % % % % % % % % % % % % % % % % % % % % % % % % % % % % % % % % % % %
% % % % % % % % % % % % % % % % % % % % % % % % % % % % % % % % % % % % % % %
% % % % % % % % % % % % % % % % % % % % % % % % % % % % % % % % % % % % % % %
% % % % % % % % % % % % % % % % % % % % % % % % % % % % % % % % % % % % % % %
% % % % % % % % % % % % % % % % % % % % % % % % % % % % % % % % % % % % % % %
% % % % % % % % % % % % % % % % % % % % % % % % % % % % % % % % % % % % % % %
% % % % % % % % % % % % % % % % % % % % % % % % % % % % % % % % % % % % % % %
% % % % % % % % % % % % % % % % % % % % % % % % % % % % % % % % % % % % % % %
% % % % % % % % % % % % % % % % % % % % % % % % % % % % % % % % % % % % % % %
% % % % % % % % % % % % % % % % % % % % % % % % % % % % % % % % % % % % % % %
% % % % % % % % % % % % % % % % % % % % % % % % % % % % % % % % % % % % % % %
% % % % % % % % % % % % % % % % % % % % % % % % % % % % % % % % % % % % % % %
% % % % % % % % % % % % % % % % % % % % % % % % % % % % % % % % % % % % % % %
% % % % % % % % % % % % % % % % % % % % % % % % % % % % % % % % % % % % % % %
% % % % % % % % % % % % % % % % % % % % % % % % % % % % % % % % % % % % % % %
% % % % % % % % % % % % % % % % % % % % % % % % % % % % % % % % % % % % % % %
% % % % % % % % % % % % % % % % % % % % % % % % % % % % % % % % % % % % % % %
% % % % % % % % % % % % % % % % % % % % % % % % % % % % % % % % % % % % % % %
% % % % % % % % % % % % % % % % % % % % % % % % % % % % % % % % % % % % % % %
% % % % % % % % % % % % % % % % % % % % % % % % % % % % % % % % % % % % % % %
% % % % % % % % % % % % % % % % % % % % % % % % % % % % % % % % % % % % % % %
% % % % % % % % % % % % % % % % % % % % % % % % % % % % % % % % % % % % % % %
% % % % % % % % % % % % % % % % % % % % % % % % % % % % % % % % % % % % % % %
% % % % % % % % % % % % % % % % % % % % % % % % % % % % % % % % % % % % % % %
% % % % % % % % % % % % % % % % % % % % % % % % % % % % % % % % % % % % % % %
% % % % % % % % % % % % % % % % % % % % % % % % % % % % % % % % % % % % % % %
% % % % % % % % % % % % % % % % % % % % % % % % % % % % % % % % % % % % % % %
% % % % % % % % % % % % % % % % % % % % % % % % % % % % % % % % % % % % % % %
% % % % % % % % % % % % % % % % % % % % % % % % % % % % % % % % % % % % % % %
% % % % % % % % % % % % % % % % % % % % % % % % % % % % % % % % % % % % % % %
% % % % % % % % % % % % % % % % % % % % % % % % % % % % % % % % % % % % % % %
% % % % % % % % % % % % % % % % % % % % % % % % % % % % % % % % % % % % % % %
% % % % % % % % % % % % % % % % % % % % % % % % % % % % % % % % % % % % % % %
% % % % % % % % % % % % % % % % % % % % % % % % % % % % % % % % % % % % % % %
% % % % % % % % % % % % % % % % % % % % % % % % % % % % % % % % % % % % % % %
% % % % % % % % % % % % % % % % % % % % % % % % % % % % % % % % % % % % % % %
% % % % % % % % % % % % % % % % % % % % % % % % % % % % % % % % % % % % % % %
% % % % % % % % % % % % % % % % % % % % % % % % % % % % % % % % % % % % % % %
% % % % % % % % % % % % % % % % % % % % % % % % % % % % % % % % % % % % % % %
% % % % % % % % % % % % % % % % % % % % % % % % % % % % % % % % % % % % % % %
% % % % % % % % % % % % % % % % % % % % % % % % % % % % % % % % % % % % % % %
% % % % % % % % % % % % % % % % % % % % % % % % % % % % % % % % % % % % % % %
% % % % % % % % % % % % % % % % % % % % % % % % % % % % % % % % % % % % % % %
% % % % % % % % % % % % % % % % % % % % % % % % % % % % % % % % % % % % % % %
% % % % % % % % % % % % % % % % % % % % % % % % % <*package % % % % % . % % %
% % % % % . . . . . . . . . . . % % % % . . . . . . . . . . % % % % % % % % .
% % % % % % % % % . % % % % % % . % % % % % % . % % % % % % . % % % % % % % .
. % % % % % % % % . . % % % % % % % % . . % % % % % % % % % % % . . . % % % %
% % % % % % % . . . % % % % % % % % % % % % % % . % % % % % % . % % % % % % %
% . % % % % % % % . % % % % % % % % . % % % % % % % % . . . . % % % % % % % %
% % % % % . . . . . . . . . . . . . . . . . . . . % % % % % % % % % % % % % .
. . . % % % % % % % % % . . . . . % % % % % % % % % % . . . . . % % % % % % %
% % % . % % % % % % % . . . % % % % % % . % % % % % % % . . . % % % % % % % %
% % . . . . . . . . . . % % % % % % % % % % % % % % % % % % % % % % . . % % %
. . . . . % % % % % % % % % % % % % % % % % % % % . . . . . . . . % % % % % %
% % . % % % % % % % % . . % % % % % % % % . . . . . . . % % % % . . . . . . .
% % % % % % % . % % % % . % % % % % . % % % % % % % % % % % % . . . . . . . .
. . . % % % % % % % % % % % % % % % % . % % % % . . . . . . % % % % . . . % %
% % . . . % % % % % % % % . % % % % . . % % % % . % % % % . . % % % % . . . %
% % % % % % % . % % % % % . . % % % % % . . . . . . . . . . . . . % % % % % %
% % . . % % % % % % % . . . . . . . . . . . % % % % . . % % % % % . . . . . .
. . . % % % % . % % % % % % % % % . . . % % % % % % % % % % % . . % % % % % %
% % % % % . % % % . . . . . . % % % % % % % . . % % % % % % . . . . % % % % %
% . % % % % % % . . . . . % % % % % % % % % % % % . . . . % % % % % % % % % %
. . . . % % % % % % % % % % % % . . . % % % % . . . . % % % % . . % % % % % %
% % % % . . . . . % % % % % % % % % % % . . . . . . . . . . . . . . . . . % %
% . . . . % % % % % % % . . . . . . . . . . . . . % % % . . . . . . % % % % %
% % % . . % % % % % % % % % . . . . . % % % % % % % % % . . % % % % % % % % %
. . % % % % % % % % % % . . . . . . . % % % % % . . % % % % % % % % % % . . .
% % % % % % % . . . . . . % % % . % % % % % % % . % % % . . . % % % % % % % .
% % % . % % % % % % % . % % % . . % % % % % % % % . . . . % % % . . % % % % %
% % % . . . . . . . % % % % % % % % . . . % % % % % % % % . % % % % % % % . .
% % % % % % % . . % % % % . . . . . . % % % % % % % . . . . % % % % % % % % .
. . % % % % % % % . . % % % % . % % % % % % % % % . % % % % . . . % % % % . %
% % % % % % % . % % % % % % % . . . . . . % % % % % % % % . . . . % % % % % %
% . . . . . . . . . % % % % % % % % % % % % % % % . . . . . % % % % % % % % %
% . % % % % % % . % % % % % % . % % % % % . . . . . . . % % % % % % % . . % %
% % % % % % % % % % % % % % % % % % % % % . . . % % % . . . . . . . . . . . .
. . . . . % % % % . . % % % % . . . . . . . . . . . . % % % % . . . . . . . %
% % % % % % % % % % % % % % % % % % % % . . . . . . . . . . . . . . . % % % %
% . . . . % % % . . . % % % . . . % % % % % % % . . % % % % % % . % % % % % %
% . % % % % % % % . . . % % % . . . . . . % % % % % % % % . % % % % % % % . .
. . . % % % % . . . . . . . . . . . . . . . . . . . . . % % % . . . . . . % %
% % % % . . % % % % % % % % % . . . % % % . . . . . . % % % . % % % % % % . .
. % % % . . % % % . . . % % % . . % % % . . . . . . % % % % % % % . . . % % %
% % % % % % % % % . . % % % . . . . . . . . % % % % % % % . . % % % % % % % .
. . % % % % % % % % % . . % % % . . % % % . . . . . . . . . . . . . . . . . %
% % % % % . . . . . . . . . . . . . . % % % % % % % % % . . . . % % % . . . .
. . % % % . . . . . % % % % % % % % % % % % % % % . . . . . . . . . . % % % .
. . . . % % % . % % % % % % % % % % % % % % . . . . . . . . . . . . . % % % .
% % % % % % % % % % % % % % % . . % % % % % % % . . . . . . . . . . . . . . .
. . . . . . . % % % . . . . . . % % % % % % % . . . . . . . . . % % % . . . .
% % % . . . . % % % % % % % % % % % . . % % % % % % % % % . . . . % % % % % %
% % % % % . . % % % % % % % % % % % . . . . . % % % % % % . . . . . . % % % %
% % % % . . . . . . . . . . . . . . . . % % % % % % % . . . . . % % % % % % %
% % % % % % % % . % % % % . . . . . % % % % % . % % % . . . . . . % % % . . .
. . . % % % % % % % % % . % % % . . . . . . . . . . . . . % % % . % % % % % .
. % % % % . . . . . . . . . . . . . . % % % % % % % % % % % % % . . . . . . .
. . % % % . . . . . . . . . . . . . . . . . . . . . . . . . . . % % % % % % %
% . . % % % % % . . % % % % % % . . % % % % % % % . . . . % % % % % % % % % %
. . . . . . . % % % % % % % . . . . . . . . . . . . % % % % % % . % % % % % %
. . . % % % % % % % . . . . . . % % % % % % % . . . . . . . . . . . % % % % %
% % % % % . . % % % % % % % % % % . % % % . % % % . . . . . . . . . . . . . .
. . . % % % % % % % . . . . . . . . . . % % % % % % % % % % % . . . % % % % %
% % % % % % % % . . . . . % % % % % % % . . . % % % % % % % % . % % % % % % %
% % % . . % % % . % % % . . . . . . . . . . . . . . . . . . . . . . . . % % %
. . % % % % % % % % . . . . % % % % % % % . . % % % % % % % . % % % % % % . .
. . . . . . . . . . . % % % % % . % % % % % % % % % % . . % % % % % % % . . .
. % % % % % % . % % % % % % . % % % % % % % . % % % % % % % . % % % % % % % %
% % % % % % % % % . . . % % % . . . . . . . . % % % % % % % % % % % % % % % %
% . . . . . . . % % % % % % . . % % % . % % % % % % % . . . . . . . . % % % %
% % % % % % % . . . . . . % % % % % . . . . . % % % % % % . % % % % % % % % .
. . . . . . . . % % % % % % . . . . . . . . . . . . . . . . % % % % . . % % %
% . . % % % % . % % % % % % % % % % % % % % % . % % % % % % % % . % % % % % %
% . % % % % % % . % % % % % % . % % % % % % . % % % % % % % % % % % % % . . .
. . . % % % % % % % % . . . . . . . . . . . . % % % % % % . . . . . . . . . .
. . % % % % . . % % % % % % % . . . . . . . . . . . . . . . % % % % % % . . .
. . . . . % % % % % % . . . . . . % % % % % % . . % % % % % % % . . . . . . .
% % % % % % % . . . . . . . % % % . . . % % % % % % % . . . . . . . . % % % %
% % . . % % % % % % % . . . . . . % % % % . . % % % % % % % . . . . . . . . .
. . . % % % % % % . . % % % % % % . . . . . . . . . . . . . % % % % % % % . .
% % % % % % % . . . % % % . . % % % % % % % . . . % % % % % % . . % % % % % %
. . . . . % % % % % % . . . . . . . . . . % % % % % % % . . . % % % % % % . .
. . . . . . . . % % % % % % % . . % % % % % % % . . % % % % % % % . . % % % %
% % . . % % % % . . . . . . . . . . . . . % % % % . . . . . . % % % % % % % %
. . . . % % % % % % % % % . . . % % % % % % . . . . . . . . . . . % % % % % %
% % % % % % % % % % % % . . . . . . . . . . . . . . . % % % . . % % % % % % %
. % % % % % % % % % . . % % % % % % . % % % % % % . . . % % % % % % % . . . .
. % % % % % % % . . . . . . . . . . . % % % % % % % % % % % % . . . . . . . %
% % % % % % % % % % % % . % % % % % % % % % % % % % % % . . % % % % % % % . .
. . . . . . % % % % % % . . . . . . . . % % % % % . . . . . . . . . . % % % %
% % % % % . . . . . . . . . % % % % . % % % % % % . . . . % % % % % % % % % %
% . % % % % % % % % % % . % % % % % % . % % % % % % % % % % % % % . . . . . .
. % % % . . . . . . % % % . . . . . . . . . . . % % % . % % % % % % % % % % %
% % % . . . . . . . . . % % % % % . . . . . % % % % . . . . . . % % % % . % %
% % % % % . . . % % % . . > % % % % % % % % % % % % <*dvips . . . . % % % % .
% % % % . % % % % . . . . . % % % % % . . % % % % . % % % % % % . . % % % % %
% % . . . . % % % % % % % . . . % % % % . > % % % % % % % % % %
<*svgnames|x11names|hksknames|hksnnames|hksznames|pmsnames|ralnames . > %
<*svgnames . . . . . . . . . . . . . . . . . . . . . . . . . . . . . . . . . .
. . . . . . . . . . . . . . . . . . . . . . . . . . . . . . . . . . . . . . .
. . . . . . . . . . . . . . . . . . . . . . . . . . . . . . . . . . . . . . .
. . . . . . . . . . . . . . . . . . . . . . . . . . . . . . . . . . . . . . .
. > % <*x11names . . . . . . . . . . . . . . . . . . . . . . . . . . . . . . .
. . . . . . . . . . . . . . . . . . . . . . . . . . . . . . . . . . . . . . .
. . . . . . . . . . . . . . . . . . . . . . . . . . . . . . . . . . . . . . .
. . . . . . . . . . . . . . . . . . . . . . . . . . . . . . . . . . . . . . .
. . . . . . . . . . . . . . . . . . . . . . . . . . . . . . . . . . . . . . .
. . . . . . . . . . . . . . . . . . . . . . . . . . . . . . . . . . . . . . .
. . . . . . . . . . . . . . . . . . . . . . . . . . . . . . . . . . . . . . .
. . . . . . . . . . . . . . . . . . . . . . . . . . . . . . . . . . . . . . .
. . . . . . . . . . . . . . > % <*test1 . . . . . . . . . . . . . . . . . . .
. . . . . . . . . . . . . . . . . . . . . . . . . . . . . . . . . . . . . . .
. . . . . . . . . . . . . . . . . . . . . . . . . . . . . . . . . . . . . . .
. . . . . . . . . . . . . . . . . . . . . . . . . . . . . . . . . . . . . . .
. . . . . . . . . . . > % <*test2 . . . . . . . . . . . . . . . . . . . . . .
. . . . . . . . . . . . . . . . . . . . . . . . . . . . . . . . . . . . . . .
. . . . . . . . . . . . . . . . . . . . . . . . . . . . . . . . . . . . . . .
. . . . . . . . . . . . . . . . . . . . . . > % <*test3 . . . . . . . . . . .
. . . . . . . . . . . . . . . . . . . . . . . . . . . . . . . . . . . . . . .
. . . . . . . . . . . . . . . . . . . . . . . . . . . . . . . . . . . . . . .
. . . . . . . . . . . . . . . . . . . . . . . . . . . . . . . . . . . . . . .
. . . . . . . . . . . . . . . . . . . . . . . . . . . . . . . . . . . . . . .
. . . . . . . . . . . . . . . . . . . . . . . . . . . . . . . . . . . > %
<*test4 . . . . . . . . . . . . . . . . . . . . . . . . . . . . . . . . . . .
. . . . . . . . . . . . . . . . . . . . . . . . . . . . . . . . . . . . . . .
. . . . . . . . . . . . . . . . . . . . . . . . . . . . . . . . . . . . . . .
. . . . . . . . . . . . . . . . . . . . . . . . . . > % %
File xcolor.dtx ended by \endinput.
Lines  processed: 8228
Comments removed: 5548
Comments  passed: 76
Codelines passed: 2576

)
Overall statistics:
Files  processed: 2
Lines  processed: 16456
Comments removed: 11096
Comments  passed: 152
Codelines passed: 5152
 ) ) ) 
Here is how much of TeX's memory you used:
 405 strings out of 95847
 4032 string characters out of 1193752
 54434 words of memory out of 1000001
 3416 multiletter control sequences out of 10000+50000
 3640 words of font info for 14 fonts, out of 500000 for 1000
 14 hyphenation exceptions out of 1000
 20i,0n,16p,734b,232s stack positions out of 1500i,500n,5000p,200000b,5000s

No pages of output.
