This is pdfTeX, Version 3.1415926-1.40.10 (TeX Live 2009/Debian)
entering extended mode
LaTeX2e <2009/09/24>
Babel <v3.8l> and hyphenation patterns for english, usenglishmax, dumylang, noh
yphenation, loaded.
(./gpstk-user-reference.tex (./src/manual.cls
Document Class: src/manual 2005/09/16 v1.4f Standard LaTeX document class
(/usr/share/texmf-texlive/tex/latex/base/bk10.clo))
(/usr/share/texmf-texlive/tex/latex/base/makeidx.sty)
(/usr/share/texmf-texlive/tex/latex/graphics/epsfig.sty
(/usr/share/texmf-texlive/tex/latex/graphics/graphicx.sty
(/usr/share/texmf-texlive/tex/latex/graphics/keyval.sty)
(/usr/share/texmf-texlive/tex/latex/graphics/graphics.sty
(/usr/share/texmf-texlive/tex/latex/graphics/trig.sty)
(/etc/texmf/tex/latex/config/graphics.cfg)
(/usr/share/texmf-texlive/tex/latex/pdftex-def/pdftex.def))))
(./src/bibunits.sty) (/usr/share/texmf-texlive/tex/latex/perltex/perltex.sty)
(/usr/share/texmf-texlive/tex/latex/fancyvrb/fancyvrb.sty
Style option: `fancyvrb' v2.7a, with DG/SPQR fixes, and firstline=lastline fix 
<2008/02/07> (tvz)) (/usr/share/texmf-texlive/tex/latex/multirow/multirow.sty)
(/usr/share/texmf-texlive/tex/latex/rotating/rotating.sty
(/usr/share/texmf-texlive/tex/latex/base/ifthen.sty))
(/usr/share/texmf-texlive/tex/latex/colortbl/colortbl.sty
(/usr/share/texmf-texlive/tex/latex/tools/array.sty)
(/usr/share/texmf-texlive/tex/latex/graphics/color.sty
(/etc/texmf/tex/latex/config/color.cfg)))
(/usr/share/texmf/tex/latex/xcolor/xcolor.sty
(/etc/texmf/tex/latex/config/color.cfg))
(/usr/share/texmf-texlive/tex/latex/listings/listings.sty
(/usr/share/texmf-texlive/tex/latex/listings/lstmisc.sty)
(/usr/share/texmf-texlive/tex/latex/listings/listings.cfg))
(/usr/share/texmf-texlive/tex/latex/tools/longtable.sty)
(/usr/share/texmf-texlive/tex/latex/changepage/chngpage.sty) (./src/cmd.tex
(./gpstk-user-reference.pipe) (./gpstk-user-reference.pipe)
(./gpstk-user-reference.frpl) (./gpstk-user-reference.pipe)
(./gpstk-user-reference.pipe) (./gpstk-user-reference.frpl)
(./gpstk-user-reference.pipe) (./gpstk-user-reference.pipe)
(./gpstk-user-reference.frpl))
Writing index file gpstk-user-reference.idx
(./gpstk-user-reference.aux (./notices.aux) (./introduction.aux) (./bu.aux)
(./ashconv.aux) (./ats2mdp.aux) (./bc2sp3.aux) (./CalcDOPs.aux) (./calgps.aux)
(./compSatStaVis.aux) (./ConstellationList.aux) (./daa.aux) (./DiscFix.aux)
(./DOPcalc.aux) (./ephdiff.aux) (./ephsum.aux) (./fic2rin.aux) (./FICcheck.aux)
(./ficconv.aux) (./ficdiff.aux) (./findMoreThan12.aux) (./IonoBias.aux)
(./mdpconv.aux) (./mdptool.aux) (./mergeFIC.aux) (./mergeRin.aux) (./navdmp.aux
) (./NavMerge.aux) (./navsum.aux) (./novaRinex.aux) (./poscvt.aux)
(./PRSolve.aux) (./ResCor.aux) (./reszilla.aux) (./RINcheck.aux) (./RINdiff.aux
) (./RinexDump.aux) (./RinNav.aux) (./RinEdit.aux) (./rinexpvt.aux)
(./RinSum.aux) (./Rin3Sum.aux) (./rtAshtech.aux) (./sp32bc.aux)
(./sp3version.aux) (./svvis.aux) (./TECMaps.aux) (./timeconvert.aux)
(./vecsol.aux) (./WhereSat.aux) (./bu.aux))
(/usr/share/texmf/tex/context/base/supp-pdf.mkii
[Loading MPS to PDF converter (version 2006.09.02).]
) (./titlepg.tex (./gpstk-user-reference.pipe) (./gpstk-user-reference.pipe)
(./gpstk-user-reference.frpl) [1{/var/lib/texmf/fonts/map/pdftex/updmap/pdftex.
map}]) (./notices.tex (/usr/share/texmf-texlive/tex/latex/base/omscmr.fd))
[2] (./bu.aux) (./gpstk-user-reference.toc [3] [4] [5] [6] [7]) [8]
(./introduction.tex
Overfull \hbox (2.40804pt too wide) in paragraph at lines 4--5
\OT1/cmr/m/n/10 as pos-si-ble. Plat-form in-de-pen-dence is achieved through us
e of the ANSI-standard
[1]) [2] [3] [4] (./gpsnutshell.tex (./bu.aux)
Chapter 1.
[5] (./bu1.aux)

LaTeX Warning: Citation `ion:gnss04' on page 6 undefined on input line 29.


LaTeX Warning: Citation `nga:website' on page 6 undefined on input line 29.


LaTeX Warning: Citation `igs:reference' on page 6 undefined on input line 29.


LaTeX Warning: Citation `argn:website' on page 6 undefined on input line 34.


LaTeX Warning: Citation `cddis:website' on page 6 undefined on input line 34.

[6] (./gpstk-user-reference.bbl

LaTeX Warning: Empty `thebibliography' environment on input line 3.

)
\bibdata{gpstk}
(./bu1.bbl

LaTeX Warning: Empty `thebibliography' environment on input line 3.

)) (./gpsfileforms.tex (./bu1.aux) (./bu.aux) [7] [8]
Chapter 2.
(./bu2.aux)

LaTeX Warning: Citation `sp3format:ngs' on page 9 undefined on input line 40.


LaTeX Warning: Citation `sp3format:igscb' on page 9 undefined on input line 40.


[9] (./bu2.bbl
Underfull \hbox (badness 10000) in paragraph at lines 9--12
[]\OT1/cmr/m/n/10 Werner G^^?urtner and Lou Estey.  \OT1/cmr/m/it/10 RINEX: The
 Re-

Underfull \hbox (badness 10000) in paragraph at lines 9--12
\OT1/cmr/m/it/10 ciever In-de-pen-dant Ex-change For-mat Ver-sion 2.11\OT1/cmr/
m/n/10 .

Underfull \hbox (badness 10000) in paragraph at lines 14--18
[]\OT1/cmr/m/n/10 Werner G^^?urtner and Lou Estey.  \OT1/cmr/m/it/10 RINEX: The
 Re-

Underfull \hbox (badness 10000) in paragraph at lines 14--18
\OT1/cmr/m/it/10 ciever In-de-pen-dant Ex-change For-mat Ver-sion 3.00\OT1/cmr/
m/n/10 .
)) (./convcoordtime.tex (./bu2.aux) (./bu.aux) [10]
Chapter 3.
(./bu3.aux) [11] [12] [13] [14] [15] [16] (./bu3.bbl [17])) [18] [19] [20]
(./toolkitportrait.tex
Overfull \hbox (2.63629pt too wide) in paragraph at lines 38--38
[]|[]|  

Overfull \hbox (4.38629pt too wide) in paragraph at lines 61--61
[]|[]|  

Overfull \hbox (4.38629pt too wide) in paragraph at lines 86--86
[]|[]|  

Overfull \hbox (2.63629pt too wide) in paragraph at lines 108--108
[]|[]|  

Overfull \hbox (90.13724pt too wide) in paragraph at lines 20--111
[][] 
) (./toolkitportrait2.tex
Overfull \vbox (9.50002pt too high) detected at line 16

Overfull \hbox (2.63629pt too wide) in paragraph at lines 22--22
[]|[]|  

Overfull \hbox (4.38629pt too wide) in paragraph at lines 47--47
[]|[]|  

Overfull \hbox (2.53627pt too wide) in paragraph at lines 58--58
[]|[]|  

Overfull \hbox (4.28627pt too wide) in paragraph at lines 74--74
[]|[]|  

Overfull \hbox (32.32103pt too wide) in paragraph at lines 4--77
[][] 
) (./sec2_2.tex [21] [22] (./ashconv.tex (./gpstk-user-reference.pipe)
(./gpstk-user-reference.pipe) (./gpstk-user-reference.frpl)
(./gpstk-user-reference.pipe) (./gpstk-user-reference.pipe)
(./gpstk-user-reference.frpl) (./gpstk-user-reference.pipe)
(./gpstk-user-reference.pipe) (./gpstk-user-reference.frpl)
(./gpstk-user-reference.pipe) (./gpstk-user-reference.pipe)
(./gpstk-user-reference.frpl) (./gpstk-user-reference.pipe)
(./gpstk-user-reference.pipe) (./gpstk-user-reference.frpl)
(./gpstk-user-reference.pipe) (./gpstk-user-reference.pipe)
(./gpstk-user-reference.frpl) (./gpstk-user-reference.pipe)
(./gpstk-user-reference.pipe) (./gpstk-user-reference.frpl)
(./gpstk-user-reference.pipe) (./gpstk-user-reference.pipe)
(./gpstk-user-reference.frpl) (./gpstk-user-reference.pipe)
(./gpstk-user-reference.pipe) (./gpstk-user-reference.frpl)
(./gpstk-user-reference.pipe) (./gpstk-user-reference.pipe)
(./gpstk-user-reference.frpl)) [23] (./ats2mdp.tex (./gpstk-user-reference.pipe
) (./gpstk-user-reference.pipe) (./gpstk-user-reference.frpl)
(./gpstk-user-reference.pipe) (./gpstk-user-reference.pipe)
(./gpstk-user-reference.frpl) (./gpstk-user-reference.pipe)
(./gpstk-user-reference.pipe) (./gpstk-user-reference.frpl)
(./gpstk-user-reference.pipe) (./gpstk-user-reference.pipe)
(./gpstk-user-reference.frpl) (./gpstk-user-reference.pipe)
(./gpstk-user-reference.pipe) (./gpstk-user-reference.frpl)
(./gpstk-user-reference.pipe) (./gpstk-user-reference.pipe)
(./gpstk-user-reference.frpl)) [24] (./bc2sp3.tex (./gpstk-user-reference.pipe)
(./gpstk-user-reference.pipe) (./gpstk-user-reference.frpl)
(./gpstk-user-reference.pipe) (./gpstk-user-reference.pipe)
(./gpstk-user-reference.frpl) (./gpstk-user-reference.pipe)
(./gpstk-user-reference.pipe) (./gpstk-user-reference.frpl)
(./gpstk-user-reference.pipe) (./gpstk-user-reference.pipe)
(./gpstk-user-reference.frpl) (./gpstk-user-reference.pipe)
(./gpstk-user-reference.pipe) (./gpstk-user-reference.frpl)
(./gpstk-user-reference.pipe) (./gpstk-user-reference.pipe)
(./gpstk-user-reference.frpl) (./gpstk-user-reference.pipe)
(./gpstk-user-reference.pipe) (./gpstk-user-reference.frpl)
(./gpstk-user-reference.pipe) (./gpstk-user-reference.pipe)
(./gpstk-user-reference.frpl) (./gpstk-user-reference.pipe)
(./gpstk-user-reference.pipe) (./gpstk-user-reference.frpl)) [25]
(./CalcDOPs.tex (./gpstk-user-reference.pipe) (./gpstk-user-reference.pipe)
(./gpstk-user-reference.frpl) (./gpstk-user-reference.pipe)
(./gpstk-user-reference.pipe) (./gpstk-user-reference.frpl)
(./gpstk-user-reference.pipe) (./gpstk-user-reference.pipe)
(./gpstk-user-reference.frpl) (./gpstk-user-reference.pipe)
(./gpstk-user-reference.pipe) (./gpstk-user-reference.frpl)
(./gpstk-user-reference.pipe) (./gpstk-user-reference.pipe)
(./gpstk-user-reference.frpl) (./gpstk-user-reference.pipe)
(./gpstk-user-reference.pipe) (./gpstk-user-reference.frpl)
(./gpstk-user-reference.pipe) (./gpstk-user-reference.pipe)
(./gpstk-user-reference.frpl) (./gpstk-user-reference.pipe)
(./gpstk-user-reference.pipe) (./gpstk-user-reference.frpl)
(./gpstk-user-reference.pipe) (./gpstk-user-reference.pipe)
(./gpstk-user-reference.frpl) (./gpstk-user-reference.pipe)
(./gpstk-user-reference.pipe) (./gpstk-user-reference.frpl)
(./gpstk-user-reference.pipe) (./gpstk-user-reference.pipe)
(./gpstk-user-reference.frpl) (./gpstk-user-reference.pipe)
(./gpstk-user-reference.pipe) (./gpstk-user-reference.frpl)
(./gpstk-user-reference.pipe) (./gpstk-user-reference.pipe)
(./gpstk-user-reference.frpl) (./gpstk-user-reference.pipe)
(./gpstk-user-reference.pipe) (./gpstk-user-reference.frpl)
(./gpstk-user-reference.pipe) (./gpstk-user-reference.pipe)
(./gpstk-user-reference.frpl) (./gpstk-user-reference.pipe)
(./gpstk-user-reference.pipe) (./gpstk-user-reference.frpl)
Underfull \vbox (badness 10000) has occurred while \output is active [26]
Overfull \hbox (9.47833pt too wide) in paragraph at lines 67--84
 [] 
) [27] (./calgps.tex
Overfull \hbox (51.05795pt too wide) in alignment at lines 20--34
 [] [] [] 
) [28] (./compSatStaVis.tex (./gpstk-user-reference.pipe)
(./gpstk-user-reference.pipe) (./gpstk-user-reference.frpl)
(./gpstk-user-reference.pipe) (./gpstk-user-reference.pipe)
(./gpstk-user-reference.frpl) (./gpstk-user-reference.pipe)
(./gpstk-user-reference.pipe) (./gpstk-user-reference.frpl)
(./gpstk-user-reference.pipe) (./gpstk-user-reference.pipe)
(./gpstk-user-reference.frpl) (./gpstk-user-reference.pipe)
(./gpstk-user-reference.pipe) (./gpstk-user-reference.frpl)
(./gpstk-user-reference.pipe) (./gpstk-user-reference.pipe)
(./gpstk-user-reference.frpl) (./gpstk-user-reference.pipe)
(./gpstk-user-reference.pipe) (./gpstk-user-reference.frpl)
(./gpstk-user-reference.pipe) (./gpstk-user-reference.pipe)
(./gpstk-user-reference.frpl) (./gpstk-user-reference.pipe)
(./gpstk-user-reference.pipe) (./gpstk-user-reference.frpl)
(./gpstk-user-reference.pipe) (./gpstk-user-reference.pipe)
(./gpstk-user-reference.frpl) (./gpstk-user-reference.pipe)
(./gpstk-user-reference.pipe) (./gpstk-user-reference.frpl)
(./gpstk-user-reference.pipe) (./gpstk-user-reference.pipe)
(./gpstk-user-reference.frpl) (./gpstk-user-reference.pipe)
(./gpstk-user-reference.pipe) (./gpstk-user-reference.frpl)
(./gpstk-user-reference.pipe) (./gpstk-user-reference.pipe)
(./gpstk-user-reference.frpl) (./gpstk-user-reference.pipe)
(./gpstk-user-reference.pipe) (./gpstk-user-reference.frpl)
(./gpstk-user-reference.pipe) (./gpstk-user-reference.pipe)
(./gpstk-user-reference.frpl) (./gpstk-user-reference.pipe)
(./gpstk-user-reference.pipe) (./gpstk-user-reference.frpl)
(./gpstk-user-reference.pipe) (./gpstk-user-reference.pipe)
(./gpstk-user-reference.frpl) [29]
Overfull \hbox (305.99432pt too wide) in paragraph at lines 60--60
[]\OT1/cmtt/m/n/10 user@host:~$ compSatVis -ovisout.txt -ncurrent.alm -tYUMA -c
stations.msc -e10 -p60 -s"01/13/2008 00:00" -z"01/16/2008 23:59"[] 

Overfull \hbox (305.99432pt too wide) in paragraph at lines 66--66
[]\OT1/cmtt/m/n/10 user@host:~$ compSatVis -ovisout.txt -ncurrent.alm -tYUMA -c
stations.msc -e10 -p60 -s"01/13/2008 00:00" -z"01/16/2008 23:59"[] 

Overfull \hbox (179.99542pt too wide) in paragraph at lines 72--72
[]\OT1/cmtt/m/n/10 user@host:~$ compSatVis -ovisout.txt -napc14622 -napc14623 -
napc14624 -tSP3 -cstations.msc -e10 -p60[] 
) [30] (./ConstellationList.tex (./gpstk-user-reference.pipe)
(./gpstk-user-reference.pipe) (./gpstk-user-reference.frpl)
(./gpstk-user-reference.pipe) (./gpstk-user-reference.pipe)
(./gpstk-user-reference.frpl) (./gpstk-user-reference.pipe)
(./gpstk-user-reference.pipe) (./gpstk-user-reference.frpl)
(./gpstk-user-reference.pipe) (./gpstk-user-reference.pipe)
(./gpstk-user-reference.frpl) (./gpstk-user-reference.pipe)
(./gpstk-user-reference.pipe) (./gpstk-user-reference.frpl)
(./gpstk-user-reference.pipe) (./gpstk-user-reference.pipe)
(./gpstk-user-reference.frpl) (./gpstk-user-reference.pipe)
(./gpstk-user-reference.pipe) (./gpstk-user-reference.frpl)
(./gpstk-user-reference.pipe) (./gpstk-user-reference.pipe)
(./gpstk-user-reference.frpl) (./gpstk-user-reference.pipe)
(./gpstk-user-reference.pipe) (./gpstk-user-reference.frpl)
(./gpstk-user-reference.pipe) (./gpstk-user-reference.pipe)
(./gpstk-user-reference.frpl) (./gpstk-user-reference.pipe)
(./gpstk-user-reference.pipe) (./gpstk-user-reference.frpl)
(./gpstk-user-reference.pipe) (./gpstk-user-reference.pipe)
(./gpstk-user-reference.frpl) (./gpstk-user-reference.pipe)
(./gpstk-user-reference.pipe) (./gpstk-user-reference.frpl)
Overfull \hbox (29.00537pt too wide) in paragraph at lines 50--50
[]\OT1/cmtt/m/n/8 2, 3, 4, 6, 8, 9, 10, 11, 12, 13, 14, 15, 16, 17, 18, 19, 20,
 21, 22, 23, 27, 28, 30, 31[] 

Overfull \hbox (54.50574pt too wide) in paragraph at lines 50--50
[]\OT1/cmtt/m/n/8 61, 33, 34, 36, 38, 39, 40, 46, 58, 43, 41, 55, 56, 53, 54, 5
9, 51, 45, 47, 60, 27, 44, 30, 52[] 
[31]) [32] (./daa.tex (./gpstk-user-reference.pipe)
(./gpstk-user-reference.pipe) (./gpstk-user-reference.frpl)
(./gpstk-user-reference.pipe) (./gpstk-user-reference.pipe)
(./gpstk-user-reference.frpl) (./gpstk-user-reference.pipe)
(./gpstk-user-reference.pipe) (./gpstk-user-reference.frpl
Overfull \vbox (9.50006pt too high) detected at line 1
) (./gpstk-user-reference.pipe) (./gpstk-user-reference.pipe)
(./gpstk-user-reference.frpl) (./gpstk-user-reference.pipe)
(./gpstk-user-reference.pipe) (./gpstk-user-reference.frpl)
(./gpstk-user-reference.pipe) (./gpstk-user-reference.pipe)
(./gpstk-user-reference.frpl) (./gpstk-user-reference.pipe)
(./gpstk-user-reference.pipe) (./gpstk-user-reference.frpl)
(./gpstk-user-reference.pipe) (./gpstk-user-reference.pipe)
(./gpstk-user-reference.frpl) (./gpstk-user-reference.pipe)
(./gpstk-user-reference.pipe) (./gpstk-user-reference.frpl)
(./gpstk-user-reference.pipe) (./gpstk-user-reference.pipe)
(./gpstk-user-reference.frpl) (./gpstk-user-reference.pipe)
(./gpstk-user-reference.pipe) (./gpstk-user-reference.frpl)
(./gpstk-user-reference.pipe) (./gpstk-user-reference.pipe)
(./gpstk-user-reference.frpl) (./gpstk-user-reference.pipe)
(./gpstk-user-reference.pipe) (./gpstk-user-reference.frpl)
(./gpstk-user-reference.pipe) (./gpstk-user-reference.pipe)
(./gpstk-user-reference.frpl) (./gpstk-user-reference.pipe)
(./gpstk-user-reference.pipe) (./gpstk-user-reference.frpl)
(./gpstk-user-reference.pipe) (./gpstk-user-reference.pipe)
(./gpstk-user-reference.frpl) (./gpstk-user-reference.pipe)
(./gpstk-user-reference.pipe) (./gpstk-user-reference.frpl)
(./gpstk-user-reference.pipe) (./gpstk-user-reference.pipe)
(./gpstk-user-reference.frpl) (./gpstk-user-reference.pipe)
(./gpstk-user-reference.pipe) (./gpstk-user-reference.frpl)
(./gpstk-user-reference.pipe) (./gpstk-user-reference.pipe)
(./gpstk-user-reference.frpl) (./gpstk-user-reference.pipe)
(./gpstk-user-reference.pipe) (./gpstk-user-reference.frpl)
(./gpstk-user-reference.pipe) (./gpstk-user-reference.pipe)
(./gpstk-user-reference.frpl) (./gpstk-user-reference.pipe)
(./gpstk-user-reference.pipe) (./gpstk-user-reference.frpl)
(./gpstk-user-reference.pipe) (./gpstk-user-reference.pipe)
(./gpstk-user-reference.frpl) [33]) [34] (./DiscFix.tex
(./gpstk-user-reference.pipe) (./gpstk-user-reference.pipe)
(./gpstk-user-reference.frpl) (./gpstk-user-reference.pipe)
(./gpstk-user-reference.pipe) (./gpstk-user-reference.frpl)
(./gpstk-user-reference.pipe) (./gpstk-user-reference.pipe)
(./gpstk-user-reference.frpl) (./gpstk-user-reference.pipe)
(./gpstk-user-reference.pipe) (./gpstk-user-reference.frpl)
(./gpstk-user-reference.pipe) (./gpstk-user-reference.pipe)
(./gpstk-user-reference.frpl) (./gpstk-user-reference.pipe)
(./gpstk-user-reference.pipe) (./gpstk-user-reference.frpl)
(./gpstk-user-reference.pipe) (./gpstk-user-reference.pipe)
(./gpstk-user-reference.frpl) (./gpstk-user-reference.pipe)
(./gpstk-user-reference.pipe) (./gpstk-user-reference.frpl)
(./gpstk-user-reference.pipe) (./gpstk-user-reference.pipe)
(./gpstk-user-reference.frpl) (./gpstk-user-reference.pipe)
(./gpstk-user-reference.pipe) (./gpstk-user-reference.frpl)
(./gpstk-user-reference.pipe) (./gpstk-user-reference.pipe)
(./gpstk-user-reference.frpl) (./gpstk-user-reference.pipe)
(./gpstk-user-reference.pipe) (./gpstk-user-reference.frpl)
(./gpstk-user-reference.pipe) (./gpstk-user-reference.pipe)
(./gpstk-user-reference.frpl) (./gpstk-user-reference.pipe)
(./gpstk-user-reference.pipe) (./gpstk-user-reference.frpl)
(./gpstk-user-reference.pipe) (./gpstk-user-reference.pipe)
(./gpstk-user-reference.frpl) (./gpstk-user-reference.pipe)
(./gpstk-user-reference.pipe) (./gpstk-user-reference.frpl)
(./gpstk-user-reference.pipe) (./gpstk-user-reference.pipe)
(./gpstk-user-reference.frpl) (./gpstk-user-reference.pipe)
(./gpstk-user-reference.pipe) (./gpstk-user-reference.frpl)
(./gpstk-user-reference.pipe) (./gpstk-user-reference.pipe)
(./gpstk-user-reference.frpl) (./gpstk-user-reference.pipe)
(./gpstk-user-reference.pipe) (./gpstk-user-reference.frpl)
(./gpstk-user-reference.pipe) (./gpstk-user-reference.pipe)
(./gpstk-user-reference.frpl) (./gpstk-user-reference.pipe)
(./gpstk-user-reference.pipe) (./gpstk-user-reference.frpl)
(./gpstk-user-reference.pipe) (./gpstk-user-reference.pipe)
(./gpstk-user-reference.frpl) (./gpstk-user-reference.pipe)
(./gpstk-user-reference.pipe) (./gpstk-user-reference.frpl)
(./gpstk-user-reference.pipe) (./gpstk-user-reference.pipe)
(./gpstk-user-reference.frpl) (./gpstk-user-reference.pipe)
(./gpstk-user-reference.pipe) (./gpstk-user-reference.frpl)
(./gpstk-user-reference.pipe) (./gpstk-user-reference.pipe)
(./gpstk-user-reference.frpl) (./gpstk-user-reference.pipe)
(./gpstk-user-reference.pipe) (./gpstk-user-reference.frpl) [35]) [36]
(./DOPcalc.tex (./gpstk-user-reference.pipe) (./gpstk-user-reference.pipe)
(./gpstk-user-reference.frpl) (./gpstk-user-reference.pipe)
(./gpstk-user-reference.pipe) (./gpstk-user-reference.frpl)
(./gpstk-user-reference.pipe) (./gpstk-user-reference.pipe)
(./gpstk-user-reference.frpl
Overfull \vbox (9.50006pt too high) detected at line 1
) (./gpstk-user-reference.pipe) (./gpstk-user-reference.pipe)
(./gpstk-user-reference.frpl) (./gpstk-user-reference.pipe)
(./gpstk-user-reference.pipe) (./gpstk-user-reference.frpl)
(./gpstk-user-reference.pipe) (./gpstk-user-reference.pipe)
(./gpstk-user-reference.frpl) (./gpstk-user-reference.pipe)
(./gpstk-user-reference.pipe) (./gpstk-user-reference.frpl)
(./gpstk-user-reference.pipe) (./gpstk-user-reference.pipe)
(./gpstk-user-reference.frpl) (./gpstk-user-reference.pipe)
(./gpstk-user-reference.pipe) (./gpstk-user-reference.frpl)
(./gpstk-user-reference.pipe) (./gpstk-user-reference.pipe)
(./gpstk-user-reference.frpl) (./gpstk-user-reference.pipe)
(./gpstk-user-reference.pipe) (./gpstk-user-reference.frpl)) [37]
(./ephdiff.tex (./gpstk-user-reference.pipe) (./gpstk-user-reference.pipe)
(./gpstk-user-reference.frpl) (./gpstk-user-reference.pipe)
(./gpstk-user-reference.pipe) (./gpstk-user-reference.frpl)
(./gpstk-user-reference.pipe) (./gpstk-user-reference.pipe)
(./gpstk-user-reference.frpl) (./gpstk-user-reference.pipe)
(./gpstk-user-reference.pipe) (./gpstk-user-reference.frpl)
(./gpstk-user-reference.pipe) (./gpstk-user-reference.pipe)
(./gpstk-user-reference.frpl) (./gpstk-user-reference.pipe)
(./gpstk-user-reference.pipe) (./gpstk-user-reference.frpl)) [38] (./ephsum.tex
(./gpstk-user-reference.pipe) (./gpstk-user-reference.pipe)
(./gpstk-user-reference.frpl) (./gpstk-user-reference.pipe)
(./gpstk-user-reference.pipe) (./gpstk-user-reference.frpl)
(./gpstk-user-reference.pipe) (./gpstk-user-reference.pipe)
(./gpstk-user-reference.frpl) (./gpstk-user-reference.pipe)
(./gpstk-user-reference.pipe) (./gpstk-user-reference.frpl)
(./gpstk-user-reference.pipe) (./gpstk-user-reference.pipe)
(./gpstk-user-reference.frpl) (./gpstk-user-reference.pipe)
(./gpstk-user-reference.pipe) (./gpstk-user-reference.frpl)
(./gpstk-user-reference.pipe) (./gpstk-user-reference.pipe)
(./gpstk-user-reference.frpl) (./gpstk-user-reference.pipe)
(./gpstk-user-reference.pipe) (./gpstk-user-reference.frpl)
(./gpstk-user-reference.pipe) (./gpstk-user-reference.pipe)
(./gpstk-user-reference.frpl) [39]) [40] (./fic2rin.tex
(./gpstk-user-reference.pipe) (./gpstk-user-reference.pipe)
(./gpstk-user-reference.frpl)) [41] (./FICcheck.tex
(./gpstk-user-reference.pipe) (./gpstk-user-reference.pipe)
(./gpstk-user-reference.frpl) (./gpstk-user-reference.pipe)
(./gpstk-user-reference.pipe) (./gpstk-user-reference.frpl)
(./gpstk-user-reference.pipe) (./gpstk-user-reference.pipe)
(./gpstk-user-reference.frpl) (./gpstk-user-reference.pipe)
(./gpstk-user-reference.pipe) (./gpstk-user-reference.frpl)
(./gpstk-user-reference.pipe) (./gpstk-user-reference.pipe)
(./gpstk-user-reference.frpl) (./gpstk-user-reference.pipe)
(./gpstk-user-reference.pipe) (./gpstk-user-reference.frpl)) [42]
(./ficconv.tex (./gpstk-user-reference.pipe) (./gpstk-user-reference.pipe)
(./gpstk-user-reference.frpl)) [43] (./ficdiff.tex (./gpstk-user-reference.pipe
) (./gpstk-user-reference.pipe) (./gpstk-user-reference.frpl)
(./gpstk-user-reference.pipe) (./gpstk-user-reference.pipe)
(./gpstk-user-reference.frpl) (./gpstk-user-reference.pipe)
(./gpstk-user-reference.pipe) (./gpstk-user-reference.frpl)
(./gpstk-user-reference.pipe) (./gpstk-user-reference.pipe)
(./gpstk-user-reference.frpl) (./gpstk-user-reference.pipe)
(./gpstk-user-reference.pipe) (./gpstk-user-reference.frpl)
(./gpstk-user-reference.pipe) (./gpstk-user-reference.pipe)
(./gpstk-user-reference.frpl)) [44] (./findMoreThan12.tex
(./gpstk-user-reference.pipe) (./gpstk-user-reference.pipe)
(./gpstk-user-reference.frpl) (./gpstk-user-reference.pipe)
(./gpstk-user-reference.pipe) (./gpstk-user-reference.frpl)
(./gpstk-user-reference.pipe) (./gpstk-user-reference.pipe)
(./gpstk-user-reference.frpl
Overfull \vbox (12.0pt too high) detected at line 1
) (./gpstk-user-reference.pipe) (./gpstk-user-reference.pipe)
(./gpstk-user-reference.frpl
Overfull \vbox (12.0pt too high) detected at line 1
) (./gpstk-user-reference.pipe) (./gpstk-user-reference.pipe)
(./gpstk-user-reference.frpl) (./gpstk-user-reference.pipe)
(./gpstk-user-reference.pipe) (./gpstk-user-reference.frpl)
(./gpstk-user-reference.pipe) (./gpstk-user-reference.pipe)
(./gpstk-user-reference.frpl)) [45] (./IonoBias.tex
(./gpstk-user-reference.pipe) (./gpstk-user-reference.pipe)
(./gpstk-user-reference.frpl) (./gpstk-user-reference.pipe)
(./gpstk-user-reference.pipe) (./gpstk-user-reference.frpl)
(./gpstk-user-reference.pipe) (./gpstk-user-reference.pipe)
(./gpstk-user-reference.frpl) (./gpstk-user-reference.pipe)
(./gpstk-user-reference.pipe) (./gpstk-user-reference.frpl)
(./gpstk-user-reference.pipe) (./gpstk-user-reference.pipe)
(./gpstk-user-reference.frpl) (./gpstk-user-reference.pipe)
(./gpstk-user-reference.pipe) (./gpstk-user-reference.frpl)
(./gpstk-user-reference.pipe) (./gpstk-user-reference.pipe)
(./gpstk-user-reference.frpl) (./gpstk-user-reference.pipe)
(./gpstk-user-reference.pipe) (./gpstk-user-reference.frpl)
(./gpstk-user-reference.pipe) (./gpstk-user-reference.pipe)
(./gpstk-user-reference.frpl) (./gpstk-user-reference.pipe)
(./gpstk-user-reference.pipe) (./gpstk-user-reference.frpl)
(./gpstk-user-reference.pipe) (./gpstk-user-reference.pipe)
(./gpstk-user-reference.frpl) (./gpstk-user-reference.pipe)
(./gpstk-user-reference.pipe) (./gpstk-user-reference.frpl)
(./gpstk-user-reference.pipe) (./gpstk-user-reference.pipe)
(./gpstk-user-reference.frpl) (./gpstk-user-reference.pipe)
(./gpstk-user-reference.pipe) (./gpstk-user-reference.frpl)
(./gpstk-user-reference.pipe) (./gpstk-user-reference.pipe)
(./gpstk-user-reference.frpl) (./gpstk-user-reference.pipe)
(./gpstk-user-reference.pipe) (./gpstk-user-reference.frpl)
(./gpstk-user-reference.pipe) (./gpstk-user-reference.pipe)
(./gpstk-user-reference.frpl) (./gpstk-user-reference.pipe)
(./gpstk-user-reference.pipe) (./gpstk-user-reference.frpl)
(./gpstk-user-reference.pipe) (./gpstk-user-reference.pipe)
(./gpstk-user-reference.frpl) (./gpstk-user-reference.pipe)
(./gpstk-user-reference.pipe) (./gpstk-user-reference.frpl)
(./gpstk-user-reference.pipe) (./gpstk-user-reference.pipe)
(./gpstk-user-reference.frpl) (./gpstk-user-reference.pipe)
(./gpstk-user-reference.pipe) (./gpstk-user-reference.frpl)
(./gpstk-user-reference.pipe) (./gpstk-user-reference.pipe)
(./gpstk-user-reference.frpl) (./gpstk-user-reference.pipe)
(./gpstk-user-reference.pipe) (./gpstk-user-reference.frpl)
(./gpstk-user-reference.pipe) (./gpstk-user-reference.pipe)
(./gpstk-user-reference.frpl) (./gpstk-user-reference.pipe)
(./gpstk-user-reference.pipe) (./gpstk-user-reference.frpl)
(./gpstk-user-reference.pipe) (./gpstk-user-reference.pipe)
(./gpstk-user-reference.frpl) (./gpstk-user-reference.pipe)
(./gpstk-user-reference.pipe) (./gpstk-user-reference.frpl)
(./gpstk-user-reference.pipe) (./gpstk-user-reference.pipe)
(./gpstk-user-reference.frpl) (./gpstk-user-reference.pipe)
(./gpstk-user-reference.pipe) (./gpstk-user-reference.frpl)
(./gpstk-user-reference.pipe) (./gpstk-user-reference.pipe)
(./gpstk-user-reference.frpl) (./gpstk-user-reference.pipe)
(./gpstk-user-reference.pipe) (./gpstk-user-reference.frpl)
(./gpstk-user-reference.pipe) (./gpstk-user-reference.pipe)
(./gpstk-user-reference.frpl) (./gpstk-user-reference.pipe)
(./gpstk-user-reference.pipe) (./gpstk-user-reference.frpl)
(./gpstk-user-reference.pipe) (./gpstk-user-reference.pipe)
(./gpstk-user-reference.frpl) (./gpstk-user-reference.pipe)
(./gpstk-user-reference.pipe) (./gpstk-user-reference.frpl)
(./gpstk-user-reference.pipe) (./gpstk-user-reference.pipe)
(./gpstk-user-reference.frpl) [46]
Overfull \hbox (37.5055pt too wide) in paragraph at lines 78--79
[][][][][][][][][][][][][][][][][][][][][][][][][][][][][] 

Overfull \hbox (63.00586pt too wide) in paragraph at lines 79--80
[][][][][][][][][][][][][][][][][][][][][][][][][][][][][][][][][][][] 
) [47] (./mdpconv.tex (./gpstk-user-reference.pipe)
(./gpstk-user-reference.pipe) (./gpstk-user-reference.frpl)
(./gpstk-user-reference.pipe) (./gpstk-user-reference.pipe)
(./gpstk-user-reference.frpl) (./gpstk-user-reference.pipe)
(./gpstk-user-reference.pipe) (./gpstk-user-reference.frpl)
(./gpstk-user-reference.pipe) (./gpstk-user-reference.pipe)
(./gpstk-user-reference.frpl) (./gpstk-user-reference.pipe)
(./gpstk-user-reference.pipe) (./gpstk-user-reference.frpl)
(./gpstk-user-reference.pipe) (./gpstk-user-reference.pipe)
(./gpstk-user-reference.frpl) (./gpstk-user-reference.pipe)
(./gpstk-user-reference.pipe) (./gpstk-user-reference.frpl)
(./gpstk-user-reference.pipe) (./gpstk-user-reference.pipe)
(./gpstk-user-reference.frpl) (./gpstk-user-reference.pipe)
(./gpstk-user-reference.pipe) (./gpstk-user-reference.frpl)
(./gpstk-user-reference.pipe) (./gpstk-user-reference.pipe)
(./gpstk-user-reference.frpl) (./gpstk-user-reference.pipe)
(./gpstk-user-reference.pipe) (./gpstk-user-reference.frpl)
(./gpstk-user-reference.pipe) (./gpstk-user-reference.pipe)
(./gpstk-user-reference.frpl) (./gpstk-user-reference.pipe)
(./gpstk-user-reference.pipe) (./gpstk-user-reference.frpl)
(./gpstk-user-reference.pipe) (./gpstk-user-reference.pipe)
(./gpstk-user-reference.frpl) (./gpstk-user-reference.pipe)
(./gpstk-user-reference.pipe) (./gpstk-user-reference.frpl)
(./gpstk-user-reference.pipe) (./gpstk-user-reference.pipe)
(./gpstk-user-reference.frpl) (./gpstk-user-reference.pipe)
(./gpstk-user-reference.pipe) (./gpstk-user-reference.frpl)
(./gpstk-user-reference.pipe) (./gpstk-user-reference.pipe)
(./gpstk-user-reference.frpl) (./gpstk-user-reference.pipe)
(./gpstk-user-reference.pipe) (./gpstk-user-reference.frpl)
(./gpstk-user-reference.pipe) (./gpstk-user-reference.pipe)
(./gpstk-user-reference.frpl)) [48] (./mdptool.tex (./gpstk-user-reference.pipe
) (./gpstk-user-reference.pipe) (./gpstk-user-reference.frpl)
(./gpstk-user-reference.pipe) (./gpstk-user-reference.pipe)
(./gpstk-user-reference.frpl) (./gpstk-user-reference.pipe)
(./gpstk-user-reference.pipe) (./gpstk-user-reference.frpl)
(./gpstk-user-reference.pipe) (./gpstk-user-reference.pipe)
(./gpstk-user-reference.frpl) (./gpstk-user-reference.pipe)
(./gpstk-user-reference.pipe) (./gpstk-user-reference.frpl)
(./gpstk-user-reference.pipe) (./gpstk-user-reference.pipe)
(./gpstk-user-reference.frpl) (./gpstk-user-reference.pipe)
(./gpstk-user-reference.pipe) (./gpstk-user-reference.frpl)
(./gpstk-user-reference.pipe) (./gpstk-user-reference.pipe)
(./gpstk-user-reference.frpl) (./gpstk-user-reference.pipe)
(./gpstk-user-reference.pipe) (./gpstk-user-reference.frpl)
(./gpstk-user-reference.pipe) (./gpstk-user-reference.pipe)
(./gpstk-user-reference.frpl) (./gpstk-user-reference.pipe)
(./gpstk-user-reference.pipe) (./gpstk-user-reference.frpl)
(./gpstk-user-reference.pipe) (./gpstk-user-reference.pipe)
(./gpstk-user-reference.frpl) (./gpstk-user-reference.pipe)
(./gpstk-user-reference.pipe) (./gpstk-user-reference.frpl)
(./gpstk-user-reference.pipe) (./gpstk-user-reference.pipe)
(./gpstk-user-reference.frpl) (./gpstk-user-reference.pipe)
(./gpstk-user-reference.pipe) (./gpstk-user-reference.frpl)
(./gpstk-user-reference.pipe) (./gpstk-user-reference.pipe)
(./gpstk-user-reference.frpl) (./gpstk-user-reference.pipe)
(./gpstk-user-reference.pipe) (./gpstk-user-reference.frpl)
(./gpstk-user-reference.pipe) (./gpstk-user-reference.pipe)
(./gpstk-user-reference.frpl) (./gpstk-user-reference.pipe)
(./gpstk-user-reference.pipe) (./gpstk-user-reference.frpl)
(./gpstk-user-reference.pipe) (./gpstk-user-reference.pipe)
(./gpstk-user-reference.frpl) (./gpstk-user-reference.pipe)
(./gpstk-user-reference.pipe) (./gpstk-user-reference.frpl)
(./gpstk-user-reference.pipe) (./gpstk-user-reference.pipe)
(./gpstk-user-reference.frpl)
Underfull \vbox (badness 10000) has occurred while \output is active [49])
[50] (./mergeFIC.tex (./gpstk-user-reference.pipe) (./gpstk-user-reference.pipe
) (./gpstk-user-reference.frpl) (./gpstk-user-reference.pipe)
(./gpstk-user-reference.pipe) (./gpstk-user-reference.frpl)
(./gpstk-user-reference.pipe) (./gpstk-user-reference.pipe)
(./gpstk-user-reference.frpl
Overfull \vbox (9.50002pt too high) detected at line 1
) (./gpstk-user-reference.pipe) (./gpstk-user-reference.pipe)
(./gpstk-user-reference.frpl) (./gpstk-user-reference.pipe)
(./gpstk-user-reference.pipe) (./gpstk-user-reference.frpl)
(./gpstk-user-reference.pipe) (./gpstk-user-reference.pipe)
(./gpstk-user-reference.frpl) (./gpstk-user-reference.pipe)
(./gpstk-user-reference.pipe) (./gpstk-user-reference.frpl)) [51]
(./mergeRin.tex
Overfull \hbox (2.85277pt too wide) in paragraph at lines 14--14
[]\OT1/cmr/bx/it/14.4 mergeRinObs merg-eRin-Nav merg-eR-in-Met 
(./gpstk-user-reference.pipe) (./gpstk-user-reference.pipe)
(./gpstk-user-reference.frpl) (./gpstk-user-reference.pipe)
(./gpstk-user-reference.pipe) (./gpstk-user-reference.frpl)
(./gpstk-user-reference.pipe) (./gpstk-user-reference.pipe)
(./gpstk-user-reference.frpl
Overfull \vbox (9.50002pt too high) detected at line 1
) (./gpstk-user-reference.pipe) (./gpstk-user-reference.pipe)
(./gpstk-user-reference.frpl) (./gpstk-user-reference.pipe)
(./gpstk-user-reference.pipe) (./gpstk-user-reference.frpl)
(./gpstk-user-reference.pipe) (./gpstk-user-reference.pipe)
(./gpstk-user-reference.frpl) (./gpstk-user-reference.pipe)
(./gpstk-user-reference.pipe) (./gpstk-user-reference.frpl)) [52] (./navdmp.tex
(./gpstk-user-reference.pipe) (./gpstk-user-reference.pipe)
(./gpstk-user-reference.frpl) (./gpstk-user-reference.pipe)
(./gpstk-user-reference.pipe) (./gpstk-user-reference.frpl)
(./gpstk-user-reference.pipe) (./gpstk-user-reference.pipe)
(./gpstk-user-reference.frpl) (./gpstk-user-reference.pipe)
(./gpstk-user-reference.pipe) (./gpstk-user-reference.frpl)
(./gpstk-user-reference.pipe) (./gpstk-user-reference.pipe)
(./gpstk-user-reference.frpl) (./gpstk-user-reference.pipe)
(./gpstk-user-reference.pipe) (./gpstk-user-reference.frpl)
(./gpstk-user-reference.pipe) (./gpstk-user-reference.pipe)
(./gpstk-user-reference.frpl) (./gpstk-user-reference.pipe)
(./gpstk-user-reference.pipe) (./gpstk-user-reference.frpl)
(./gpstk-user-reference.pipe) (./gpstk-user-reference.pipe)
(./gpstk-user-reference.frpl) (./gpstk-user-reference.pipe)
(./gpstk-user-reference.pipe) (./gpstk-user-reference.frpl)
(./gpstk-user-reference.pipe) (./gpstk-user-reference.pipe)
(./gpstk-user-reference.frpl) (./gpstk-user-reference.pipe)
(./gpstk-user-reference.pipe) (./gpstk-user-reference.frpl)
(./gpstk-user-reference.pipe) (./gpstk-user-reference.pipe)
(./gpstk-user-reference.frpl) [53]) [54] (./NavMerge.tex
(./gpstk-user-reference.pipe) (./gpstk-user-reference.pipe)
(./gpstk-user-reference.frpl) (./gpstk-user-reference.pipe)
(./gpstk-user-reference.pipe) (./gpstk-user-reference.frpl)
(./gpstk-user-reference.pipe) (./gpstk-user-reference.pipe)
(./gpstk-user-reference.frpl) (./gpstk-user-reference.pipe)
(./gpstk-user-reference.pipe) (./gpstk-user-reference.frpl)) [55] (./navsum.tex
(./gpstk-user-reference.pipe) (./gpstk-user-reference.pipe)
(./gpstk-user-reference.frpl) (./gpstk-user-reference.pipe)
(./gpstk-user-reference.pipe) (./gpstk-user-reference.frpl)
(./gpstk-user-reference.pipe) (./gpstk-user-reference.pipe)
(./gpstk-user-reference.frpl) (./gpstk-user-reference.pipe)
(./gpstk-user-reference.pipe) (./gpstk-user-reference.frpl)
(./gpstk-user-reference.pipe) (./gpstk-user-reference.pipe)
(./gpstk-user-reference.frpl) (./gpstk-user-reference.pipe)
(./gpstk-user-reference.pipe) (./gpstk-user-reference.frpl)
(./gpstk-user-reference.pipe) (./gpstk-user-reference.pipe)
(./gpstk-user-reference.frpl) (./gpstk-user-reference.pipe)
(./gpstk-user-reference.pipe) (./gpstk-user-reference.frpl)
(./gpstk-user-reference.pipe) (./gpstk-user-reference.pipe)
(./gpstk-user-reference.frpl) (./gpstk-user-reference.pipe)
(./gpstk-user-reference.pipe) (./gpstk-user-reference.frpl)
(./gpstk-user-reference.pipe) (./gpstk-user-reference.pipe)
(./gpstk-user-reference.frpl) (./gpstk-user-reference.pipe)
(./gpstk-user-reference.pipe) (./gpstk-user-reference.frpl)
(./gpstk-user-reference.pipe) (./gpstk-user-reference.pipe)
(./gpstk-user-reference.frpl) [56]) [57] (./novaRinex.tex
(./gpstk-user-reference.pipe) (./gpstk-user-reference.pipe)
(./gpstk-user-reference.frpl) (./gpstk-user-reference.pipe)
(./gpstk-user-reference.pipe) (./gpstk-user-reference.frpl)
(./gpstk-user-reference.pipe) (./gpstk-user-reference.pipe)
(./gpstk-user-reference.frpl) (./gpstk-user-reference.pipe)
(./gpstk-user-reference.pipe) (./gpstk-user-reference.frpl)
(./gpstk-user-reference.pipe) (./gpstk-user-reference.pipe)
(./gpstk-user-reference.frpl) (./gpstk-user-reference.pipe)
(./gpstk-user-reference.pipe) (./gpstk-user-reference.frpl)
(./gpstk-user-reference.pipe) (./gpstk-user-reference.pipe)
(./gpstk-user-reference.frpl) (./gpstk-user-reference.pipe)
(./gpstk-user-reference.pipe) (./gpstk-user-reference.frpl)
(./gpstk-user-reference.pipe) (./gpstk-user-reference.pipe)
(./gpstk-user-reference.frpl) (./gpstk-user-reference.pipe)
(./gpstk-user-reference.pipe) (./gpstk-user-reference.frpl)
(./gpstk-user-reference.pipe) (./gpstk-user-reference.pipe)
(./gpstk-user-reference.frpl) (./gpstk-user-reference.pipe)
(./gpstk-user-reference.pipe) (./gpstk-user-reference.frpl)
(./gpstk-user-reference.pipe) (./gpstk-user-reference.pipe)
(./gpstk-user-reference.frpl) (./gpstk-user-reference.pipe)
(./gpstk-user-reference.pipe) (./gpstk-user-reference.frpl)
(./gpstk-user-reference.pipe) (./gpstk-user-reference.pipe)
(./gpstk-user-reference.frpl) (./gpstk-user-reference.pipe)
(./gpstk-user-reference.pipe) (./gpstk-user-reference.frpl)
(./gpstk-user-reference.pipe) (./gpstk-user-reference.pipe)
(./gpstk-user-reference.frpl) (./gpstk-user-reference.pipe)
(./gpstk-user-reference.pipe) (./gpstk-user-reference.frpl)
(./gpstk-user-reference.pipe) (./gpstk-user-reference.pipe)
(./gpstk-user-reference.frpl) (./gpstk-user-reference.pipe)
(./gpstk-user-reference.pipe) (./gpstk-user-reference.frpl)
(./gpstk-user-reference.pipe) (./gpstk-user-reference.pipe)
(./gpstk-user-reference.frpl) (./gpstk-user-reference.pipe)
(./gpstk-user-reference.pipe) (./gpstk-user-reference.frpl)
(./gpstk-user-reference.pipe) (./gpstk-user-reference.pipe)
(./gpstk-user-reference.frpl) (./gpstk-user-reference.pipe)
(./gpstk-user-reference.pipe) (./gpstk-user-reference.frpl)
(./gpstk-user-reference.pipe) (./gpstk-user-reference.pipe)
(./gpstk-user-reference.frpl) (./gpstk-user-reference.pipe)
(./gpstk-user-reference.pipe) (./gpstk-user-reference.frpl)
(./gpstk-user-reference.pipe) (./gpstk-user-reference.pipe)
(./gpstk-user-reference.frpl) (./gpstk-user-reference.pipe)
(./gpstk-user-reference.pipe) (./gpstk-user-reference.frpl)
(./gpstk-user-reference.pipe) (./gpstk-user-reference.pipe)
(./gpstk-user-reference.frpl) (./gpstk-user-reference.pipe)
(./gpstk-user-reference.pipe) (./gpstk-user-reference.frpl)
(./gpstk-user-reference.pipe) (./gpstk-user-reference.pipe)
(./gpstk-user-reference.frpl) (./gpstk-user-reference.pipe)
(./gpstk-user-reference.pipe) (./gpstk-user-reference.frpl)
(./gpstk-user-reference.pipe) (./gpstk-user-reference.pipe)
(./gpstk-user-reference.frpl) [58]) [59] (./poscvt.tex
(./gpstk-user-reference.pipe) (./gpstk-user-reference.pipe)
(./gpstk-user-reference.frpl) (./gpstk-user-reference.pipe)
(./gpstk-user-reference.pipe) (./gpstk-user-reference.frpl)
(./gpstk-user-reference.pipe) (./gpstk-user-reference.pipe)
(./gpstk-user-reference.frpl) (./gpstk-user-reference.pipe)
(./gpstk-user-reference.pipe) (./gpstk-user-reference.frpl)
(./gpstk-user-reference.pipe) (./gpstk-user-reference.pipe)
(./gpstk-user-reference.frpl) (./gpstk-user-reference.pipe)
(./gpstk-user-reference.pipe) (./gpstk-user-reference.frpl)
(./gpstk-user-reference.pipe) (./gpstk-user-reference.pipe)
(./gpstk-user-reference.frpl) (./gpstk-user-reference.pipe)
(./gpstk-user-reference.pipe) (./gpstk-user-reference.frpl)
(./gpstk-user-reference.pipe) (./gpstk-user-reference.pipe)
(./gpstk-user-reference.frpl) (./gpstk-user-reference.pipe)
(./gpstk-user-reference.pipe) (./gpstk-user-reference.frpl)
Overfull \hbox (1.63936pt too wide) in alignment at lines 20--33
 [] [] [] 
) [60] (./PRSolve.tex (./gpstk-user-reference.pipe)
(./gpstk-user-reference.pipe) (./gpstk-user-reference.frpl)
(./gpstk-user-reference.pipe) (./gpstk-user-reference.pipe)
(./gpstk-user-reference.frpl) (./gpstk-user-reference.pipe)
(./gpstk-user-reference.pipe) (./gpstk-user-reference.frpl
Overfull \vbox (9.5pt too high) detected at line 1
) (./gpstk-user-reference.pipe) (./gpstk-user-reference.pipe)
(./gpstk-user-reference.frpl) (./gpstk-user-reference.pipe)
(./gpstk-user-reference.pipe) (./gpstk-user-reference.frpl)
(./gpstk-user-reference.pipe) (./gpstk-user-reference.pipe)
(./gpstk-user-reference.frpl) (./gpstk-user-reference.pipe)
(./gpstk-user-reference.pipe) (./gpstk-user-reference.frpl)
(./gpstk-user-reference.pipe) (./gpstk-user-reference.pipe)
(./gpstk-user-reference.frpl) (./gpstk-user-reference.pipe)
(./gpstk-user-reference.pipe) (./gpstk-user-reference.frpl)
(./gpstk-user-reference.pipe) (./gpstk-user-reference.pipe)
(./gpstk-user-reference.frpl) (./gpstk-user-reference.pipe)
(./gpstk-user-reference.pipe) (./gpstk-user-reference.frpl)
(./gpstk-user-reference.pipe) (./gpstk-user-reference.pipe)
(./gpstk-user-reference.frpl) (./gpstk-user-reference.pipe)
(./gpstk-user-reference.pipe) (./gpstk-user-reference.frpl)
(./gpstk-user-reference.pipe) (./gpstk-user-reference.pipe)
(./gpstk-user-reference.frpl) (./gpstk-user-reference.pipe)
(./gpstk-user-reference.pipe) (./gpstk-user-reference.frpl)
(./gpstk-user-reference.pipe) (./gpstk-user-reference.pipe)
(./gpstk-user-reference.frpl) (./gpstk-user-reference.pipe)
(./gpstk-user-reference.pipe) (./gpstk-user-reference.frpl)
(./gpstk-user-reference.pipe) (./gpstk-user-reference.pipe)
(./gpstk-user-reference.frpl) (./gpstk-user-reference.pipe)
(./gpstk-user-reference.pipe) (./gpstk-user-reference.frpl)
(./gpstk-user-reference.pipe) (./gpstk-user-reference.pipe)
(./gpstk-user-reference.frpl) (./gpstk-user-reference.pipe)
(./gpstk-user-reference.pipe) (./gpstk-user-reference.frpl)
(./gpstk-user-reference.pipe) (./gpstk-user-reference.pipe)
(./gpstk-user-reference.frpl) (./gpstk-user-reference.pipe)
(./gpstk-user-reference.pipe) (./gpstk-user-reference.frpl)
(./gpstk-user-reference.pipe) (./gpstk-user-reference.pipe)
(./gpstk-user-reference.frpl) (./gpstk-user-reference.pipe)
(./gpstk-user-reference.pipe) (./gpstk-user-reference.frpl)
(./gpstk-user-reference.pipe) (./gpstk-user-reference.pipe)
(./gpstk-user-reference.frpl) (./gpstk-user-reference.pipe)
(./gpstk-user-reference.pipe) (./gpstk-user-reference.frpl)
(./gpstk-user-reference.pipe) (./gpstk-user-reference.pipe)
(./gpstk-user-reference.frpl) (./gpstk-user-reference.pipe)
(./gpstk-user-reference.pipe) (./gpstk-user-reference.frpl)
(./gpstk-user-reference.pipe) (./gpstk-user-reference.pipe)
(./gpstk-user-reference.frpl) (./gpstk-user-reference.pipe)
(./gpstk-user-reference.pipe) (./gpstk-user-reference.frpl)
(./gpstk-user-reference.pipe) (./gpstk-user-reference.pipe)
(./gpstk-user-reference.frpl) (./gpstk-user-reference.pipe)
(./gpstk-user-reference.pipe) (./gpstk-user-reference.frpl)
(./gpstk-user-reference.pipe) (./gpstk-user-reference.pipe)
(./gpstk-user-reference.frpl) (./gpstk-user-reference.pipe)
(./gpstk-user-reference.pipe) (./gpstk-user-reference.frpl)
(./gpstk-user-reference.pipe) (./gpstk-user-reference.pipe)
(./gpstk-user-reference.frpl) (./gpstk-user-reference.pipe)
(./gpstk-user-reference.pipe) (./gpstk-user-reference.frpl)
(./gpstk-user-reference.pipe) (./gpstk-user-reference.pipe)
(./gpstk-user-reference.frpl) (./gpstk-user-reference.pipe)
(./gpstk-user-reference.pipe) (./gpstk-user-reference.frpl)
(./gpstk-user-reference.pipe) (./gpstk-user-reference.pipe)
(./gpstk-user-reference.frpl) (./gpstk-user-reference.pipe)
(./gpstk-user-reference.pipe) (./gpstk-user-reference.frpl)
(./gpstk-user-reference.pipe) (./gpstk-user-reference.pipe)
(./gpstk-user-reference.frpl) (./gpstk-user-reference.pipe)
(./gpstk-user-reference.pipe) (./gpstk-user-reference.frpl)
(./gpstk-user-reference.pipe) (./gpstk-user-reference.pipe)
(./gpstk-user-reference.frpl) (./gpstk-user-reference.pipe)
(./gpstk-user-reference.pipe) (./gpstk-user-reference.frpl) [61]
Underfull \hbox (badness 10000) in paragraph at lines 103--106

[62]
Underfull \hbox (badness 10000) in paragraph at lines 114--115

) [63] (./ResCor.tex (./gpstk-user-reference.pipe) (./gpstk-user-reference.pipe
) (./gpstk-user-reference.frpl) (./gpstk-user-reference.pipe)
(./gpstk-user-reference.pipe) (./gpstk-user-reference.frpl)
(./gpstk-user-reference.pipe) (./gpstk-user-reference.pipe)
(./gpstk-user-reference.frpl) (./gpstk-user-reference.pipe)
(./gpstk-user-reference.pipe) (./gpstk-user-reference.frpl)
(./gpstk-user-reference.pipe) (./gpstk-user-reference.pipe)
(./gpstk-user-reference.frpl) (./gpstk-user-reference.pipe)
(./gpstk-user-reference.pipe) (./gpstk-user-reference.frpl)
(./gpstk-user-reference.pipe) (./gpstk-user-reference.pipe)
(./gpstk-user-reference.frpl) (./gpstk-user-reference.pipe)
(./gpstk-user-reference.pipe) (./gpstk-user-reference.frpl)
(./gpstk-user-reference.pipe) (./gpstk-user-reference.pipe)
(./gpstk-user-reference.frpl) (./gpstk-user-reference.pipe)
(./gpstk-user-reference.pipe) (./gpstk-user-reference.frpl)
(./gpstk-user-reference.pipe) (./gpstk-user-reference.pipe)
(./gpstk-user-reference.frpl) (./gpstk-user-reference.pipe)
(./gpstk-user-reference.pipe) (./gpstk-user-reference.frpl)
(./gpstk-user-reference.pipe) (./gpstk-user-reference.pipe)
(./gpstk-user-reference.frpl) (./gpstk-user-reference.pipe)
(./gpstk-user-reference.pipe) (./gpstk-user-reference.frpl)
(./gpstk-user-reference.pipe) (./gpstk-user-reference.pipe)
(./gpstk-user-reference.frpl) (./gpstk-user-reference.pipe)
(./gpstk-user-reference.pipe) (./gpstk-user-reference.frpl)
(./gpstk-user-reference.pipe) (./gpstk-user-reference.pipe)
(./gpstk-user-reference.frpl) (./gpstk-user-reference.pipe)
(./gpstk-user-reference.pipe) (./gpstk-user-reference.frpl)
(./gpstk-user-reference.pipe) (./gpstk-user-reference.pipe)
(./gpstk-user-reference.frpl) (./gpstk-user-reference.pipe)
(./gpstk-user-reference.pipe) (./gpstk-user-reference.frpl)
(./gpstk-user-reference.pipe) (./gpstk-user-reference.pipe)
(./gpstk-user-reference.frpl) (./gpstk-user-reference.pipe)
(./gpstk-user-reference.pipe) (./gpstk-user-reference.frpl)
(./gpstk-user-reference.pipe) (./gpstk-user-reference.pipe)
(./gpstk-user-reference.frpl) (./gpstk-user-reference.pipe)
(./gpstk-user-reference.pipe) (./gpstk-user-reference.frpl)
(./gpstk-user-reference.pipe) (./gpstk-user-reference.pipe)
(./gpstk-user-reference.frpl) (./gpstk-user-reference.pipe)
(./gpstk-user-reference.pipe) (./gpstk-user-reference.frpl)
(./gpstk-user-reference.pipe) (./gpstk-user-reference.pipe)
(./gpstk-user-reference.frpl) (./gpstk-user-reference.pipe)
(./gpstk-user-reference.pipe) (./gpstk-user-reference.frpl)
(./gpstk-user-reference.pipe) (./gpstk-user-reference.pipe)
(./gpstk-user-reference.frpl) (./gpstk-user-reference.pipe)
(./gpstk-user-reference.pipe) (./gpstk-user-reference.frpl)
(./gpstk-user-reference.pipe) (./gpstk-user-reference.pipe)
(./gpstk-user-reference.frpl) (./gpstk-user-reference.pipe)
(./gpstk-user-reference.pipe) (./gpstk-user-reference.frpl)
(./gpstk-user-reference.pipe) (./gpstk-user-reference.pipe)
(./gpstk-user-reference.frpl) (./gpstk-user-reference.pipe)
(./gpstk-user-reference.pipe) (./gpstk-user-reference.frpl)
(./gpstk-user-reference.pipe) (./gpstk-user-reference.pipe)
(./gpstk-user-reference.frpl) [64]) [65] (./reszilla.tex
(./gpstk-user-reference.pipe) (./gpstk-user-reference.pipe)
(./gpstk-user-reference.frpl) (./gpstk-user-reference.pipe)
(./gpstk-user-reference.pipe) (./gpstk-user-reference.frpl)
(./gpstk-user-reference.pipe) (./gpstk-user-reference.pipe)
(./gpstk-user-reference.frpl) (./gpstk-user-reference.pipe)
(./gpstk-user-reference.pipe) (./gpstk-user-reference.frpl)
(./gpstk-user-reference.pipe) (./gpstk-user-reference.pipe)
(./gpstk-user-reference.frpl) (./gpstk-user-reference.pipe)
(./gpstk-user-reference.pipe) (./gpstk-user-reference.frpl)
Underfull \hbox (badness 10000) in paragraph at lines 59--60

(./gpstk-user-reference.pipe) (./gpstk-user-reference.pipe)
(./gpstk-user-reference.frpl) (./gpstk-user-reference.pipe)
(./gpstk-user-reference.pipe) (./gpstk-user-reference.frpl)
(./gpstk-user-reference.pipe) (./gpstk-user-reference.pipe)
(./gpstk-user-reference.frpl) (./gpstk-user-reference.pipe)
(./gpstk-user-reference.pipe) (./gpstk-user-reference.frpl)
(./gpstk-user-reference.pipe) (./gpstk-user-reference.pipe)
(./gpstk-user-reference.frpl) (./gpstk-user-reference.pipe)
(./gpstk-user-reference.pipe) (./gpstk-user-reference.frpl)
(./gpstk-user-reference.pipe) (./gpstk-user-reference.pipe)
(./gpstk-user-reference.frpl) (./gpstk-user-reference.pipe)
(./gpstk-user-reference.pipe) (./gpstk-user-reference.frpl)
(./gpstk-user-reference.pipe) (./gpstk-user-reference.pipe)
(./gpstk-user-reference.frpl) (./gpstk-user-reference.pipe)
(./gpstk-user-reference.pipe) (./gpstk-user-reference.frpl
Underfull \vbox (badness 10000) has occurred while \output is active [66])
(./gpstk-user-reference.pipe) (./gpstk-user-reference.pipe)
(./gpstk-user-reference.frpl)
Underfull \hbox (badness 10000) in paragraph at lines 87--88

(./gpstk-user-reference.pipe) (./gpstk-user-reference.pipe)
(./gpstk-user-reference.frpl) (./gpstk-user-reference.pipe)
(./gpstk-user-reference.pipe) (./gpstk-user-reference.frpl)
(./gpstk-user-reference.pipe) (./gpstk-user-reference.pipe)
(./gpstk-user-reference.frpl) (./gpstk-user-reference.pipe)
(./gpstk-user-reference.pipe) (./gpstk-user-reference.frpl)
(./gpstk-user-reference.pipe) (./gpstk-user-reference.pipe)
(./gpstk-user-reference.frpl) (./gpstk-user-reference.pipe)
(./gpstk-user-reference.pipe) (./gpstk-user-reference.frpl)
(./gpstk-user-reference.pipe) (./gpstk-user-reference.pipe)
(./gpstk-user-reference.frpl) (./gpstk-user-reference.pipe)
(./gpstk-user-reference.pipe) (./gpstk-user-reference.frpl)
(./gpstk-user-reference.pipe) (./gpstk-user-reference.pipe)
(./gpstk-user-reference.frpl) (./gpstk-user-reference.pipe)
(./gpstk-user-reference.pipe) (./gpstk-user-reference.frpl)
(./gpstk-user-reference.pipe) (./gpstk-user-reference.pipe)
(./gpstk-user-reference.frpl) (./gpstk-user-reference.pipe)
(./gpstk-user-reference.pipe) (./gpstk-user-reference.frpl)
(./gpstk-user-reference.pipe) (./gpstk-user-reference.pipe)
(./gpstk-user-reference.frpl) (./gpstk-user-reference.pipe)
(./gpstk-user-reference.pipe) (./gpstk-user-reference.frpl)
(./gpstk-user-reference.pipe) (./gpstk-user-reference.pipe)
(./gpstk-user-reference.frpl) (./gpstk-user-reference.pipe)
(./gpstk-user-reference.pipe) (./gpstk-user-reference.frpl)
(./gpstk-user-reference.pipe) (./gpstk-user-reference.pipe)
(./gpstk-user-reference.frpl) (./gpstk-user-reference.pipe)
(./gpstk-user-reference.pipe) (./gpstk-user-reference.frpl) [67]
(./gpstk-user-reference.pipe) (./gpstk-user-reference.pipe)
(./gpstk-user-reference.frpl) (./gpstk-user-reference.pipe)
(./gpstk-user-reference.pipe) (./gpstk-user-reference.frpl)
(./gpstk-user-reference.pipe) (./gpstk-user-reference.pipe)
(./gpstk-user-reference.frpl
Overfull \vbox (9.50002pt too high) detected at line 1
) (./gpstk-user-reference.pipe) (./gpstk-user-reference.pipe)
(./gpstk-user-reference.frpl) (./gpstk-user-reference.pipe)
(./gpstk-user-reference.pipe) (./gpstk-user-reference.frpl)
(./gpstk-user-reference.pipe) (./gpstk-user-reference.pipe)
(./gpstk-user-reference.frpl) (./gpstk-user-reference.pipe)
(./gpstk-user-reference.pipe) (./gpstk-user-reference.frpl)
(./gpstk-user-reference.pipe) (./gpstk-user-reference.pipe)
(./gpstk-user-reference.frpl) (./gpstk-user-reference.pipe)
(./gpstk-user-reference.pipe) (./gpstk-user-reference.frpl)
(./gpstk-user-reference.pipe) (./gpstk-user-reference.pipe)
(./gpstk-user-reference.frpl) (./gpstk-user-reference.pipe)
(./gpstk-user-reference.pipe) (./gpstk-user-reference.frpl)
(./gpstk-user-reference.pipe) (./gpstk-user-reference.pipe)
(./gpstk-user-reference.frpl) (./gpstk-user-reference.pipe)
(./gpstk-user-reference.pipe) (./gpstk-user-reference.frpl)
(./gpstk-user-reference.pipe) (./gpstk-user-reference.pipe)
(./gpstk-user-reference.frpl) (./gpstk-user-reference.pipe)
(./gpstk-user-reference.pipe) (./gpstk-user-reference.frpl)
(./gpstk-user-reference.pipe) (./gpstk-user-reference.pipe)
(./gpstk-user-reference.frpl) (./gpstk-user-reference.pipe)
(./gpstk-user-reference.pipe) (./gpstk-user-reference.frpl)
(./gpstk-user-reference.pipe) (./gpstk-user-reference.pipe)
(./gpstk-user-reference.frpl) (./gpstk-user-reference.pipe)
(./gpstk-user-reference.pipe) (./gpstk-user-reference.frpl) [68]
Underfull \hbox (badness 10000) in paragraph at lines 170--172

(./gpstk-user-reference.pipe) (./gpstk-user-reference.pipe)
(./gpstk-user-reference.frpl) (./gpstk-user-reference.pipe)
(./gpstk-user-reference.pipe) (./gpstk-user-reference.frpl)
(./gpstk-user-reference.pipe) (./gpstk-user-reference.pipe)
(./gpstk-user-reference.frpl) (./gpstk-user-reference.pipe)
(./gpstk-user-reference.pipe) (./gpstk-user-reference.frpl)
(./gpstk-user-reference.pipe) (./gpstk-user-reference.pipe)
(./gpstk-user-reference.frpl) (./gpstk-user-reference.pipe)
(./gpstk-user-reference.pipe) (./gpstk-user-reference.frpl)
(./gpstk-user-reference.pipe) (./gpstk-user-reference.pipe)
(./gpstk-user-reference.frpl) (./gpstk-user-reference.pipe)
(./gpstk-user-reference.pipe) (./gpstk-user-reference.frpl)
(./gpstk-user-reference.pipe) (./gpstk-user-reference.pipe)
(./gpstk-user-reference.frpl)
Underfull \hbox (badness 10000) in paragraph at lines 191--192

(./gpstk-user-reference.pipe) (./gpstk-user-reference.pipe)
(./gpstk-user-reference.frpl) (./gpstk-user-reference.pipe)
(./gpstk-user-reference.pipe) (./gpstk-user-reference.frpl)
(./gpstk-user-reference.pipe) (./gpstk-user-reference.pipe)
(./gpstk-user-reference.frpl) (./gpstk-user-reference.pipe)
(./gpstk-user-reference.pipe) (./gpstk-user-reference.frpl)
(./gpstk-user-reference.pipe) (./gpstk-user-reference.pipe)
(./gpstk-user-reference.frpl) (./gpstk-user-reference.pipe)
(./gpstk-user-reference.pipe) (./gpstk-user-reference.frpl)
(./gpstk-user-reference.pipe) (./gpstk-user-reference.pipe)
(./gpstk-user-reference.frpl) (./gpstk-user-reference.pipe)
(./gpstk-user-reference.pipe) (./gpstk-user-reference.frpl)
(./gpstk-user-reference.pipe) (./gpstk-user-reference.pipe)
(./gpstk-user-reference.frpl) (./gpstk-user-reference.pipe)
(./gpstk-user-reference.pipe) (./gpstk-user-reference.frpl)
(./gpstk-user-reference.pipe) (./gpstk-user-reference.pipe)
(./gpstk-user-reference.frpl) (./gpstk-user-reference.pipe)
(./gpstk-user-reference.pipe) (./gpstk-user-reference.frpl) [69]
(./gpstk-user-reference.pipe) (./gpstk-user-reference.pipe)
(./gpstk-user-reference.frpl) (./gpstk-user-reference.pipe)
(./gpstk-user-reference.pipe) (./gpstk-user-reference.frpl)
(./gpstk-user-reference.pipe) (./gpstk-user-reference.pipe)
(./gpstk-user-reference.frpl) (./gpstk-user-reference.pipe)
(./gpstk-user-reference.pipe) (./gpstk-user-reference.frpl)
(./gpstk-user-reference.pipe) (./gpstk-user-reference.pipe)
(./gpstk-user-reference.frpl) (./gpstk-user-reference.pipe)
(./gpstk-user-reference.pipe) (./gpstk-user-reference.frpl)
(./gpstk-user-reference.pipe) (./gpstk-user-reference.pipe)
(./gpstk-user-reference.frpl) (./gpstk-user-reference.pipe)
(./gpstk-user-reference.pipe) (./gpstk-user-reference.frpl)
(./gpstk-user-reference.pipe) (./gpstk-user-reference.pipe)
(./gpstk-user-reference.frpl) (./gpstk-user-reference.pipe)
(./gpstk-user-reference.pipe) (./gpstk-user-reference.frpl
Overfull \hbox (416.5495pt too wide) in alignment at lines 257--1
 [] [] [] 
) (./gpstk-user-reference.pipe) (./gpstk-user-reference.pipe)
(./gpstk-user-reference.frpl
Overfull \vbox (9.50003pt too high) detected at line 1
) (./gpstk-user-reference.pipe) (./gpstk-user-reference.pipe)
(./gpstk-user-reference.frpl) (./gpstk-user-reference.pipe)
(./gpstk-user-reference.pipe) (./gpstk-user-reference.frpl)
(./gpstk-user-reference.pipe) (./gpstk-user-reference.pipe)
(./gpstk-user-reference.frpl) (./gpstk-user-reference.pipe)
(./gpstk-user-reference.pipe) (./gpstk-user-reference.frpl)
(./gpstk-user-reference.pipe) (./gpstk-user-reference.pipe)
(./gpstk-user-reference.frpl) (./gpstk-user-reference.pipe)
(./gpstk-user-reference.pipe) (./gpstk-user-reference.frpl)
(./gpstk-user-reference.pipe) (./gpstk-user-reference.pipe)
(./gpstk-user-reference.frpl
Overfull \hbox (416.5495pt too wide) in alignment at lines 1--1
 [] [] [] 
[70]) (./gpstk-user-reference.pipe) (./gpstk-user-reference.pipe)
(./gpstk-user-reference.frpl) (./gpstk-user-reference.pipe)
(./gpstk-user-reference.pipe) (./gpstk-user-reference.frpl)
(./gpstk-user-reference.pipe) (./gpstk-user-reference.pipe)
(./gpstk-user-reference.frpl
! Missing number, treated as zero.
<to be read again> 
                   O
l.1 ...B. The default is 20 dB.}{2.5in}{--SNR=ARG}
                                                   \\\endinput
? 
Overfull \vbox (9.49998pt too high) detected at line 1
) (./gpstk-user-reference.pipe) (./gpstk-user-reference.pipe)
(./gpstk-user-reference.frpl) (./gpstk-user-reference.pipe)
(./gpstk-user-reference.pipe) (./gpstk-user-reference.frpl)
(./gpstk-user-reference.pipe) (./gpstk-user-reference.pipe)
(./gpstk-user-reference.frpl) (./gpstk-user-reference.pipe)
(./gpstk-user-reference.pipe) (./gpstk-user-reference.frpl)
(./gpstk-user-reference.pipe) (./gpstk-user-reference.pipe)
(./gpstk-user-reference.frpl
Overfull \hbox (416.5495pt too wide) in alignment at lines 1--1
 [] [] [] 
) (./gpstk-user-reference.pipe) (./gpstk-user-reference.pipe)
(./gpstk-user-reference.frpl)
Overfull \hbox (416.5495pt too wide) in alignment at lines 1--315
 [] [] [] 

Underfull \vbox (badness 10000) has occurred while \output is active [71])
[72] (./RINcheck.tex
Overfull \hbox (1.92934pt too wide) in paragraph at lines 17--18
\OT1/cmr/m/n/10 These ap-pli-ca-tions read a RINEX ob-ser-va-tion (\OT1/cmr/m/i
t/10 rowcheck\OT1/cmr/m/n/10 ), nav-i-ga-tion(\OT1/cmr/m/it/10 rnwcheck\OT1/cmr
/m/n/10 ),
(./gpstk-user-reference.pipe) (./gpstk-user-reference.pipe)
(./gpstk-user-reference.frpl) (./gpstk-user-reference.pipe)
(./gpstk-user-reference.pipe) (./gpstk-user-reference.frpl)
(./gpstk-user-reference.pipe) (./gpstk-user-reference.pipe)
(./gpstk-user-reference.frpl) (./gpstk-user-reference.pipe)
(./gpstk-user-reference.pipe) (./gpstk-user-reference.frpl)
(./gpstk-user-reference.pipe) (./gpstk-user-reference.pipe)
(./gpstk-user-reference.frpl) (./gpstk-user-reference.pipe)
(./gpstk-user-reference.pipe) (./gpstk-user-reference.frpl)
(./gpstk-user-reference.pipe) (./gpstk-user-reference.pipe)
(./gpstk-user-reference.frpl)) [73] (./RINdiff.tex (./gpstk-user-reference.pipe
) (./gpstk-user-reference.pipe) (./gpstk-user-reference.frpl)
(./gpstk-user-reference.pipe) (./gpstk-user-reference.pipe)
(./gpstk-user-reference.frpl) (./gpstk-user-reference.pipe)
(./gpstk-user-reference.pipe) (./gpstk-user-reference.frpl)
(./gpstk-user-reference.pipe) (./gpstk-user-reference.pipe)
(./gpstk-user-reference.frpl) (./gpstk-user-reference.pipe)
(./gpstk-user-reference.pipe) (./gpstk-user-reference.frpl)
(./gpstk-user-reference.pipe) (./gpstk-user-reference.pipe)
(./gpstk-user-reference.frpl) (./gpstk-user-reference.pipe)
(./gpstk-user-reference.pipe) (./gpstk-user-reference.frpl)) [74]
(./RinexDump.tex (./gpstk-user-reference.pipe) (./gpstk-user-reference.pipe)
(./gpstk-user-reference.frpl) (./gpstk-user-reference.pipe)
(./gpstk-user-reference.pipe) (./gpstk-user-reference.frpl)
(./gpstk-user-reference.pipe) (./gpstk-user-reference.pipe)
(./gpstk-user-reference.frpl) (./gpstk-user-reference.pipe)
(./gpstk-user-reference.pipe) (./gpstk-user-reference.frpl)
(./gpstk-user-reference.pipe) (./gpstk-user-reference.pipe)
(./gpstk-user-reference.frpl) (./gpstk-user-reference.pipe)
(./gpstk-user-reference.pipe) (./gpstk-user-reference.frpl)
(./gpstk-user-reference.pipe) (./gpstk-user-reference.pipe)
(./gpstk-user-reference.frpl) (./gpstk-user-reference.pipe)
(./gpstk-user-reference.pipe) (./gpstk-user-reference.frpl)) [75] (./RinNav.tex
(./gpstk-user-reference.pipe) (./gpstk-user-reference.pipe)
(./gpstk-user-reference.frpl) (./gpstk-user-reference.pipe)
(./gpstk-user-reference.pipe) (./gpstk-user-reference.frpl)
(./gpstk-user-reference.pipe) (./gpstk-user-reference.pipe)
(./gpstk-user-reference.frpl

! LaTeX Error: Bad math environment delimiter.

See the LaTeX manual or LaTeX Companion for explanation.
Type  H <return>  for immediate help.
 ...                                              
                                                  
l.1 ...n>  to continue without it.}\ignorespaces }
                                                   \\\endinput
? ! Missing $ inserted.
<inserted text> 
                $
l.1 ...n>  to continue without it.}\ignorespaces }
                                                   \\\endinput
? ! Display math should end with $$.
<to be read again> 
                   \par 
l.1 ...n>  to continue without it.}\ignorespaces }
                                                   \\\endinput
? 
Overfull \vbox (13.5pt too high) detected at line 1
) (./gpstk-user-reference.pipe) (./gpstk-user-reference.pipe)
(./gpstk-user-reference.frpl) (./gpstk-user-reference.pipe)
(./gpstk-user-reference.pipe) (./gpstk-user-reference.frpl)
(./gpstk-user-reference.pipe) (./gpstk-user-reference.pipe)
(./gpstk-user-reference.frpl) (./gpstk-user-reference.pipe)
(./gpstk-user-reference.pipe) (./gpstk-user-reference.frpl)
(./gpstk-user-reference.pipe) (./gpstk-user-reference.pipe)
(./gpstk-user-reference.frpl) (./gpstk-user-reference.pipe)
(./gpstk-user-reference.pipe) (./gpstk-user-reference.frpl)
(./gpstk-user-reference.pipe) (./gpstk-user-reference.pipe)
(./gpstk-user-reference.frpl
Overfull \vbox (9.5pt too high) detected at line 1
) (./gpstk-user-reference.pipe) (./gpstk-user-reference.pipe)
(./gpstk-user-reference.frpl) (./gpstk-user-reference.pipe)
(./gpstk-user-reference.pipe) (./gpstk-user-reference.frpl)
(./gpstk-user-reference.pipe) (./gpstk-user-reference.pipe)
(./gpstk-user-reference.frpl) (./gpstk-user-reference.pipe)
(./gpstk-user-reference.pipe) (./gpstk-user-reference.frpl
Overfull \vbox (9.5pt too high) detected at line 1
) (./gpstk-user-reference.pipe) (./gpstk-user-reference.pipe)
(./gpstk-user-reference.frpl)) [76] (./RinEdit.tex (./gpstk-user-reference.pipe
) (./gpstk-user-reference.pipe) (./gpstk-user-reference.frpl)
! Undefined control sequence.
<write> ...WTO^^M^^MBJGDDKCLUWAWQVEQMWTO^^M--IF \<
                                                  f\>^^MBJGDDKCLUWAWQVEQMWTO...
l.24 ... RINEX observation file names [repeat]}{1}
                                                  
? (./gpstk-user-reference.pipe) (./gpstk-user-reference.pipe)
(./gpstk-user-reference.frpl
! Missing $ inserted.
<inserted text> 
                $
l.1  & --IF f\mskip
                    \medmuskip  & \multirow{1}{2.5in}{Input RINEX observatio...

? ! Missing $ inserted.
<inserted text> 
                $
l.1  & --IF f\mskip \medmuskip  &
                                  \multirow{1}{2.5in}{Input RINEX observatio...

? )
! Undefined control sequence.
<write> ...WTO^^M^^MBJGDDKCLUWAWQVEQMWTO^^M--ID \<
                                                  p\>^^MBJGDDKCLUWAWQVEQMWTO...
l.25 ...ath of input RINEX observation file(s)}{1}
                                                  
? (./gpstk-user-reference.pipe) (./gpstk-user-reference.pipe)
(./gpstk-user-reference.frpl
! Missing $ inserted.
<inserted text> 
                $
l.1  & --ID p\mskip
                    \medmuskip  & \multirow{1}{2.5in}{Path of input RINEX ob...

? ! Missing $ inserted.
<inserted text> 
                $
l.1  & --ID p\mskip \medmuskip  &
                                  \multirow{1}{2.5in}{Path of input RINEX ob...

? )
! Undefined control sequence.
<write> ...WTO^^M^^MBJGDDKCLUWAWQVEQMWTO^^M--OF \<
                                                  fn\>^^MBJGDDKCLUWAWQVEQMWT...
l.26 ...bs files [also see --OF \<f,t\> below]}{2}
                                                  
? ! Undefined control sequence.
<write> ...utput RINEX obs files [also see --OF \<
                                                  f,t\> below]^^MBJGDDKCLUWA...
l.26 ...bs files [also see --OF \<f,t\> below]}{2}
                                                  
? (./gpstk-user-reference.pipe) (./gpstk-user-reference.pipe)
(./gpstk-user-reference.frpl
! Missing $ inserted.
<inserted text> 
                $
l.1  & --OF fn\mskip
                     \medmuskip  & \multirow{2}{2.5in}{Output RINEX obs file...

? ! Missing $ inserted.
<inserted text> 
                $
l.1  & --OF fn\mskip \medmuskip  &
                                   \multirow{2}{2.5in}{Output RINEX obs file...

? ! Missing $ inserted.
<inserted text> 
                $
l.1 ...also see --OF f,t\mskip \medmuskip  below]}
                                                   \\ & & \\ \endinput
? ! Missing $ inserted.
<inserted text> 
                $
l.1 ...also see --OF f,t\mskip \medmuskip  below]}
                                                   \\ & & \\ \endinput
? )
! Undefined control sequence.
<write> ...WTO^^M^^MBJGDDKCLUWAWQVEQMWTO^^M--OD \<
                                                  p\>^^MBJGDDKCLUWAWQVEQMWTO...
l.27 ...th of output RINEX observation file(s)}{1}
                                                  
? (./gpstk-user-reference.pipe) (./gpstk-user-reference.pipe)
(./gpstk-user-reference.frpl
! Missing $ inserted.
<inserted text> 
                $
l.1  & --OD p\mskip
                    \medmuskip  & \multirow{1}{2.5in}{Path of output RINEX o...

? ! Missing $ inserted.
<inserted text> 
                $
l.1  & --OD p\mskip \medmuskip  &
                                  \multirow{1}{2.5in}{Path of output RINEX o...

? )
! Undefined control sequence.
<write> ...O^^M^^MBJGDDKCLUWAWQVEQMWTO^^M--file \<
                                                  fn\>^^MBJGDDKCLUWAWQVEQMWT...
l.28 ...aining more options [#->EOL = comment]}{2}
                                                  
? (./gpstk-user-reference.pipe) (./gpstk-user-reference.pipe)
(./gpstk-user-reference.frpl
! Missing $ inserted.
<inserted text> 
                $
l.1  & --file fn\mskip
                       \medmuskip  & \multirow{2}{2.5in}{Name of file contai...

? ! Missing $ inserted.
<inserted text> 
                $
l.1  & --file fn\mskip \medmuskip  &
                                     \multirow{2}{2.5in}{Name of file contai...

? ! You can't use `macro parameter character #' in horizontal mode.
<argument> ... of file containing more options [##
                                                  ##->EOL = comment]
l.1 ...ontaining more options [##->EOL = comment]}
                                                   \\ & & \\ \endinput
? ! You can't use `macro parameter character #' in horizontal mode.
<argument> ...f file containing more options [####
                                                  ->EOL = comment]
l.1 ...ontaining more options [##->EOL = comment]}
                                                   \\ & & \\ \endinput
? )
! Undefined control sequence.
<write> ...TO^^M^^MBJGDDKCLUWAWQVEQMWTO^^M--log \<
                                                  fn\>^^MBJGDDKCLUWAWQVEQMWT...
l.29 ...y{}{--log \<fn\>}{Output log file name}{1}
                                                  
? (./gpstk-user-reference.pipe) (./gpstk-user-reference.pipe)
(./gpstk-user-reference.frpl
! Missing $ inserted.
<inserted text> 
                $
l.1  & --log fn\mskip
                      \medmuskip  & \multirow{1}{2.5in}{Output log file name...

? ! Missing $ inserted.
<inserted text> 
                $
l.1  & --log fn\mskip \medmuskip  &
                                    \multirow{1}{2.5in}{Output log file name...

? ) (./gpstk-user-reference.pipe) (./gpstk-user-reference.pipe)
(./gpstk-user-reference.frpl) (./gpstk-user-reference.pipe)
(./gpstk-user-reference.pipe) (./gpstk-user-reference.frpl)
(./gpstk-user-reference.pipe) (./gpstk-user-reference.pipe)
(./gpstk-user-reference.frpl) (./gpstk-user-reference.pipe)
(./gpstk-user-reference.pipe) (./gpstk-user-reference.frpl)) [77]
(./rinexpvt.tex (./gpstk-user-reference.pipe) (./gpstk-user-reference.pipe)
(./gpstk-user-reference.frpl) (./gpstk-user-reference.pipe)
(./gpstk-user-reference.pipe) (./gpstk-user-reference.frpl)
(./gpstk-user-reference.pipe) (./gpstk-user-reference.pipe)
(./gpstk-user-reference.frpl) (./gpstk-user-reference.pipe)
(./gpstk-user-reference.pipe) (./gpstk-user-reference.frpl)
(./gpstk-user-reference.pipe) (./gpstk-user-reference.pipe)
(./gpstk-user-reference.frpl) (./gpstk-user-reference.pipe)
(./gpstk-user-reference.pipe) (./gpstk-user-reference.frpl)
(./gpstk-user-reference.pipe) (./gpstk-user-reference.pipe)
(./gpstk-user-reference.frpl) (./gpstk-user-reference.pipe)
(./gpstk-user-reference.pipe) (./gpstk-user-reference.frpl)
(./gpstk-user-reference.pipe) (./gpstk-user-reference.pipe)
(./gpstk-user-reference.frpl) (./gpstk-user-reference.pipe)
(./gpstk-user-reference.pipe) (./gpstk-user-reference.frpl)
(./gpstk-user-reference.pipe) (./gpstk-user-reference.pipe)
(./gpstk-user-reference.frpl) (./gpstk-user-reference.pipe)
(./gpstk-user-reference.pipe) (./gpstk-user-reference.frpl)
(./gpstk-user-reference.pipe) (./gpstk-user-reference.pipe)
(./gpstk-user-reference.frpl) (./gpstk-user-reference.pipe)
(./gpstk-user-reference.pipe) (./gpstk-user-reference.frpl)
(./gpstk-user-reference.pipe) (./gpstk-user-reference.pipe)
(./gpstk-user-reference.frpl) (./gpstk-user-reference.pipe)
(./gpstk-user-reference.pipe) (./gpstk-user-reference.frpl)
(./gpstk-user-reference.pipe) (./gpstk-user-reference.pipe)
(./gpstk-user-reference.frpl) (./gpstk-user-reference.pipe)
(./gpstk-user-reference.pipe) (./gpstk-user-reference.frpl)
(./gpstk-user-reference.pipe) (./gpstk-user-reference.pipe)
(./gpstk-user-reference.frpl) (./gpstk-user-reference.pipe)
(./gpstk-user-reference.pipe) (./gpstk-user-reference.frpl)
(./gpstk-user-reference.pipe) (./gpstk-user-reference.pipe)
(./gpstk-user-reference.frpl) (./gpstk-user-reference.pipe)
(./gpstk-user-reference.pipe) (./gpstk-user-reference.frpl
Overfull \vbox (9.5pt too high) detected at line 1
)
Underfull \vbox (badness 10000) has occurred while \output is active [78])
[79] (./RinSum.tex (./gpstk-user-reference.pipe) (./gpstk-user-reference.pipe)
(./gpstk-user-reference.frpl) (./gpstk-user-reference.pipe)
(./gpstk-user-reference.pipe) (./gpstk-user-reference.frpl)
(./gpstk-user-reference.pipe) (./gpstk-user-reference.pipe)
(./gpstk-user-reference.frpl) (./gpstk-user-reference.pipe)
(./gpstk-user-reference.pipe) (./gpstk-user-reference.frpl)
(./gpstk-user-reference.pipe) (./gpstk-user-reference.pipe)
(./gpstk-user-reference.frpl) (./gpstk-user-reference.pipe)
(./gpstk-user-reference.pipe) (./gpstk-user-reference.frpl)
(./gpstk-user-reference.pipe) (./gpstk-user-reference.pipe)
(./gpstk-user-reference.frpl) (./gpstk-user-reference.pipe)
(./gpstk-user-reference.pipe) (./gpstk-user-reference.frpl)
(./gpstk-user-reference.pipe) (./gpstk-user-reference.pipe)
(./gpstk-user-reference.frpl) (./gpstk-user-reference.pipe)
(./gpstk-user-reference.pipe) (./gpstk-user-reference.frpl)
(./gpstk-user-reference.pipe) (./gpstk-user-reference.pipe)
(./gpstk-user-reference.frpl) (./gpstk-user-reference.pipe)
(./gpstk-user-reference.pipe) (./gpstk-user-reference.frpl)
(./gpstk-user-reference.pipe) (./gpstk-user-reference.pipe)
(./gpstk-user-reference.frpl) (./gpstk-user-reference.pipe)
(./gpstk-user-reference.pipe) (./gpstk-user-reference.frpl)
Overfull \hbox (3.505pt too wide) in paragraph at lines 44--45
[][][][][][][][][][][][][][][][][][][][][][][] 
[80]
Overfull \hbox (100.83138pt too wide) in paragraph at lines 78--80
[][][][][][][][][][][][][][][][][][][][][][][][][][][][][][][][][][][][][][] 

Overfull \hbox (33.25516pt too wide) in paragraph at lines 80--81
[][][][][][][][][][][][][][][][][][][][][][][][][][][][][][][][][] 
) [81] (./Rin3Sum.tex (./gpstk-user-reference.pipe)
(./gpstk-user-reference.pipe) (./gpstk-user-reference.frpl)
(./gpstk-user-reference.pipe) (./gpstk-user-reference.pipe)
(./gpstk-user-reference.frpl) (./gpstk-user-reference.pipe)
(./gpstk-user-reference.pipe) (./gpstk-user-reference.frpl)
(./gpstk-user-reference.pipe) (./gpstk-user-reference.pipe)
(./gpstk-user-reference.frpl) (./gpstk-user-reference.pipe)
(./gpstk-user-reference.pipe) (./gpstk-user-reference.frpl)
(./gpstk-user-reference.pipe) (./gpstk-user-reference.pipe)
(./gpstk-user-reference.frpl) (./gpstk-user-reference.pipe)
(./gpstk-user-reference.pipe) (./gpstk-user-reference.frpl)
(./gpstk-user-reference.pipe) (./gpstk-user-reference.pipe)
(./gpstk-user-reference.frpl) (./gpstk-user-reference.pipe)
(./gpstk-user-reference.pipe) (./gpstk-user-reference.frpl)
(./gpstk-user-reference.pipe) (./gpstk-user-reference.pipe)
(./gpstk-user-reference.frpl) (./gpstk-user-reference.pipe)
(./gpstk-user-reference.pipe) (./gpstk-user-reference.frpl)
(./gpstk-user-reference.pipe) (./gpstk-user-reference.pipe)
(./gpstk-user-reference.frpl) (./gpstk-user-reference.pipe)
(./gpstk-user-reference.pipe) (./gpstk-user-reference.frpl)
(./gpstk-user-reference.pipe) (./gpstk-user-reference.pipe)
(./gpstk-user-reference.frpl)) [82] (./rtAshtech.tex
(./gpstk-user-reference.pipe) (./gpstk-user-reference.pipe)
(./gpstk-user-reference.frpl) (./gpstk-user-reference.pipe)
(./gpstk-user-reference.pipe) (./gpstk-user-reference.frpl)
(./gpstk-user-reference.pipe) (./gpstk-user-reference.pipe)
(./gpstk-user-reference.frpl) (./gpstk-user-reference.pipe)
(./gpstk-user-reference.pipe) (./gpstk-user-reference.frpl)
(./gpstk-user-reference.pipe) (./gpstk-user-reference.pipe)
(./gpstk-user-reference.frpl) (./gpstk-user-reference.pipe)
(./gpstk-user-reference.pipe) (./gpstk-user-reference.frpl)
(./gpstk-user-reference.pipe) (./gpstk-user-reference.pipe)
(./gpstk-user-reference.frpl) (./gpstk-user-reference.pipe)
(./gpstk-user-reference.pipe) (./gpstk-user-reference.frpl)
(./gpstk-user-reference.pipe) (./gpstk-user-reference.pipe)
(./gpstk-user-reference.frpl) (./gpstk-user-reference.pipe)
(./gpstk-user-reference.pipe) (./gpstk-user-reference.frpl
Overfull \vbox (19.00002pt too high) detected at line 1
)) [83] (./sp32bc.tex (./gpstk-user-reference.pipe)
(./gpstk-user-reference.pipe) (./gpstk-user-reference.frpl)
(./gpstk-user-reference.pipe) (./gpstk-user-reference.pipe)
(./gpstk-user-reference.frpl) (./gpstk-user-reference.pipe)
(./gpstk-user-reference.pipe) (./gpstk-user-reference.frpl
Overfull \vbox (12.0pt too high) detected at line 1
)
! Misplaced \omit.
\multispan ->\omit 
                   \@multispan 
l.24 ...icolumn{3}{l}{\textbf{Optional Arguments}}
                                                   \\
? (./gpstk-user-reference.pipe) (./gpstk-user-reference.pipe)
(./gpstk-user-reference.frpl) (./gpstk-user-reference.pipe)
(./gpstk-user-reference.pipe) (./gpstk-user-reference.frpl)) [84]
(./sp3version.tex (./gpstk-user-reference.pipe) (./gpstk-user-reference.pipe)
(./gpstk-user-reference.frpl) (./gpstk-user-reference.pipe)
(./gpstk-user-reference.pipe) (./gpstk-user-reference.frpl)
(./gpstk-user-reference.pipe) (./gpstk-user-reference.pipe)
(./gpstk-user-reference.frpl) (./gpstk-user-reference.pipe)
(./gpstk-user-reference.pipe) (./gpstk-user-reference.frpl)
(./gpstk-user-reference.pipe) (./gpstk-user-reference.pipe)
(./gpstk-user-reference.frpl) (./gpstk-user-reference.pipe)
(./gpstk-user-reference.pipe) (./gpstk-user-reference.frpl)) [85] (./svvis.tex
(./gpstk-user-reference.pipe) (./gpstk-user-reference.pipe)
(./gpstk-user-reference.frpl) (./gpstk-user-reference.pipe)
(./gpstk-user-reference.pipe) (./gpstk-user-reference.frpl)
(./gpstk-user-reference.pipe) (./gpstk-user-reference.pipe)
(./gpstk-user-reference.frpl) (./gpstk-user-reference.pipe)
(./gpstk-user-reference.pipe) (./gpstk-user-reference.frpl)
(./gpstk-user-reference.pipe) (./gpstk-user-reference.pipe)
(./gpstk-user-reference.frpl) (./gpstk-user-reference.pipe)
(./gpstk-user-reference.pipe) (./gpstk-user-reference.frpl)
(./gpstk-user-reference.pipe) (./gpstk-user-reference.pipe)
(./gpstk-user-reference.frpl) (./gpstk-user-reference.pipe)
(./gpstk-user-reference.pipe) (./gpstk-user-reference.frpl)
(./gpstk-user-reference.pipe) (./gpstk-user-reference.pipe)
(./gpstk-user-reference.frpl) (./gpstk-user-reference.pipe)
(./gpstk-user-reference.pipe) (./gpstk-user-reference.frpl)
(./gpstk-user-reference.pipe) (./gpstk-user-reference.pipe)
(./gpstk-user-reference.frpl) (./gpstk-user-reference.pipe)
(./gpstk-user-reference.pipe) (./gpstk-user-reference.frpl)
(./gpstk-user-reference.pipe) (./gpstk-user-reference.pipe)
(./gpstk-user-reference.frpl) (./gpstk-user-reference.pipe)
(./gpstk-user-reference.pipe) (./gpstk-user-reference.frpl)
(./gpstk-user-reference.pipe) (./gpstk-user-reference.pipe)
(./gpstk-user-reference.frpl) (./gpstk-user-reference.pipe)
(./gpstk-user-reference.pipe) (./gpstk-user-reference.frpl)
(./gpstk-user-reference.pipe) (./gpstk-user-reference.pipe)
(./gpstk-user-reference.frpl) (./gpstk-user-reference.pipe)
(./gpstk-user-reference.pipe) (./gpstk-user-reference.frpl)) [86]
(./TECMaps.tex (./gpstk-user-reference.pipe) (./gpstk-user-reference.pipe)
(./gpstk-user-reference.frpl) (./gpstk-user-reference.pipe)
(./gpstk-user-reference.pipe) (./gpstk-user-reference.frpl)
(./gpstk-user-reference.pipe) (./gpstk-user-reference.pipe)
(./gpstk-user-reference.frpl) (./gpstk-user-reference.pipe)
(./gpstk-user-reference.pipe) (./gpstk-user-reference.frpl)
(./gpstk-user-reference.pipe) (./gpstk-user-reference.pipe)
(./gpstk-user-reference.frpl) (./gpstk-user-reference.pipe)
(./gpstk-user-reference.pipe) (./gpstk-user-reference.frpl)
(./gpstk-user-reference.pipe) (./gpstk-user-reference.pipe)
(./gpstk-user-reference.frpl) (./gpstk-user-reference.pipe)
(./gpstk-user-reference.pipe) (./gpstk-user-reference.frpl)
(./gpstk-user-reference.pipe) (./gpstk-user-reference.pipe)
(./gpstk-user-reference.frpl) (./gpstk-user-reference.pipe)
(./gpstk-user-reference.pipe) (./gpstk-user-reference.frpl)
(./gpstk-user-reference.pipe) (./gpstk-user-reference.pipe)
(./gpstk-user-reference.frpl) (./gpstk-user-reference.pipe)
(./gpstk-user-reference.pipe) (./gpstk-user-reference.frpl)
(./gpstk-user-reference.pipe) (./gpstk-user-reference.pipe)
(./gpstk-user-reference.frpl) (./gpstk-user-reference.pipe)
(./gpstk-user-reference.pipe) (./gpstk-user-reference.frpl)
(./gpstk-user-reference.pipe) (./gpstk-user-reference.pipe)
(./gpstk-user-reference.frpl) (./gpstk-user-reference.pipe)
(./gpstk-user-reference.pipe) (./gpstk-user-reference.frpl)
(./gpstk-user-reference.pipe) (./gpstk-user-reference.pipe)
(./gpstk-user-reference.frpl) (./gpstk-user-reference.pipe)
(./gpstk-user-reference.pipe) (./gpstk-user-reference.frpl)
(./gpstk-user-reference.pipe) (./gpstk-user-reference.pipe)
(./gpstk-user-reference.frpl) (./gpstk-user-reference.pipe)
(./gpstk-user-reference.pipe) (./gpstk-user-reference.frpl)
(./gpstk-user-reference.pipe) (./gpstk-user-reference.pipe)
(./gpstk-user-reference.frpl) (./gpstk-user-reference.pipe)
(./gpstk-user-reference.pipe) (./gpstk-user-reference.frpl)
(./gpstk-user-reference.pipe) (./gpstk-user-reference.pipe)
(./gpstk-user-reference.frpl) (./gpstk-user-reference.pipe)
(./gpstk-user-reference.pipe) (./gpstk-user-reference.frpl)
(./gpstk-user-reference.pipe) (./gpstk-user-reference.pipe)
(./gpstk-user-reference.frpl) (./gpstk-user-reference.pipe)
(./gpstk-user-reference.pipe) (./gpstk-user-reference.frpl)
(./gpstk-user-reference.pipe) (./gpstk-user-reference.pipe)
(./gpstk-user-reference.frpl) (./gpstk-user-reference.pipe)
(./gpstk-user-reference.pipe) (./gpstk-user-reference.frpl)
(./gpstk-user-reference.pipe) (./gpstk-user-reference.pipe)
(./gpstk-user-reference.frpl) (./gpstk-user-reference.pipe)
(./gpstk-user-reference.pipe) (./gpstk-user-reference.frpl)
(./gpstk-user-reference.pipe) (./gpstk-user-reference.pipe)
(./gpstk-user-reference.frpl) (./gpstk-user-reference.pipe)
(./gpstk-user-reference.pipe) (./gpstk-user-reference.frpl)
(./gpstk-user-reference.pipe) (./gpstk-user-reference.pipe)
(./gpstk-user-reference.frpl) (./gpstk-user-reference.pipe)
(./gpstk-user-reference.pipe) (./gpstk-user-reference.frpl)
(./gpstk-user-reference.pipe) (./gpstk-user-reference.pipe)
(./gpstk-user-reference.frpl) (./gpstk-user-reference.pipe)
(./gpstk-user-reference.pipe) (./gpstk-user-reference.frpl)
(./gpstk-user-reference.pipe) (./gpstk-user-reference.pipe)
(./gpstk-user-reference.frpl) (./gpstk-user-reference.pipe)
(./gpstk-user-reference.pipe) (./gpstk-user-reference.frpl)
(./gpstk-user-reference.pipe) (./gpstk-user-reference.pipe)
(./gpstk-user-reference.frpl) (./gpstk-user-reference.pipe)
(./gpstk-user-reference.pipe) (./gpstk-user-reference.frpl)
(./gpstk-user-reference.pipe) (./gpstk-user-reference.pipe)
(./gpstk-user-reference.frpl) (./gpstk-user-reference.pipe)
(./gpstk-user-reference.pipe) (./gpstk-user-reference.frpl)
(./gpstk-user-reference.pipe) (./gpstk-user-reference.pipe)
(./gpstk-user-reference.frpl) (./gpstk-user-reference.pipe)
(./gpstk-user-reference.pipe) (./gpstk-user-reference.frpl)
(./gpstk-user-reference.pipe) (./gpstk-user-reference.pipe)
(./gpstk-user-reference.frpl) (./gpstk-user-reference.pipe)
(./gpstk-user-reference.pipe) (./gpstk-user-reference.frpl)
(./gpstk-user-reference.pipe) (./gpstk-user-reference.pipe)
(./gpstk-user-reference.frpl) (./gpstk-user-reference.pipe)
(./gpstk-user-reference.pipe) (./gpstk-user-reference.frpl)
(./gpstk-user-reference.pipe) (./gpstk-user-reference.pipe)
(./gpstk-user-reference.frpl) (./gpstk-user-reference.pipe)
(./gpstk-user-reference.pipe) (./gpstk-user-reference.frpl) [87]) [88]
(./timeconvert.tex (./gpstk-user-reference.pipe) (./gpstk-user-reference.pipe)
(./gpstk-user-reference.frpl) (./gpstk-user-reference.pipe)
(./gpstk-user-reference.pipe) (./gpstk-user-reference.frpl)
(./gpstk-user-reference.pipe) (./gpstk-user-reference.pipe)
(./gpstk-user-reference.frpl) (./gpstk-user-reference.pipe)
(./gpstk-user-reference.pipe) (./gpstk-user-reference.frpl)
(./gpstk-user-reference.pipe) (./gpstk-user-reference.pipe)
(./gpstk-user-reference.frpl) (./gpstk-user-reference.pipe)
(./gpstk-user-reference.pipe) (./gpstk-user-reference.frpl)
(./gpstk-user-reference.pipe) (./gpstk-user-reference.pipe)
(./gpstk-user-reference.frpl) (./gpstk-user-reference.pipe)
(./gpstk-user-reference.pipe) (./gpstk-user-reference.frpl)
(./gpstk-user-reference.pipe) (./gpstk-user-reference.pipe)
(./gpstk-user-reference.frpl) (./gpstk-user-reference.pipe)
(./gpstk-user-reference.pipe) (./gpstk-user-reference.frpl)
(./gpstk-user-reference.pipe) (./gpstk-user-reference.pipe)
(./gpstk-user-reference.frpl) (./gpstk-user-reference.pipe)
(./gpstk-user-reference.pipe) (./gpstk-user-reference.frpl)
(./gpstk-user-reference.pipe) (./gpstk-user-reference.pipe)
(./gpstk-user-reference.frpl) (./gpstk-user-reference.pipe)
(./gpstk-user-reference.pipe) (./gpstk-user-reference.frpl)
(./gpstk-user-reference.pipe) (./gpstk-user-reference.pipe)
(./gpstk-user-reference.frpl) (./gpstk-user-reference.pipe)
(./gpstk-user-reference.pipe) (./gpstk-user-reference.frpl)
(./gpstk-user-reference.pipe) (./gpstk-user-reference.pipe)
(./gpstk-user-reference.frpl) (./gpstk-user-reference.pipe)
(./gpstk-user-reference.pipe) (./gpstk-user-reference.frpl)
(./gpstk-user-reference.pipe) (./gpstk-user-reference.pipe)
(./gpstk-user-reference.frpl) (./gpstk-user-reference.pipe)
(./gpstk-user-reference.pipe) (./gpstk-user-reference.frpl)
(./gpstk-user-reference.pipe) (./gpstk-user-reference.pipe)
(./gpstk-user-reference.frpl) [89]) [90] (./vecsol.tex
(./gpstk-user-reference.pipe) (./gpstk-user-reference.pipe)
(./gpstk-user-reference.frpl) (./gpstk-user-reference.pipe)
(./gpstk-user-reference.pipe) (./gpstk-user-reference.frpl)
(./gpstk-user-reference.pipe) (./gpstk-user-reference.pipe)
(./gpstk-user-reference.frpl) (./gpstk-user-reference.pipe)
(./gpstk-user-reference.pipe) (./gpstk-user-reference.frpl)
(./gpstk-user-reference.pipe) (./gpstk-user-reference.pipe)
(./gpstk-user-reference.frpl) (./gpstk-user-reference.pipe)
(./gpstk-user-reference.pipe) (./gpstk-user-reference.frpl)
(./gpstk-user-reference.pipe) (./gpstk-user-reference.pipe)
(./gpstk-user-reference.frpl) (./gpstk-user-reference.pipe)
(./gpstk-user-reference.pipe) (./gpstk-user-reference.frpl)
(./gpstk-user-reference.pipe) (./gpstk-user-reference.pipe)
(./gpstk-user-reference.frpl) (./gpstk-user-reference.pipe)
(./gpstk-user-reference.pipe) (./gpstk-user-reference.frpl)
(./gpstk-user-reference.pipe) (./gpstk-user-reference.pipe)
(./gpstk-user-reference.frpl) (./gpstk-user-reference.pipe)
(./gpstk-user-reference.pipe) (./gpstk-user-reference.frpl) [91]) [92]
(./WhereSat.tex (./gpstk-user-reference.pipe) (./gpstk-user-reference.pipe)
(./gpstk-user-reference.frpl) (./gpstk-user-reference.pipe)
(./gpstk-user-reference.pipe) (./gpstk-user-reference.frpl
Overfull \vbox (9.5pt too high) detected at line 1
) (./gpstk-user-reference.pipe) (./gpstk-user-reference.pipe)
(./gpstk-user-reference.frpl) (./gpstk-user-reference.pipe)
(./gpstk-user-reference.pipe) (./gpstk-user-reference.frpl)
(./gpstk-user-reference.pipe) (./gpstk-user-reference.pipe)
(./gpstk-user-reference.frpl) (./gpstk-user-reference.pipe)
(./gpstk-user-reference.pipe) (./gpstk-user-reference.frpl)
(./gpstk-user-reference.pipe) (./gpstk-user-reference.pipe)
(./gpstk-user-reference.frpl) (./gpstk-user-reference.pipe)
(./gpstk-user-reference.pipe) (./gpstk-user-reference.frpl)
(./gpstk-user-reference.pipe) (./gpstk-user-reference.pipe)
(./gpstk-user-reference.frpl) (./gpstk-user-reference.pipe)
(./gpstk-user-reference.pipe) (./gpstk-user-reference.frpl) [93]) [94])
(./gpstk-user-reference.ind [95] [96]) (./gpstk-user-reference.bbl

LaTeX Warning: Empty `thebibliography' environment on input line 3.

) [97] (./gpstk-user-reference.aux (./notices.aux) (./introduction.aux)
(./bu.aux) (./ashconv.aux) (./ats2mdp.aux) (./bc2sp3.aux) (./CalcDOPs.aux)
(./calgps.aux) (./compSatStaVis.aux) (./ConstellationList.aux) (./daa.aux)
(./DiscFix.aux) (./DOPcalc.aux) (./ephdiff.aux) (./ephsum.aux) (./fic2rin.aux)
(./FICcheck.aux) (./ficconv.aux) (./ficdiff.aux) (./findMoreThan12.aux)
(./IonoBias.aux) (./mdpconv.aux) (./mdptool.aux) (./mergeFIC.aux)
(./mergeRin.aux) (./navdmp.aux) (./NavMerge.aux) (./navsum.aux)
(./novaRinex.aux) (./poscvt.aux) (./PRSolve.aux) (./ResCor.aux) (./reszilla.aux
) (./RINcheck.aux) (./RINdiff.aux) (./RinexDump.aux) (./RinNav.aux)
(./RinEdit.aux) (./rinexpvt.aux) (./RinSum.aux) (./Rin3Sum.aux)
(./rtAshtech.aux) (./sp32bc.aux) (./sp3version.aux) (./svvis.aux)
(./TECMaps.aux) (./timeconvert.aux) (./vecsol.aux) (./WhereSat.aux) (./bu.aux))

 *File List*
src/manual.cls
    bk10.clo    2007/10/19 v1.4h Standard LaTeX file (size option)
 makeidx.sty    2000/03/29 v1.0m Standard LaTeX package
  epsfig.sty    1999/02/16 v1.7a (e)psfig emulation (SPQR)
graphicx.sty    1999/02/16 v1.0f Enhanced LaTeX Graphics (DPC,SPQR)
  keyval.sty    1999/03/16 v1.13 key=value parser (DPC)
graphics.sty    2009/02/05 v1.0o Standard LaTeX Graphics (DPC,SPQR)
    trig.sty    1999/03/16 v1.09 sin cos tan (DPC)
graphics.cfg    2009/08/28 v1.8 graphics configuration of TeX Live
  pdftex.def    2010/03/12 v0.04p Graphics/color for pdfTeX
src/bibunits.sty
 perltex.sty    2009/09/13 v1.9 LaTeX macros for use with PerlTeX
fancyvrb.sty    2008/02/07
multirow.sty    
rotating.sty    2009/03/28 v2.16a rotated objects in LaTeX
  ifthen.sty    2001/05/26 v1.1c Standard LaTeX ifthen package (DPC)
colortbl.sty    2001/02/13 v0.1j Color table columns (DPC)
   array.sty    2008/09/09 v2.4c Tabular extension package (FMi)
   color.sty    1999/02/16
   color.cfg    2007/01/18 v1.5 color configuration of teTeX/TeXLive
  xcolor.sty    2007/01/21 v2.11 LaTeX color extensions (UK)
   color.cfg    2007/01/18 v1.5 color configuration of teTeX/TeXLive
listings.sty    2007/02/22 1.4 (Carsten Heinz)
 lstmisc.sty    2007/02/22 1.4 (Carsten Heinz)
listings.cfg    2007/02/22 1.4 listings configuration
longtable.sty    2004/02/01 v4.11 Multi-page Table package (DPC)
chngpage.sty    2009/10/20 v1.2b change page layout
 src/cmd.tex
supp-pdf.mkii
 titlepg.tex
 notices.tex
  omscmr.fd    1999/05/25 v2.5h Standard LaTeX font definitions
introduction.tex
gpsnutshell.tex
gpstk-user-reference.bbl
     bu1.bbl
gpsfileforms.tex
     bu2.bbl
convcoordtime.tex
     bu3.bbl
toolkitportrait.tex
toolkitportrait2.tex
  sec2_2.tex
 ashconv.tex
 ats2mdp.tex
  bc2sp3.tex
CalcDOPs.tex
  calgps.tex
compSatStaVis.tex
ConstellationList.tex
     daa.tex
 DiscFix.tex
 DOPcalc.tex
 ephdiff.tex
  ephsum.tex
 fic2rin.tex
FICcheck.tex
 ficconv.tex
 ficdiff.tex
findMoreThan12.tex
IonoBias.tex
 mdpconv.tex
 mdptool.tex
mergeFIC.tex
mergeRin.tex
  navdmp.tex
NavMerge.tex
  navsum.tex
novaRinex.tex
  poscvt.tex
 PRSolve.tex
  ResCor.tex
reszilla.tex
RINcheck.tex
 RINdiff.tex
RinexDump.tex
  RinNav.tex
 RinEdit.tex
rinexpvt.tex
  RinSum.tex
 Rin3Sum.tex
rtAshtech.tex
  sp32bc.tex
sp3version.tex
   svvis.tex
 TECMaps.tex
timeconvert.tex
  vecsol.tex
WhereSat.tex
gpstk-user-reference.ind
gpstk-user-reference.bbl
 ***********


LaTeX Warning: There were undefined references.

 )</usr/share/texmf-texlive/fonts/type1/public/amsfonts/cm/cmbx10.pfb></usr/sha
re/texmf-texlive/fonts/type1/public/amsfonts/cm/cmbx12.pfb></usr/share/texmf-te
xlive/fonts/type1/public/amsfonts/cm/cmbx7.pfb></usr/share/texmf-texlive/fonts/
type1/public/amsfonts/cm/cmbx8.pfb></usr/share/texmf-texlive/fonts/type1/public
/amsfonts/cm/cmbxti10.pfb></usr/share/texmf-texlive/fonts/type1/public/amsfonts
/cm/cmex10.pfb></usr/share/texmf-texlive/fonts/type1/public/amsfonts/cm/cmmi10.
pfb></usr/share/texmf-texlive/fonts/type1/public/amsfonts/cm/cmmi5.pfb></usr/sh
are/texmf-texlive/fonts/type1/public/amsfonts/cm/cmmi7.pfb></usr/share/texmf-te
xlive/fonts/type1/public/amsfonts/cm/cmmi8.pfb></usr/share/texmf-texlive/fonts/
type1/public/amsfonts/cm/cmr10.pfb></usr/share/texmf-texlive/fonts/type1/public
/amsfonts/cm/cmr5.pfb></usr/share/texmf-texlive/fonts/type1/public/amsfonts/cm/
cmr7.pfb></usr/share/texmf-texlive/fonts/type1/public/amsfonts/cm/cmr8.pfb></us
r/share/texmf-texlive/fonts/type1/public/amsfonts/cm/cmr9.pfb></usr/share/texmf
-texlive/fonts/type1/public/amsfonts/cm/cmsl10.pfb></usr/share/texmf-texlive/fo
nts/type1/public/amsfonts/cm/cmsy10.pfb></usr/share/texmf-texlive/fonts/type1/p
ublic/amsfonts/cm/cmsy7.pfb></usr/share/texmf-texlive/fonts/type1/public/amsfon
ts/cm/cmti10.pfb></usr/share/texmf-texlive/fonts/type1/public/amsfonts/cm/cmti1
2.pfb></usr/share/texmf-texlive/fonts/type1/public/amsfonts/cm/cmti8.pfb></usr/
share/texmf-texlive/fonts/type1/public/amsfonts/cm/cmti9.pfb></usr/share/texmf-
texlive/fonts/type1/public/amsfonts/cm/cmtt10.pfb></usr/share/texmf-texlive/fon
ts/type1/public/amsfonts/cm/cmtt8.pfb>
Output written on gpstk-user-reference.pdf (105 pages, 544311 bytes).
Transcript written on gpstk-user-reference.log.
