This is pdfTeX, Version 3.1415926-1.40.10 (TeX Live 2009/Debian)
entering extended mode
LaTeX2e <2009/09/24>
Babel <v3.8l> and hyphenation patterns for english, usenglishmax, dumylang, noh
yphenation, loaded.
(./gpstk-user-reference.tex (./src/manual.cls
Document Class: src/manual 2005/09/16 v1.4f Standard LaTeX document class
(/usr/share/texmf-texlive/tex/latex/base/bk10.clo))
(/usr/share/texmf-texlive/tex/latex/base/makeidx.sty)
(/usr/share/texmf-texlive/tex/latex/graphics/epsfig.sty
(/usr/share/texmf-texlive/tex/latex/graphics/graphicx.sty
(/usr/share/texmf-texlive/tex/latex/graphics/keyval.sty)
(/usr/share/texmf-texlive/tex/latex/graphics/graphics.sty
(/usr/share/texmf-texlive/tex/latex/graphics/trig.sty)
(/etc/texmf/tex/latex/config/graphics.cfg)
(/usr/share/texmf-texlive/tex/latex/graphics/dvips.def)))) (./src/bibunits.sty)
 (/usr/share/texmf-texlive/tex/latex/perltex/perltex.sty

! Package perltex Error: Document must be compiled using perltex.

See the perltex package documentation for explanation.
Type  H <return>  for immediate help.
 ...                                              
                                                  
l.45        communication between LaTeX and Perl.}
                                                  
? ) (/usr/share/texmf-texlive/tex/latex/fancyvrb/fancyvrb.sty
Style option: `fancyvrb' v2.7a, with DG/SPQR fixes, and firstline=lastline fix 
<2008/02/07> (tvz)) (/usr/share/texmf-texlive/tex/latex/multirow/multirow.sty)
(/usr/share/texmf-texlive/tex/latex/rotating/rotating.sty
(/usr/share/texmf-texlive/tex/latex/base/ifthen.sty))
(/usr/share/texmf-texlive/tex/latex/colortbl/colortbl.sty
(/usr/share/texmf-texlive/tex/latex/tools/array.sty)
(/usr/share/texmf-texlive/tex/latex/graphics/color.sty
(/etc/texmf/tex/latex/config/color.cfg)
(/usr/share/texmf-texlive/tex/latex/graphics/dvipsnam.def)))
(/usr/share/texmf/tex/latex/xcolor/xcolor.sty
(/etc/texmf/tex/latex/config/color.cfg))
(/usr/share/texmf-texlive/tex/latex/listings/listings.sty
(/usr/share/texmf-texlive/tex/latex/listings/lstmisc.sty)
(/usr/share/texmf-texlive/tex/latex/listings/listings.cfg))
(/usr/share/texmf-texlive/tex/latex/tools/longtable.sty) (./src/cmd.tex)
Writing index file gpstk-user-reference.idx
(./gpstk-user-reference.aux (./notices.aux) (./introduction.aux) (./bu.aux)

LaTeX Warning: Label `apptable' multiply defined.

(./ashconv.aux) (./ats2mdp.aux) (./bc2sp3.aux) (./CalcDOPs.aux) (./calgps.aux)
(./compSatStaVis.aux) (./ConstellationList.aux) (./daa.aux) (./DiscFix.aux)
(./DOPcalc.aux) (./ephdiff.aux) (./ephsum.aux) (./fic2rin.aux) (./FICcheck.aux)
(./ficconv.aux) (./ficdiff.aux) (./findMoreThan12.aux) (./IonoBias.aux)
(./mdpconv.aux) (./mdptool.aux) (./mergeFIC.aux) (./mergeRin.aux) (./navdmp.aux
) (./NavMerge.aux) (./navsum.aux) (./novaRinex.aux) (./poscvt.aux)
(./PRSolve.aux) (./ResCor.aux) (./reszilla.aux) (./RINcheck.aux) (./RINdiff.aux
) (./RinexDump.aux) (./RinNav.aux) (./RinEdit.aux) (./rinexpvt.aux)
(./RinSum.aux) (./Rin3Sum.aux) (./rtAshtech.aux) (./sp32bc.aux)
(./sp3version.aux) (./svvis.aux) (./TECMaps.aux) (./timeconvert.aux)
(./vecsol.aux) (./WhereSat.aux) (./bu.aux)) (./titlepg.tex [1]) (./notices.tex
(/usr/share/texmf-texlive/tex/latex/base/omscmr.fd)) [2] (./bu.aux)
(./gpstk-user-reference.toc [3] [4] [5] [6] [7]) [8] (./introduction.tex
Overfull \hbox (2.40804pt too wide) in paragraph at lines 4--5
\OT1/cmr/m/n/10 as pos-si-ble. Plat-form in-de-pen-dence is achieved through us
e of the ANSI-standard
[1]) [2] [3] [4] (./gpsnutshell.tex (./bu.aux)
Chapter 1.
[5] (./bu1.aux)

LaTeX Warning: Citation `ion:gnss04' on page 6 undefined on input line 29.


LaTeX Warning: Citation `nga:website' on page 6 undefined on input line 29.


LaTeX Warning: Citation `igs:reference' on page 6 undefined on input line 29.


LaTeX Warning: Citation `argn:website' on page 6 undefined on input line 34.


LaTeX Warning: Citation `cddis:website' on page 6 undefined on input line 34.

[6] (./gpstk-user-reference.bbl

LaTeX Warning: Empty `thebibliography' environment on input line 3.

)
\bibdata{gpstk}
(./bu1.bbl

LaTeX Warning: Empty `thebibliography' environment on input line 3.

)) (./gpsfileforms.tex (./bu1.aux) (./bu.aux) [7] [8]
Chapter 2.
(./bu2.aux)

LaTeX Warning: Citation `sp3format:ngs' on page 9 undefined on input line 40.


LaTeX Warning: Citation `sp3format:igscb' on page 9 undefined on input line 40.


[9] (./bu2.bbl
Underfull \hbox (badness 10000) in paragraph at lines 9--12
[]\OT1/cmr/m/n/10 Werner G^^?urtner and Lou Estey.  \OT1/cmr/m/it/10 RINEX: The
 Re-

Underfull \hbox (badness 10000) in paragraph at lines 9--12
\OT1/cmr/m/it/10 ciever In-de-pen-dant Ex-change For-mat Ver-sion 2.11\OT1/cmr/
m/n/10 .

Underfull \hbox (badness 10000) in paragraph at lines 14--18
[]\OT1/cmr/m/n/10 Werner G^^?urtner and Lou Estey.  \OT1/cmr/m/it/10 RINEX: The
 Re-

Underfull \hbox (badness 10000) in paragraph at lines 14--18
\OT1/cmr/m/it/10 ciever In-de-pen-dant Ex-change For-mat Ver-sion 3.00\OT1/cmr/
m/n/10 .
)) (./convcoordtime.tex (./bu2.aux) (./bu.aux) [10]
Chapter 3.
(./bu3.aux) [11] [12] [13] [14] [15] [16] (./bu3.bbl [17])) [18] [19] [20]
(./toolkitportrait.tex
Overfull \hbox (2.63629pt too wide) in paragraph at lines 38--38
[]|[]|  

Overfull \hbox (4.38629pt too wide) in paragraph at lines 61--61
[]|[]|  

Overfull \hbox (4.38629pt too wide) in paragraph at lines 86--86
[]|[]|  

Overfull \hbox (2.63629pt too wide) in paragraph at lines 108--108
[]|[]|  

Overfull \vbox (9.50002pt too high) detected at line 117

Overfull \hbox (2.63629pt too wide) in paragraph at lines 123--123
[]|[]|  

Overfull \hbox (4.38629pt too wide) in paragraph at lines 153--153
[]|[]|  

Overfull \hbox (2.53627pt too wide) in paragraph at lines 164--164
[]|[]|  

Overfull \hbox (4.28627pt too wide) in paragraph at lines 180--180
[]|[]|  

Overfull \hbox (90.13724pt too wide) in paragraph at lines 20--184
[][] 

LaTeX Warning: Float too large for page by 243.38759pt on input line 188.

) (./toolkitportrait2.tex
Overfull \hbox (4.38629pt too wide) in paragraph at lines 32--32
[]|[]|  

Overfull \hbox (2.53627pt too wide) in paragraph at lines 43--43
[]|[]|  

Overfull \hbox (4.28627pt too wide) in paragraph at lines 59--59
[]|[]|  

Overfull \hbox (90.13724pt too wide) in paragraph at lines 3--62
[][] 
) (./sec2_2.tex [21] [22] (./ashconv.tex
Overfull \hbox (68.52957pt too wide) in alignment at lines 18--31
 [] [] [] 
) [23] (./ats2mdp.tex) [24] (./bc2sp3.tex
Overfull \hbox (28.09328pt too wide) in alignment at lines 8--20
 [] [] [] 
) [25] (./CalcDOPs.tex
Overfull \hbox (254.27475pt too wide) in alignment at lines 24--45
 [] [] [] 

Overfull \hbox (9.47833pt too wide) in paragraph at lines 67--84
 [] 

Underfull \vbox (badness 10000) has occurred while \output is active [26])
[27] (./calgps.tex
Overfull \hbox (51.05795pt too wide) in alignment at lines 20--34
 [] [] [] 
) [28] (./compSatStaVis.tex
Overfull \hbox (254.27475pt too wide) in alignment at lines 21--44
 [] [] [] 

Overfull \hbox (305.99432pt too wide) in paragraph at lines 60--60
[]\OT1/cmtt/m/n/10 user@host:~$ compSatVis -ovisout.txt -ncurrent.alm -tYUMA -c
stations.msc -e10 -p60 -s"01/13/2008 00:00" -z"01/16/2008 23:59"[] 

Overfull \hbox (305.99432pt too wide) in paragraph at lines 66--66
[]\OT1/cmtt/m/n/10 user@host:~$ compSatVis -ovisout.txt -ncurrent.alm -tYUMA -c
stations.msc -e10 -p60 -s"01/13/2008 00:00" -z"01/16/2008 23:59"[] 
[29]
Overfull \hbox (179.99542pt too wide) in paragraph at lines 72--72
[]\OT1/cmtt/m/n/10 user@host:~$ compSatVis -ovisout.txt -napc14622 -napc14623 -
napc14624 -tSP3 -cstations.msc -e10 -p60[] 
) [30] (./ConstellationList.tex
Overfull \hbox (52.09328pt too wide) in alignment at lines 18--36
 [] [] [] 

Overfull \hbox (29.00537pt too wide) in paragraph at lines 50--50
[]\OT1/cmtt/m/n/8 2, 3, 4, 6, 8, 9, 10, 11, 12, 13, 14, 15, 16, 17, 18, 19, 20,
 21, 22, 23, 27, 28, 30, 31[] 

Overfull \hbox (54.50574pt too wide) in paragraph at lines 50--50
[]\OT1/cmtt/m/n/8 61, 33, 34, 36, 38, 39, 40, 46, 58, 43, 41, 55, 56, 53, 54, 5
9, 51, 45, 47, 60, 27, 44, 30, 52[] 
) [31] (./daa.tex
Overfull \hbox (537.32881pt too wide) in alignment at lines 18--52
 [] [] [] 
) [32] (./DiscFix.tex
Overfull \hbox (699.07399pt too wide) in alignment at lines 23--57
 [] [] [] 
) [33] (./DOPcalc.tex
Overfull \hbox (11.65698pt too wide) in alignment at lines 18--34
 [] [] [] 
) [34] (./ephdiff.tex) [35] (./ephsum.tex [36]) [37] (./fic2rin.tex) [38]
(./FICcheck.tex) [39] (./ficconv.tex) [40] (./ficdiff.tex) [41]
(./findMoreThan12.tex) [42] (./IonoBias.tex
Overfull \hbox (294.71104pt too wide) in alignment at lines 19--72
 [] [] [] 

Overfull \hbox (37.5055pt too wide) in paragraph at lines 78--79
[][][][][][][][][][][][][][][][][][][][][][][][][][][][][] 

Overfull \hbox (63.00586pt too wide) in paragraph at lines 79--80
[][][][][][][][][][][][][][][][][][][][][][][][][][][][][][][][][][][] 
[43]) [44] (./mdpconv.tex
Overfull \hbox (52.09328pt too wide) in alignment at lines 39--57
 [] [] [] 
) [45] (./mdptool.tex
Overfull \hbox (553.7651pt too wide) in alignment at lines 19--52
 [] [] [] 
) [46] (./mergeFIC.tex) [47] (./mergeRin.tex
Overfull \hbox (2.85277pt too wide) in paragraph at lines 14--14
[]\OT1/cmr/bx/it/14.4 mergeRinObs merg-eRin-Nav merg-eR-in-Met 
) [48] (./navdmp.tex
Overfull \hbox (92.52957pt too wide) in alignment at lines 18--37
 [] [] [] 
[49]) [50] (./NavMerge.tex) [51] (./navsum.tex
Overfull \hbox (92.52957pt too wide) in alignment at lines 19--38
 [] [] [] 
) [52] (./novaRinex.tex
Overfull \hbox (254.27475pt too wide) in alignment at lines 22--72
 [] [] [] 
) [53] (./poscvt.tex
Overfull \hbox (68.52957pt too wide) in alignment at lines 20--33
 [] [] [] 
) [54] (./PRSolve.tex
Overfull \hbox (132.96587pt too wide) in alignment at lines 22--82
 [] [] [] 

Underfull \hbox (badness 10000) in paragraph at lines 103--106

[55]
Underfull \hbox (badness 10000) in paragraph at lines 114--115

) [56] (./ResCor.tex
Overfull \hbox (213.83846pt too wide) in alignment at lines 22--70
 [] [] [] 
[57]) [58] (./reszilla.tex
Underfull \hbox (badness 10000) in paragraph at lines 59--60


Overfull \hbox (108.96587pt too wide) in alignment at lines 62--81
 [] [] [] 

Underfull \hbox (badness 10000) in paragraph at lines 87--88


Overfull \hbox (392.01993pt too wide) in alignment at lines 90--123
 [] [] [] 

Underfull \vbox (badness 4353) has occurred while \output is active [59]
Overfull \hbox (311.14734pt too wide) in alignment at lines 130--163
 [] [] [] 

Underfull \hbox (badness 10000) in paragraph at lines 170--172


Overfull \hbox (28.09328pt too wide) in alignment at lines 172--185
 [] [] [] 

Underfull \hbox (badness 10000) in paragraph at lines 191--192


Overfull \hbox (149.40216pt too wide) in alignment at lines 194--214
 [] [] [] 
[60]
Overfull \hbox (598.45146pt too wide) in alignment at lines 257--315
 [] [] [] 
[61]) [62] (./RINcheck.tex
Overfull \hbox (1.92934pt too wide) in paragraph at lines 17--18
\OT1/cmr/m/n/10 These ap-pli-ca-tions read a RINEX ob-ser-va-tion (\OT1/cmr/m/i
t/10 rowcheck\OT1/cmr/m/n/10 ), nav-i-ga-tion(\OT1/cmr/m/it/10 rnwcheck\OT1/cmr
/m/n/10 ),
) [63] (./RINdiff.tex) [64] (./RinexDump.tex) [65] (./RinNav.tex
Overfull \hbox (132.96587pt too wide) in alignment at lines 17--38
 [] [] [] 
) [66] (./RinEdit.tex
Overfull \hbox (108.96587pt too wide) in alignment at lines 20--34
 [] [] [] 
) [67] (./rinexpvt.tex
Overfull \hbox (496.89252pt too wide) in alignment at lines 18--46
 [] [] [] 
) [68] (./RinSum.tex
Overfull \hbox (230.27475pt too wide) in alignment at lines 19--36
 [] [] [] 

Overfull \hbox (3.505pt too wide) in paragraph at lines 44--45
[][][][][][][][][][][][][][][][][][][][][][][] 

Overfull \hbox (100.83138pt too wide) in paragraph at lines 78--80
[][][][][][][][][][][][][][][][][][][][][][][][][][][][][][][][][][][][][][] 

Overfull \hbox (33.25516pt too wide) in paragraph at lines 80--81
[][][][][][][][][][][][][][][][][][][][][][][][][][][][][][][][][] 
[69]) [70] (./Rin3Sum.tex
Overfull \hbox (230.27475pt too wide) in alignment at lines 19--36
 [] [] [] 
) [71] (./rtAshtech.tex
Overfull \hbox (68.52957pt too wide) in alignment at lines 21--34
 [] [] [] 
) [72] (./sp32bc.tex
! Misplaced \omit.
\multispan ->\omit 
                   \@multispan 
l.24 ...icolumn{3}{l}{\textbf{Optional Arguments}}
                                                   \\
? ) [73] (./sp3version.tex) [74] (./svvis.tex
Overfull \hbox (335.14734pt too wide) in alignment at lines 18--41
 [] [] [] 
) [75] (./TECMaps.tex
Overfull \hbox (294.71104pt too wide) in alignment at lines 18--86
 [] [] [] 

Overfull \hbox (294.71104pt too wide) in alignment at lines 86--91
 [] [] [] 
) [76] (./timeconvert.tex
Overfull \hbox (513.32881pt too wide) in alignment at lines 20--44
 [] [] [] 
) [77] (./vecsol.tex
Overfull \hbox (149.40216pt too wide) in alignment at lines 46--61
 [] [] [] 
) [78] [79] (./WhereSat.tex
Overfull \hbox (11.65698pt too wide) in alignment at lines 23--38
 [] [] [] 
[80]) [81]) (./gpstk-user-reference.ind [82] [83]) (./gpstk-user-reference.bbl

LaTeX Warning: Empty `thebibliography' environment on input line 3.

) [84] (./gpstk-user-reference.aux (./notices.aux) (./introduction.aux)
(./bu.aux) (./ashconv.aux) (./ats2mdp.aux) (./bc2sp3.aux) (./CalcDOPs.aux)
(./calgps.aux) (./compSatStaVis.aux) (./ConstellationList.aux) (./daa.aux)
(./DiscFix.aux) (./DOPcalc.aux) (./ephdiff.aux) (./ephsum.aux) (./fic2rin.aux)
(./FICcheck.aux) (./ficconv.aux) (./ficdiff.aux) (./findMoreThan12.aux)
(./IonoBias.aux) (./mdpconv.aux) (./mdptool.aux) (./mergeFIC.aux)
(./mergeRin.aux) (./navdmp.aux) (./NavMerge.aux) (./navsum.aux)
(./novaRinex.aux) (./poscvt.aux) (./PRSolve.aux) (./ResCor.aux) (./reszilla.aux
) (./RINcheck.aux) (./RINdiff.aux) (./RinexDump.aux) (./RinNav.aux)
(./RinEdit.aux) (./rinexpvt.aux) (./RinSum.aux) (./Rin3Sum.aux)
(./rtAshtech.aux) (./sp32bc.aux) (./sp3version.aux) (./svvis.aux)
(./TECMaps.aux) (./timeconvert.aux) (./vecsol.aux) (./WhereSat.aux) (./bu.aux))

 *File List*
src/manual.cls
    bk10.clo    2007/10/19 v1.4h Standard LaTeX file (size option)
 makeidx.sty    2000/03/29 v1.0m Standard LaTeX package
  epsfig.sty    1999/02/16 v1.7a (e)psfig emulation (SPQR)
graphicx.sty    1999/02/16 v1.0f Enhanced LaTeX Graphics (DPC,SPQR)
  keyval.sty    1999/03/16 v1.13 key=value parser (DPC)
graphics.sty    2009/02/05 v1.0o Standard LaTeX Graphics (DPC,SPQR)
    trig.sty    1999/03/16 v1.09 sin cos tan (DPC)
graphics.cfg    2009/08/28 v1.8 graphics configuration of TeX Live
   dvips.def    1999/02/16 v3.0i Driver-dependant file (DPC,SPQR)
src/bibunits.sty
 perltex.sty    2009/09/13 v1.9 LaTeX macros for use with PerlTeX
fancyvrb.sty    2008/02/07
multirow.sty    
rotating.sty    2009/03/28 v2.16a rotated objects in LaTeX
  ifthen.sty    2001/05/26 v1.1c Standard LaTeX ifthen package (DPC)
colortbl.sty    2001/02/13 v0.1j Color table columns (DPC)
   array.sty    2008/09/09 v2.4c Tabular extension package (FMi)
   color.sty    1999/02/16
   color.cfg    2007/01/18 v1.5 color configuration of teTeX/TeXLive
dvipsnam.def    1999/02/16 v3.0i Driver-dependant file (DPC,SPQR)
  xcolor.sty    2007/01/21 v2.11 LaTeX color extensions (UK)
   color.cfg    2007/01/18 v1.5 color configuration of teTeX/TeXLive
listings.sty    2007/02/22 1.4 (Carsten Heinz)
 lstmisc.sty    2007/02/22 1.4 (Carsten Heinz)
listings.cfg    2007/02/22 1.4 listings configuration
longtable.sty    2004/02/01 v4.11 Multi-page Table package (DPC)
 src/cmd.tex
 titlepg.tex
 notices.tex
  omscmr.fd    1999/05/25 v2.5h Standard LaTeX font definitions
introduction.tex
gpsnutshell.tex
gpstk-user-reference.bbl
     bu1.bbl
gpsfileforms.tex
     bu2.bbl
convcoordtime.tex
     bu3.bbl
toolkitportrait.tex
toolkitportrait2.tex
  sec2_2.tex
 ashconv.tex
 ats2mdp.tex
  bc2sp3.tex
CalcDOPs.tex
  calgps.tex
compSatStaVis.tex
ConstellationList.tex
     daa.tex
 DiscFix.tex
 DOPcalc.tex
 ephdiff.tex
  ephsum.tex
 fic2rin.tex
FICcheck.tex
 ficconv.tex
 ficdiff.tex
findMoreThan12.tex
IonoBias.tex
 mdpconv.tex
 mdptool.tex
mergeFIC.tex
mergeRin.tex
  navdmp.tex
NavMerge.tex
  navsum.tex
novaRinex.tex
  poscvt.tex
 PRSolve.tex
  ResCor.tex
reszilla.tex
RINcheck.tex
 RINdiff.tex
RinexDump.tex
  RinNav.tex
 RinEdit.tex
rinexpvt.tex
  RinSum.tex
 Rin3Sum.tex
rtAshtech.tex
  sp32bc.tex
sp3version.tex
   svvis.tex
 TECMaps.tex
timeconvert.tex
  vecsol.tex
WhereSat.tex
gpstk-user-reference.ind
gpstk-user-reference.bbl
 ***********


LaTeX Warning: There were undefined references.


LaTeX Warning: There were multiply-defined labels.

 )
Output written on gpstk-user-reference.dvi (92 pages, 370540 bytes).
Transcript written on gpstk-user-reference.log.
This is BibTeX, Version 0.99c (TeX Live 2009/Debian)
The top-level auxiliary file: ashconv.aux
I found no \citation commands---while reading file ashconv.aux
I found no \bibdata command---while reading file ashconv.aux
I found no \bibstyle command---while reading file ashconv.aux
(There were 3 error messages)
This is BibTeX, Version 0.99c (TeX Live 2009/Debian)
The top-level auxiliary file: ats2mdp.aux
I found no \citation commands---while reading file ats2mdp.aux
I found no \bibdata command---while reading file ats2mdp.aux
I found no \bibstyle command---while reading file ats2mdp.aux
(There were 3 error messages)
This is BibTeX, Version 0.99c (TeX Live 2009/Debian)
The top-level auxiliary file: bc2sp3.aux
I found no \citation commands---while reading file bc2sp3.aux
I found no \bibdata command---while reading file bc2sp3.aux
I found no \bibstyle command---while reading file bc2sp3.aux
(There were 3 error messages)
This is BibTeX, Version 0.99c (TeX Live 2009/Debian)
The top-level auxiliary file: bu1.aux
The style file: plain.bst
I found no \bibdata command---while reading file bu1.aux
Warning--I didn't find a database entry for "ion:gnss04"
Warning--I didn't find a database entry for "nga:website"
Warning--I didn't find a database entry for "igs:reference"
Warning--I didn't find a database entry for "argn:website"
Warning--I didn't find a database entry for "cddis:website"
(There was 1 error message)
This is BibTeX, Version 0.99c (TeX Live 2009/Debian)
The top-level auxiliary file: bu2.aux
The style file: plain.bst
Database file #1: gpstk.bib
Warning--I didn't find a database entry for "sp3format:ngs"
Warning--I didn't find a database entry for "sp3format:igscb"
(There were 2 warnings)
This is BibTeX, Version 0.99c (TeX Live 2009/Debian)
The top-level auxiliary file: bu3.aux
The style file: plain.bst
Database file #1: gpstk.bib
This is BibTeX, Version 0.99c (TeX Live 2009/Debian)
The top-level auxiliary file: bu.aux
I found no \citation commands---while reading file bu.aux
I found no \bibdata command---while reading file bu.aux
I found no \bibstyle command---while reading file bu.aux
(There were 3 error messages)
This is BibTeX, Version 0.99c (TeX Live 2009/Debian)
The top-level auxiliary file: CalcDOPs.aux
I found no \citation commands---while reading file CalcDOPs.aux
I found no \bibdata command---while reading file CalcDOPs.aux
I found no \bibstyle command---while reading file CalcDOPs.aux
(There were 3 error messages)
This is BibTeX, Version 0.99c (TeX Live 2009/Debian)
The top-level auxiliary file: calgps.aux
I found no \citation commands---while reading file calgps.aux
I found no \bibdata command---while reading file calgps.aux
I found no \bibstyle command---while reading file calgps.aux
(There were 3 error messages)
This is BibTeX, Version 0.99c (TeX Live 2009/Debian)
The top-level auxiliary file: compSatStaVis.aux
I found no \citation commands---while reading file compSatStaVis.aux
I found no \bibdata command---while reading file compSatStaVis.aux
I found no \bibstyle command---while reading file compSatStaVis.aux
(There were 3 error messages)
This is BibTeX, Version 0.99c (TeX Live 2009/Debian)
The top-level auxiliary file: ConstellationList.aux
I found no \citation commands---while reading file ConstellationList.aux
I found no \bibdata command---while reading file ConstellationList.aux
I found no \bibstyle command---while reading file ConstellationList.aux
(There were 3 error messages)
This is BibTeX, Version 0.99c (TeX Live 2009/Debian)
The top-level auxiliary file: daa.aux
I found no \citation commands---while reading file daa.aux
I found no \bibdata command---while reading file daa.aux
I found no \bibstyle command---while reading file daa.aux
(There were 3 error messages)
This is BibTeX, Version 0.99c (TeX Live 2009/Debian)
The top-level auxiliary file: DiscFix.aux
I found no \citation commands---while reading file DiscFix.aux
I found no \bibdata command---while reading file DiscFix.aux
I found no \bibstyle command---while reading file DiscFix.aux
(There were 3 error messages)
This is BibTeX, Version 0.99c (TeX Live 2009/Debian)
The top-level auxiliary file: DOPcalc.aux
I found no \citation commands---while reading file DOPcalc.aux
I found no \bibdata command---while reading file DOPcalc.aux
I found no \bibstyle command---while reading file DOPcalc.aux
(There were 3 error messages)
This is BibTeX, Version 0.99c (TeX Live 2009/Debian)
The top-level auxiliary file: ephdiff.aux
I found no \citation commands---while reading file ephdiff.aux
I found no \bibdata command---while reading file ephdiff.aux
I found no \bibstyle command---while reading file ephdiff.aux
(There were 3 error messages)
This is BibTeX, Version 0.99c (TeX Live 2009/Debian)
The top-level auxiliary file: ephsum.aux
I found no \citation commands---while reading file ephsum.aux
I found no \bibdata command---while reading file ephsum.aux
I found no \bibstyle command---while reading file ephsum.aux
(There were 3 error messages)
This is BibTeX, Version 0.99c (TeX Live 2009/Debian)
The top-level auxiliary file: fic2rin.aux
I found no \citation commands---while reading file fic2rin.aux
I found no \bibdata command---while reading file fic2rin.aux
I found no \bibstyle command---while reading file fic2rin.aux
(There were 3 error messages)
This is BibTeX, Version 0.99c (TeX Live 2009/Debian)
The top-level auxiliary file: FICcheck.aux
I found no \citation commands---while reading file FICcheck.aux
I found no \bibdata command---while reading file FICcheck.aux
I found no \bibstyle command---while reading file FICcheck.aux
(There were 3 error messages)
This is BibTeX, Version 0.99c (TeX Live 2009/Debian)
The top-level auxiliary file: ficconv.aux
I found no \citation commands---while reading file ficconv.aux
I found no \bibdata command---while reading file ficconv.aux
I found no \bibstyle command---while reading file ficconv.aux
(There were 3 error messages)
This is BibTeX, Version 0.99c (TeX Live 2009/Debian)
The top-level auxiliary file: ficdiff.aux
I found no \citation commands---while reading file ficdiff.aux
I found no \bibdata command---while reading file ficdiff.aux
I found no \bibstyle command---while reading file ficdiff.aux
(There were 3 error messages)
This is BibTeX, Version 0.99c (TeX Live 2009/Debian)
The top-level auxiliary file: findMoreThan12.aux
I found no \citation commands---while reading file findMoreThan12.aux
I found no \bibdata command---while reading file findMoreThan12.aux
I found no \bibstyle command---while reading file findMoreThan12.aux
(There were 3 error messages)
This is BibTeX, Version 0.99c (TeX Live 2009/Debian)
The top-level auxiliary file: gpstk-user-reference.aux
A level-1 auxiliary file: notices.aux
A level-1 auxiliary file: introduction.aux
The style file: plain.bst
A level-1 auxiliary file: bu.aux
A level-1 auxiliary file: ashconv.aux
A level-1 auxiliary file: ats2mdp.aux
A level-1 auxiliary file: bc2sp3.aux
A level-1 auxiliary file: CalcDOPs.aux
A level-1 auxiliary file: calgps.aux
A level-1 auxiliary file: compSatStaVis.aux
A level-1 auxiliary file: ConstellationList.aux
A level-1 auxiliary file: daa.aux
A level-1 auxiliary file: DiscFix.aux
A level-1 auxiliary file: DOPcalc.aux
A level-1 auxiliary file: ephdiff.aux
A level-1 auxiliary file: ephsum.aux
A level-1 auxiliary file: fic2rin.aux
A level-1 auxiliary file: FICcheck.aux
A level-1 auxiliary file: ficconv.aux
A level-1 auxiliary file: ficdiff.aux
A level-1 auxiliary file: findMoreThan12.aux
A level-1 auxiliary file: IonoBias.aux
A level-1 auxiliary file: mdpconv.aux
A level-1 auxiliary file: mdptool.aux
A level-1 auxiliary file: mergeFIC.aux
A level-1 auxiliary file: mergeRin.aux
A level-1 auxiliary file: navdmp.aux
A level-1 auxiliary file: NavMerge.aux
A level-1 auxiliary file: navsum.aux
A level-1 auxiliary file: novaRinex.aux
A level-1 auxiliary file: poscvt.aux
A level-1 auxiliary file: PRSolve.aux
A level-1 auxiliary file: ResCor.aux
A level-1 auxiliary file: reszilla.aux
A level-1 auxiliary file: RINcheck.aux
A level-1 auxiliary file: RINdiff.aux
A level-1 auxiliary file: RinexDump.aux
A level-1 auxiliary file: RinNav.aux
A level-1 auxiliary file: RinEdit.aux
A level-1 auxiliary file: rinexpvt.aux
A level-1 auxiliary file: RinSum.aux
A level-1 auxiliary file: Rin3Sum.aux
A level-1 auxiliary file: rtAshtech.aux
A level-1 auxiliary file: sp32bc.aux
A level-1 auxiliary file: sp3version.aux
A level-1 auxiliary file: svvis.aux
A level-1 auxiliary file: TECMaps.aux
A level-1 auxiliary file: timeconvert.aux
A level-1 auxiliary file: vecsol.aux
A level-1 auxiliary file: WhereSat.aux
Already encountered file bu.aux
---line 101 of file gpstk-user-reference.aux
 : \@input{bu.aux
 :               }
I'm skipping whatever remains of this command
Illegal, another \bibdata command---line 102 of file gpstk-user-reference.aux
 : \bibdata
 :         {gpstk}
I'm skipping whatever remains of this command
I found no \citation commands---while reading file gpstk-user-reference.aux
Database file #1: gpstk.bib
(There were 3 error messages)
This is BibTeX, Version 0.99c (TeX Live 2009/Debian)
The top-level auxiliary file: introduction.aux
I found no \citation commands---while reading file introduction.aux
I found no \bibdata command---while reading file introduction.aux
I found no \bibstyle command---while reading file introduction.aux
(There were 3 error messages)
This is BibTeX, Version 0.99c (TeX Live 2009/Debian)
The top-level auxiliary file: IonoBias.aux
I found no \citation commands---while reading file IonoBias.aux
I found no \bibdata command---while reading file IonoBias.aux
I found no \bibstyle command---while reading file IonoBias.aux
(There were 3 error messages)
This is BibTeX, Version 0.99c (TeX Live 2009/Debian)
The top-level auxiliary file: mdpconv.aux
I found no \citation commands---while reading file mdpconv.aux
I found no \bibdata command---while reading file mdpconv.aux
I found no \bibstyle command---while reading file mdpconv.aux
(There were 3 error messages)
This is BibTeX, Version 0.99c (TeX Live 2009/Debian)
The top-level auxiliary file: mdptool.aux
I found no \citation commands---while reading file mdptool.aux
I found no \bibdata command---while reading file mdptool.aux
I found no \bibstyle command---while reading file mdptool.aux
(There were 3 error messages)
This is BibTeX, Version 0.99c (TeX Live 2009/Debian)
The top-level auxiliary file: mergeFIC.aux
I found no \citation commands---while reading file mergeFIC.aux
I found no \bibdata command---while reading file mergeFIC.aux
I found no \bibstyle command---while reading file mergeFIC.aux
(There were 3 error messages)
This is BibTeX, Version 0.99c (TeX Live 2009/Debian)
The top-level auxiliary file: mergeRin.aux
I found no \citation commands---while reading file mergeRin.aux
I found no \bibdata command---while reading file mergeRin.aux
I found no \bibstyle command---while reading file mergeRin.aux
(There were 3 error messages)
This is BibTeX, Version 0.99c (TeX Live 2009/Debian)
The top-level auxiliary file: navdmp.aux
I found no \citation commands---while reading file navdmp.aux
I found no \bibdata command---while reading file navdmp.aux
I found no \bibstyle command---while reading file navdmp.aux
(There were 3 error messages)
This is BibTeX, Version 0.99c (TeX Live 2009/Debian)
The top-level auxiliary file: NavMerge.aux
I found no \citation commands---while reading file NavMerge.aux
I found no \bibdata command---while reading file NavMerge.aux
I found no \bibstyle command---while reading file NavMerge.aux
(There were 3 error messages)
This is BibTeX, Version 0.99c (TeX Live 2009/Debian)
The top-level auxiliary file: navsum.aux
I found no \citation commands---while reading file navsum.aux
I found no \bibdata command---while reading file navsum.aux
I found no \bibstyle command---while reading file navsum.aux
(There were 3 error messages)
This is BibTeX, Version 0.99c (TeX Live 2009/Debian)
The top-level auxiliary file: notices.aux
I found no \citation commands---while reading file notices.aux
I found no \bibdata command---while reading file notices.aux
I found no \bibstyle command---while reading file notices.aux
(There were 3 error messages)
This is BibTeX, Version 0.99c (TeX Live 2009/Debian)
The top-level auxiliary file: novaRinex.aux
I found no \citation commands---while reading file novaRinex.aux
I found no \bibdata command---while reading file novaRinex.aux
I found no \bibstyle command---while reading file novaRinex.aux
(There were 3 error messages)
This is BibTeX, Version 0.99c (TeX Live 2009/Debian)
The top-level auxiliary file: poscvt.aux
I found no \citation commands---while reading file poscvt.aux
I found no \bibdata command---while reading file poscvt.aux
I found no \bibstyle command---while reading file poscvt.aux
(There were 3 error messages)
This is BibTeX, Version 0.99c (TeX Live 2009/Debian)
The top-level auxiliary file: PRSolve.aux
I found no \citation commands---while reading file PRSolve.aux
I found no \bibdata command---while reading file PRSolve.aux
I found no \bibstyle command---while reading file PRSolve.aux
(There were 3 error messages)
This is BibTeX, Version 0.99c (TeX Live 2009/Debian)
The top-level auxiliary file: ResCor.aux
I found no \citation commands---while reading file ResCor.aux
I found no \bibdata command---while reading file ResCor.aux
I found no \bibstyle command---while reading file ResCor.aux
(There were 3 error messages)
This is BibTeX, Version 0.99c (TeX Live 2009/Debian)
The top-level auxiliary file: reszilla.aux
I found no \citation commands---while reading file reszilla.aux
I found no \bibdata command---while reading file reszilla.aux
I found no \bibstyle command---while reading file reszilla.aux
(There were 3 error messages)
This is BibTeX, Version 0.99c (TeX Live 2009/Debian)
The top-level auxiliary file: Rin3Sum.aux
I found no \citation commands---while reading file Rin3Sum.aux
I found no \bibdata command---while reading file Rin3Sum.aux
I found no \bibstyle command---while reading file Rin3Sum.aux
(There were 3 error messages)
This is BibTeX, Version 0.99c (TeX Live 2009/Debian)
The top-level auxiliary file: RINcheck.aux
I found no \citation commands---while reading file RINcheck.aux
I found no \bibdata command---while reading file RINcheck.aux
I found no \bibstyle command---while reading file RINcheck.aux
(There were 3 error messages)
This is BibTeX, Version 0.99c (TeX Live 2009/Debian)
The top-level auxiliary file: RINdiff.aux
I found no \citation commands---while reading file RINdiff.aux
I found no \bibdata command---while reading file RINdiff.aux
I found no \bibstyle command---while reading file RINdiff.aux
(There were 3 error messages)
This is BibTeX, Version 0.99c (TeX Live 2009/Debian)
The top-level auxiliary file: RinEdit.aux
I found no \citation commands---while reading file RinEdit.aux
I found no \bibdata command---while reading file RinEdit.aux
I found no \bibstyle command---while reading file RinEdit.aux
(There were 3 error messages)
This is BibTeX, Version 0.99c (TeX Live 2009/Debian)
The top-level auxiliary file: RinexDump.aux
I found no \citation commands---while reading file RinexDump.aux
I found no \bibdata command---while reading file RinexDump.aux
I found no \bibstyle command---while reading file RinexDump.aux
(There were 3 error messages)
This is BibTeX, Version 0.99c (TeX Live 2009/Debian)
The top-level auxiliary file: rinexpvt.aux
I found no \citation commands---while reading file rinexpvt.aux
I found no \bibdata command---while reading file rinexpvt.aux
I found no \bibstyle command---while reading file rinexpvt.aux
(There were 3 error messages)
This is BibTeX, Version 0.99c (TeX Live 2009/Debian)
The top-level auxiliary file: RinNav.aux
I found no \citation commands---while reading file RinNav.aux
I found no \bibdata command---while reading file RinNav.aux
I found no \bibstyle command---while reading file RinNav.aux
(There were 3 error messages)
This is BibTeX, Version 0.99c (TeX Live 2009/Debian)
The top-level auxiliary file: RinSum.aux
I found no \citation commands---while reading file RinSum.aux
I found no \bibdata command---while reading file RinSum.aux
I found no \bibstyle command---while reading file RinSum.aux
(There were 3 error messages)
This is BibTeX, Version 0.99c (TeX Live 2009/Debian)
The top-level auxiliary file: rtAshtech.aux
I found no \citation commands---while reading file rtAshtech.aux
I found no \bibdata command---while reading file rtAshtech.aux
I found no \bibstyle command---while reading file rtAshtech.aux
(There were 3 error messages)
This is BibTeX, Version 0.99c (TeX Live 2009/Debian)
The top-level auxiliary file: sp32bc.aux
I found no \citation commands---while reading file sp32bc.aux
I found no \bibdata command---while reading file sp32bc.aux
I found no \bibstyle command---while reading file sp32bc.aux
(There were 3 error messages)
This is BibTeX, Version 0.99c (TeX Live 2009/Debian)
The top-level auxiliary file: sp3version.aux
I found no \citation commands---while reading file sp3version.aux
I found no \bibdata command---while reading file sp3version.aux
I found no \bibstyle command---while reading file sp3version.aux
(There were 3 error messages)
This is BibTeX, Version 0.99c (TeX Live 2009/Debian)
The top-level auxiliary file: svvis.aux
I found no \citation commands---while reading file svvis.aux
I found no \bibdata command---while reading file svvis.aux
I found no \bibstyle command---while reading file svvis.aux
(There were 3 error messages)
This is BibTeX, Version 0.99c (TeX Live 2009/Debian)
The top-level auxiliary file: TECMaps.aux
I found no \citation commands---while reading file TECMaps.aux
I found no \bibdata command---while reading file TECMaps.aux
I found no \bibstyle command---while reading file TECMaps.aux
(There were 3 error messages)
This is BibTeX, Version 0.99c (TeX Live 2009/Debian)
The top-level auxiliary file: timeconvert.aux
I found no \citation commands---while reading file timeconvert.aux
I found no \bibdata command---while reading file timeconvert.aux
I found no \bibstyle command---while reading file timeconvert.aux
(There were 3 error messages)
This is BibTeX, Version 0.99c (TeX Live 2009/Debian)
The top-level auxiliary file: vecsol.aux
I found no \citation commands---while reading file vecsol.aux
I found no \bibdata command---while reading file vecsol.aux
I found no \bibstyle command---while reading file vecsol.aux
(There were 3 error messages)
This is BibTeX, Version 0.99c (TeX Live 2009/Debian)
The top-level auxiliary file: WhereSat.aux
I found no \citation commands---while reading file WhereSat.aux
I found no \bibdata command---while reading file WhereSat.aux
I found no \bibstyle command---while reading file WhereSat.aux
(There were 3 error messages)
This is pdfTeX, Version 3.1415926-1.40.10 (TeX Live 2009/Debian)
entering extended mode
LaTeX2e <2009/09/24>
Babel <v3.8l> and hyphenation patterns for english, usenglishmax, dumylang, noh
yphenation, loaded.
(./gpstk-user-reference.tex (./src/manual.cls
Document Class: src/manual 2005/09/16 v1.4f Standard LaTeX document class
(/usr/share/texmf-texlive/tex/latex/base/bk10.clo))
(/usr/share/texmf-texlive/tex/latex/base/makeidx.sty)
(/usr/share/texmf-texlive/tex/latex/graphics/epsfig.sty
(/usr/share/texmf-texlive/tex/latex/graphics/graphicx.sty
(/usr/share/texmf-texlive/tex/latex/graphics/keyval.sty)
(/usr/share/texmf-texlive/tex/latex/graphics/graphics.sty
(/usr/share/texmf-texlive/tex/latex/graphics/trig.sty)
(/etc/texmf/tex/latex/config/graphics.cfg)
(/usr/share/texmf-texlive/tex/latex/graphics/dvips.def)))) (./src/bibunits.sty)
 (/usr/share/texmf-texlive/tex/latex/perltex/perltex.sty

! Package perltex Error: Document must be compiled using perltex.

See the perltex package documentation for explanation.
Type  H <return>  for immediate help.
 ...                                              
                                                  
l.45        communication between LaTeX and Perl.}
                                                  
? ) (/usr/share/texmf-texlive/tex/latex/fancyvrb/fancyvrb.sty
Style option: `fancyvrb' v2.7a, with DG/SPQR fixes, and firstline=lastline fix 
<2008/02/07> (tvz)) (/usr/share/texmf-texlive/tex/latex/multirow/multirow.sty)
(/usr/share/texmf-texlive/tex/latex/rotating/rotating.sty
(/usr/share/texmf-texlive/tex/latex/base/ifthen.sty))
(/usr/share/texmf-texlive/tex/latex/colortbl/colortbl.sty
(/usr/share/texmf-texlive/tex/latex/tools/array.sty)
(/usr/share/texmf-texlive/tex/latex/graphics/color.sty
(/etc/texmf/tex/latex/config/color.cfg)
(/usr/share/texmf-texlive/tex/latex/graphics/dvipsnam.def)))
(/usr/share/texmf/tex/latex/xcolor/xcolor.sty
(/etc/texmf/tex/latex/config/color.cfg))
(/usr/share/texmf-texlive/tex/latex/listings/listings.sty
(/usr/share/texmf-texlive/tex/latex/listings/lstmisc.sty)
(/usr/share/texmf-texlive/tex/latex/listings/listings.cfg))
(/usr/share/texmf-texlive/tex/latex/tools/longtable.sty) (./src/cmd.tex)
Writing index file gpstk-user-reference.idx
(./gpstk-user-reference.aux (./notices.aux) (./introduction.aux) (./bu.aux)

LaTeX Warning: Label `apptable' multiply defined.

(./ashconv.aux) (./ats2mdp.aux) (./bc2sp3.aux) (./CalcDOPs.aux) (./calgps.aux)
(./compSatStaVis.aux) (./ConstellationList.aux) (./daa.aux) (./DiscFix.aux)
(./DOPcalc.aux) (./ephdiff.aux) (./ephsum.aux) (./fic2rin.aux) (./FICcheck.aux)
(./ficconv.aux) (./ficdiff.aux) (./findMoreThan12.aux) (./IonoBias.aux)
(./mdpconv.aux) (./mdptool.aux) (./mergeFIC.aux) (./mergeRin.aux) (./navdmp.aux
) (./NavMerge.aux) (./navsum.aux) (./novaRinex.aux) (./poscvt.aux)
(./PRSolve.aux) (./ResCor.aux) (./reszilla.aux) (./RINcheck.aux) (./RINdiff.aux
) (./RinexDump.aux) (./RinNav.aux) (./RinEdit.aux) (./rinexpvt.aux)
(./RinSum.aux) (./Rin3Sum.aux) (./rtAshtech.aux) (./sp32bc.aux)
(./sp3version.aux) (./svvis.aux) (./TECMaps.aux) (./timeconvert.aux)
(./vecsol.aux) (./WhereSat.aux) (./bu.aux)) (./titlepg.tex [1]) (./notices.tex
(/usr/share/texmf-texlive/tex/latex/base/omscmr.fd)) [2] (./bu.aux)
(./gpstk-user-reference.toc [3] [4] [5] [6] [7]) [8] (./introduction.tex
Overfull \hbox (2.40804pt too wide) in paragraph at lines 4--5
\OT1/cmr/m/n/10 as pos-si-ble. Plat-form in-de-pen-dence is achieved through us
e of the ANSI-standard
[1]) [2] [3] [4] (./gpsnutshell.tex (./bu.aux)
Chapter 1.
[5] (./bu1.aux)

LaTeX Warning: Citation `ion:gnss04' on page 6 undefined on input line 29.


LaTeX Warning: Citation `nga:website' on page 6 undefined on input line 29.


LaTeX Warning: Citation `igs:reference' on page 6 undefined on input line 29.


LaTeX Warning: Citation `argn:website' on page 6 undefined on input line 34.


LaTeX Warning: Citation `cddis:website' on page 6 undefined on input line 34.

[6] (./gpstk-user-reference.bbl

LaTeX Warning: Empty `thebibliography' environment on input line 3.

)
\bibdata{gpstk}
(./bu1.bbl

LaTeX Warning: Empty `thebibliography' environment on input line 3.

)) (./gpsfileforms.tex (./bu1.aux) (./bu.aux) [7] [8]
Chapter 2.
(./bu2.aux)

LaTeX Warning: Citation `sp3format:ngs' on page 9 undefined on input line 40.


LaTeX Warning: Citation `sp3format:igscb' on page 9 undefined on input line 40.


[9] (./bu2.bbl
Underfull \hbox (badness 10000) in paragraph at lines 9--12
[]\OT1/cmr/m/n/10 Werner G^^?urtner and Lou Estey.  \OT1/cmr/m/it/10 RINEX: The
 Re-

Underfull \hbox (badness 10000) in paragraph at lines 9--12
\OT1/cmr/m/it/10 ciever In-de-pen-dant Ex-change For-mat Ver-sion 2.11\OT1/cmr/
m/n/10 .

Underfull \hbox (badness 10000) in paragraph at lines 14--18
[]\OT1/cmr/m/n/10 Werner G^^?urtner and Lou Estey.  \OT1/cmr/m/it/10 RINEX: The
 Re-

Underfull \hbox (badness 10000) in paragraph at lines 14--18
\OT1/cmr/m/it/10 ciever In-de-pen-dant Ex-change For-mat Ver-sion 3.00\OT1/cmr/
m/n/10 .
)) (./convcoordtime.tex (./bu2.aux) (./bu.aux) [10]
Chapter 3.
(./bu3.aux) [11] [12] [13] [14] [15] [16] (./bu3.bbl [17])) [18] [19] [20]
(./toolkitportrait.tex
Overfull \hbox (2.63629pt too wide) in paragraph at lines 38--38
[]|[]|  

Overfull \hbox (4.38629pt too wide) in paragraph at lines 61--61
[]|[]|  

Overfull \hbox (4.38629pt too wide) in paragraph at lines 86--86
[]|[]|  

Overfull \hbox (2.63629pt too wide) in paragraph at lines 108--108
[]|[]|  

Overfull \vbox (9.50002pt too high) detected at line 117

Overfull \hbox (2.63629pt too wide) in paragraph at lines 123--123
[]|[]|  

Overfull \hbox (4.38629pt too wide) in paragraph at lines 153--153
[]|[]|  

Overfull \hbox (2.53627pt too wide) in paragraph at lines 164--164
[]|[]|  

Overfull \hbox (4.28627pt too wide) in paragraph at lines 180--180
[]|[]|  

Overfull \hbox (90.13724pt too wide) in paragraph at lines 20--184
[][] 

LaTeX Warning: Float too large for page by 243.38759pt on input line 188.

) (./toolkitportrait2.tex
Overfull \hbox (4.38629pt too wide) in paragraph at lines 32--32
[]|[]|  

Overfull \hbox (2.53627pt too wide) in paragraph at lines 43--43
[]|[]|  

Overfull \hbox (4.28627pt too wide) in paragraph at lines 59--59
[]|[]|  

Overfull \hbox (90.13724pt too wide) in paragraph at lines 3--62
[][] 
) (./sec2_2.tex [21] [22] (./ashconv.tex
Overfull \hbox (68.52957pt too wide) in alignment at lines 18--31
 [] [] [] 
) [23] (./ats2mdp.tex) [24] (./bc2sp3.tex
Overfull \hbox (28.09328pt too wide) in alignment at lines 8--20
 [] [] [] 
) [25] (./CalcDOPs.tex
Overfull \hbox (254.27475pt too wide) in alignment at lines 24--45
 [] [] [] 

Overfull \hbox (9.47833pt too wide) in paragraph at lines 67--84
 [] 

Underfull \vbox (badness 10000) has occurred while \output is active [26])
[27] (./calgps.tex
Overfull \hbox (51.05795pt too wide) in alignment at lines 20--34
 [] [] [] 
) [28] (./compSatStaVis.tex
Overfull \hbox (254.27475pt too wide) in alignment at lines 21--44
 [] [] [] 

Overfull \hbox (305.99432pt too wide) in paragraph at lines 60--60
[]\OT1/cmtt/m/n/10 user@host:~$ compSatVis -ovisout.txt -ncurrent.alm -tYUMA -c
stations.msc -e10 -p60 -s"01/13/2008 00:00" -z"01/16/2008 23:59"[] 

Overfull \hbox (305.99432pt too wide) in paragraph at lines 66--66
[]\OT1/cmtt/m/n/10 user@host:~$ compSatVis -ovisout.txt -ncurrent.alm -tYUMA -c
stations.msc -e10 -p60 -s"01/13/2008 00:00" -z"01/16/2008 23:59"[] 
[29]
Overfull \hbox (179.99542pt too wide) in paragraph at lines 72--72
[]\OT1/cmtt/m/n/10 user@host:~$ compSatVis -ovisout.txt -napc14622 -napc14623 -
napc14624 -tSP3 -cstations.msc -e10 -p60[] 
) [30] (./ConstellationList.tex
Overfull \hbox (52.09328pt too wide) in alignment at lines 18--36
 [] [] [] 

Overfull \hbox (29.00537pt too wide) in paragraph at lines 50--50
[]\OT1/cmtt/m/n/8 2, 3, 4, 6, 8, 9, 10, 11, 12, 13, 14, 15, 16, 17, 18, 19, 20,
 21, 22, 23, 27, 28, 30, 31[] 

Overfull \hbox (54.50574pt too wide) in paragraph at lines 50--50
[]\OT1/cmtt/m/n/8 61, 33, 34, 36, 38, 39, 40, 46, 58, 43, 41, 55, 56, 53, 54, 5
9, 51, 45, 47, 60, 27, 44, 30, 52[] 
) [31] (./daa.tex
Overfull \hbox (537.32881pt too wide) in alignment at lines 18--52
 [] [] [] 
) [32] (./DiscFix.tex
Overfull \hbox (699.07399pt too wide) in alignment at lines 23--57
 [] [] [] 
) [33] (./DOPcalc.tex
Overfull \hbox (11.65698pt too wide) in alignment at lines 18--34
 [] [] [] 
) [34] (./ephdiff.tex) [35] (./ephsum.tex [36]) [37] (./fic2rin.tex) [38]
(./FICcheck.tex) [39] (./ficconv.tex) [40] (./ficdiff.tex) [41]
(./findMoreThan12.tex) [42] (./IonoBias.tex
Overfull \hbox (294.71104pt too wide) in alignment at lines 19--72
 [] [] [] 

Overfull \hbox (37.5055pt too wide) in paragraph at lines 78--79
[][][][][][][][][][][][][][][][][][][][][][][][][][][][][] 

Overfull \hbox (63.00586pt too wide) in paragraph at lines 79--80
[][][][][][][][][][][][][][][][][][][][][][][][][][][][][][][][][][][] 
[43]) [44] (./mdpconv.tex
Overfull \hbox (52.09328pt too wide) in alignment at lines 39--57
 [] [] [] 
) [45] (./mdptool.tex
Overfull \hbox (553.7651pt too wide) in alignment at lines 19--52
 [] [] [] 
) [46] (./mergeFIC.tex) [47] (./mergeRin.tex
Overfull \hbox (2.85277pt too wide) in paragraph at lines 14--14
[]\OT1/cmr/bx/it/14.4 mergeRinObs merg-eRin-Nav merg-eR-in-Met 
) [48] (./navdmp.tex
Overfull \hbox (92.52957pt too wide) in alignment at lines 18--37
 [] [] [] 
[49]) [50] (./NavMerge.tex) [51] (./navsum.tex
Overfull \hbox (92.52957pt too wide) in alignment at lines 19--38
 [] [] [] 
) [52] (./novaRinex.tex
Overfull \hbox (254.27475pt too wide) in alignment at lines 22--72
 [] [] [] 
) [53] (./poscvt.tex
Overfull \hbox (68.52957pt too wide) in alignment at lines 20--33
 [] [] [] 
) [54] (./PRSolve.tex
Overfull \hbox (132.96587pt too wide) in alignment at lines 22--82
 [] [] [] 

Underfull \hbox (badness 10000) in paragraph at lines 103--106

[55]
Underfull \hbox (badness 10000) in paragraph at lines 114--115

) [56] (./ResCor.tex
Overfull \hbox (213.83846pt too wide) in alignment at lines 22--70
 [] [] [] 
[57]) [58] (./reszilla.tex
Underfull \hbox (badness 10000) in paragraph at lines 59--60


Overfull \hbox (108.96587pt too wide) in alignment at lines 62--81
 [] [] [] 

Underfull \hbox (badness 10000) in paragraph at lines 87--88


Overfull \hbox (392.01993pt too wide) in alignment at lines 90--123
 [] [] [] 

Underfull \vbox (badness 4353) has occurred while \output is active [59]
Overfull \hbox (311.14734pt too wide) in alignment at lines 130--163
 [] [] [] 

Underfull \hbox (badness 10000) in paragraph at lines 170--172


Overfull \hbox (28.09328pt too wide) in alignment at lines 172--185
 [] [] [] 

Underfull \hbox (badness 10000) in paragraph at lines 191--192


Overfull \hbox (149.40216pt too wide) in alignment at lines 194--214
 [] [] [] 
[60]
Overfull \hbox (598.45146pt too wide) in alignment at lines 257--315
 [] [] [] 
[61]) [62] (./RINcheck.tex
Overfull \hbox (1.92934pt too wide) in paragraph at lines 17--18
\OT1/cmr/m/n/10 These ap-pli-ca-tions read a RINEX ob-ser-va-tion (\OT1/cmr/m/i
t/10 rowcheck\OT1/cmr/m/n/10 ), nav-i-ga-tion(\OT1/cmr/m/it/10 rnwcheck\OT1/cmr
/m/n/10 ),
) [63] (./RINdiff.tex) [64] (./RinexDump.tex) [65] (./RinNav.tex
Overfull \hbox (132.96587pt too wide) in alignment at lines 17--38
 [] [] [] 
) [66] (./RinEdit.tex
Overfull \hbox (108.96587pt too wide) in alignment at lines 20--34
 [] [] [] 
) [67] (./rinexpvt.tex
Overfull \hbox (496.89252pt too wide) in alignment at lines 18--46
 [] [] [] 
) [68] (./RinSum.tex
Overfull \hbox (230.27475pt too wide) in alignment at lines 19--36
 [] [] [] 

Overfull \hbox (3.505pt too wide) in paragraph at lines 44--45
[][][][][][][][][][][][][][][][][][][][][][][] 

Overfull \hbox (100.83138pt too wide) in paragraph at lines 78--80
[][][][][][][][][][][][][][][][][][][][][][][][][][][][][][][][][][][][][][] 

Overfull \hbox (33.25516pt too wide) in paragraph at lines 80--81
[][][][][][][][][][][][][][][][][][][][][][][][][][][][][][][][][] 
[69]) [70] (./Rin3Sum.tex
Overfull \hbox (230.27475pt too wide) in alignment at lines 19--36
 [] [] [] 
) [71] (./rtAshtech.tex
Overfull \hbox (68.52957pt too wide) in alignment at lines 21--34
 [] [] [] 
) [72] (./sp32bc.tex
! Misplaced \omit.
\multispan ->\omit 
                   \@multispan 
l.24 ...icolumn{3}{l}{\textbf{Optional Arguments}}
                                                   \\
? ) [73] (./sp3version.tex) [74] (./svvis.tex
Overfull \hbox (335.14734pt too wide) in alignment at lines 18--41
 [] [] [] 
) [75] (./TECMaps.tex
Overfull \hbox (294.71104pt too wide) in alignment at lines 18--86
 [] [] [] 

Overfull \hbox (294.71104pt too wide) in alignment at lines 86--91
 [] [] [] 
) [76] (./timeconvert.tex
Overfull \hbox (513.32881pt too wide) in alignment at lines 20--44
 [] [] [] 
) [77] (./vecsol.tex
Overfull \hbox (149.40216pt too wide) in alignment at lines 46--61
 [] [] [] 
) [78] [79] (./WhereSat.tex
Overfull \hbox (11.65698pt too wide) in alignment at lines 23--38
 [] [] [] 
[80]) [81]) (./gpstk-user-reference.ind [82] [83]) (./gpstk-user-reference.bbl

LaTeX Warning: Empty `thebibliography' environment on input line 3.

) [84] (./gpstk-user-reference.aux (./notices.aux) (./introduction.aux)
(./bu.aux) (./ashconv.aux) (./ats2mdp.aux) (./bc2sp3.aux) (./CalcDOPs.aux)
(./calgps.aux) (./compSatStaVis.aux) (./ConstellationList.aux) (./daa.aux)
(./DiscFix.aux) (./DOPcalc.aux) (./ephdiff.aux) (./ephsum.aux) (./fic2rin.aux)
(./FICcheck.aux) (./ficconv.aux) (./ficdiff.aux) (./findMoreThan12.aux)
(./IonoBias.aux) (./mdpconv.aux) (./mdptool.aux) (./mergeFIC.aux)
(./mergeRin.aux) (./navdmp.aux) (./NavMerge.aux) (./navsum.aux)
(./novaRinex.aux) (./poscvt.aux) (./PRSolve.aux) (./ResCor.aux) (./reszilla.aux
) (./RINcheck.aux) (./RINdiff.aux) (./RinexDump.aux) (./RinNav.aux)
(./RinEdit.aux) (./rinexpvt.aux) (./RinSum.aux) (./Rin3Sum.aux)
(./rtAshtech.aux) (./sp32bc.aux) (./sp3version.aux) (./svvis.aux)
(./TECMaps.aux) (./timeconvert.aux) (./vecsol.aux) (./WhereSat.aux) (./bu.aux))

 *File List*
src/manual.cls
    bk10.clo    2007/10/19 v1.4h Standard LaTeX file (size option)
 makeidx.sty    2000/03/29 v1.0m Standard LaTeX package
  epsfig.sty    1999/02/16 v1.7a (e)psfig emulation (SPQR)
graphicx.sty    1999/02/16 v1.0f Enhanced LaTeX Graphics (DPC,SPQR)
  keyval.sty    1999/03/16 v1.13 key=value parser (DPC)
graphics.sty    2009/02/05 v1.0o Standard LaTeX Graphics (DPC,SPQR)
    trig.sty    1999/03/16 v1.09 sin cos tan (DPC)
graphics.cfg    2009/08/28 v1.8 graphics configuration of TeX Live
   dvips.def    1999/02/16 v3.0i Driver-dependant file (DPC,SPQR)
src/bibunits.sty
 perltex.sty    2009/09/13 v1.9 LaTeX macros for use with PerlTeX
fancyvrb.sty    2008/02/07
multirow.sty    
rotating.sty    2009/03/28 v2.16a rotated objects in LaTeX
  ifthen.sty    2001/05/26 v1.1c Standard LaTeX ifthen package (DPC)
colortbl.sty    2001/02/13 v0.1j Color table columns (DPC)
   array.sty    2008/09/09 v2.4c Tabular extension package (FMi)
   color.sty    1999/02/16
   color.cfg    2007/01/18 v1.5 color configuration of teTeX/TeXLive
dvipsnam.def    1999/02/16 v3.0i Driver-dependant file (DPC,SPQR)
  xcolor.sty    2007/01/21 v2.11 LaTeX color extensions (UK)
   color.cfg    2007/01/18 v1.5 color configuration of teTeX/TeXLive
listings.sty    2007/02/22 1.4 (Carsten Heinz)
 lstmisc.sty    2007/02/22 1.4 (Carsten Heinz)
listings.cfg    2007/02/22 1.4 listings configuration
longtable.sty    2004/02/01 v4.11 Multi-page Table package (DPC)
 src/cmd.tex
 titlepg.tex
 notices.tex
  omscmr.fd    1999/05/25 v2.5h Standard LaTeX font definitions
introduction.tex
gpsnutshell.tex
gpstk-user-reference.bbl
     bu1.bbl
gpsfileforms.tex
     bu2.bbl
convcoordtime.tex
     bu3.bbl
toolkitportrait.tex
toolkitportrait2.tex
  sec2_2.tex
 ashconv.tex
 ats2mdp.tex
  bc2sp3.tex
CalcDOPs.tex
  calgps.tex
compSatStaVis.tex
ConstellationList.tex
     daa.tex
 DiscFix.tex
 DOPcalc.tex
 ephdiff.tex
  ephsum.tex
 fic2rin.tex
FICcheck.tex
 ficconv.tex
 ficdiff.tex
findMoreThan12.tex
IonoBias.tex
 mdpconv.tex
 mdptool.tex
mergeFIC.tex
mergeRin.tex
  navdmp.tex
NavMerge.tex
  navsum.tex
novaRinex.tex
  poscvt.tex
 PRSolve.tex
  ResCor.tex
reszilla.tex
RINcheck.tex
 RINdiff.tex
RinexDump.tex
  RinNav.tex
 RinEdit.tex
rinexpvt.tex
  RinSum.tex
 Rin3Sum.tex
rtAshtech.tex
  sp32bc.tex
sp3version.tex
   svvis.tex
 TECMaps.tex
timeconvert.tex
  vecsol.tex
WhereSat.tex
gpstk-user-reference.ind
gpstk-user-reference.bbl
 ***********


LaTeX Warning: There were undefined references.


LaTeX Warning: There were multiply-defined labels.

 )
Output written on gpstk-user-reference.dvi (92 pages, 370540 bytes).
Transcript written on gpstk-user-reference.log.
This is pdfTeX, Version 3.1415926-1.40.10 (TeX Live 2009/Debian)
entering extended mode
LaTeX2e <2009/09/24>
Babel <v3.8l> and hyphenation patterns for english, usenglishmax, dumylang, noh
yphenation, loaded.
(./gpstk-user-reference.tex (./src/manual.cls
Document Class: src/manual 2005/09/16 v1.4f Standard LaTeX document class
(/usr/share/texmf-texlive/tex/latex/base/bk10.clo))
(/usr/share/texmf-texlive/tex/latex/base/makeidx.sty)
(/usr/share/texmf-texlive/tex/latex/graphics/epsfig.sty
(/usr/share/texmf-texlive/tex/latex/graphics/graphicx.sty
(/usr/share/texmf-texlive/tex/latex/graphics/keyval.sty)
(/usr/share/texmf-texlive/tex/latex/graphics/graphics.sty
(/usr/share/texmf-texlive/tex/latex/graphics/trig.sty)
(/etc/texmf/tex/latex/config/graphics.cfg)
(/usr/share/texmf-texlive/tex/latex/graphics/dvips.def)))) (./src/bibunits.sty)
 (/usr/share/texmf-texlive/tex/latex/perltex/perltex.sty

! Package perltex Error: Document must be compiled using perltex.

See the perltex package documentation for explanation.
Type  H <return>  for immediate help.
 ...                                              
                                                  
l.45        communication between LaTeX and Perl.}
                                                  
? ) (/usr/share/texmf-texlive/tex/latex/fancyvrb/fancyvrb.sty
Style option: `fancyvrb' v2.7a, with DG/SPQR fixes, and firstline=lastline fix 
<2008/02/07> (tvz)) (/usr/share/texmf-texlive/tex/latex/multirow/multirow.sty)
(/usr/share/texmf-texlive/tex/latex/rotating/rotating.sty
(/usr/share/texmf-texlive/tex/latex/base/ifthen.sty))
(/usr/share/texmf-texlive/tex/latex/colortbl/colortbl.sty
(/usr/share/texmf-texlive/tex/latex/tools/array.sty)
(/usr/share/texmf-texlive/tex/latex/graphics/color.sty
(/etc/texmf/tex/latex/config/color.cfg)
(/usr/share/texmf-texlive/tex/latex/graphics/dvipsnam.def)))
(/usr/share/texmf/tex/latex/xcolor/xcolor.sty
(/etc/texmf/tex/latex/config/color.cfg))
(/usr/share/texmf-texlive/tex/latex/listings/listings.sty
(/usr/share/texmf-texlive/tex/latex/listings/lstmisc.sty)
(/usr/share/texmf-texlive/tex/latex/listings/listings.cfg))
(/usr/share/texmf-texlive/tex/latex/tools/longtable.sty) (./src/cmd.tex)
Writing index file gpstk-user-reference.idx
(./gpstk-user-reference.aux (./notices.aux) (./introduction.aux) (./bu.aux)

LaTeX Warning: Label `apptable' multiply defined.

(./ashconv.aux) (./ats2mdp.aux) (./bc2sp3.aux) (./CalcDOPs.aux) (./calgps.aux)
(./compSatStaVis.aux) (./ConstellationList.aux) (./daa.aux) (./DiscFix.aux)
(./DOPcalc.aux) (./ephdiff.aux) (./ephsum.aux) (./fic2rin.aux) (./FICcheck.aux)
(./ficconv.aux) (./ficdiff.aux) (./findMoreThan12.aux) (./IonoBias.aux)
(./mdpconv.aux) (./mdptool.aux) (./mergeFIC.aux) (./mergeRin.aux) (./navdmp.aux
) (./NavMerge.aux) (./navsum.aux) (./novaRinex.aux) (./poscvt.aux)
(./PRSolve.aux) (./ResCor.aux) (./reszilla.aux) (./RINcheck.aux) (./RINdiff.aux
) (./RinexDump.aux) (./RinNav.aux) (./RinEdit.aux) (./rinexpvt.aux)
(./RinSum.aux) (./Rin3Sum.aux) (./rtAshtech.aux) (./sp32bc.aux)
(./sp3version.aux) (./svvis.aux) (./TECMaps.aux) (./timeconvert.aux)
(./vecsol.aux) (./WhereSat.aux) (./bu.aux)) (./titlepg.tex [1]) (./notices.tex
(/usr/share/texmf-texlive/tex/latex/base/omscmr.fd)) [2] (./bu.aux)
(./gpstk-user-reference.toc [3] [4] [5] [6] [7]) [8] (./introduction.tex
Overfull \hbox (2.40804pt too wide) in paragraph at lines 4--5
\OT1/cmr/m/n/10 as pos-si-ble. Plat-form in-de-pen-dence is achieved through us
e of the ANSI-standard
[1]) [2] [3] [4] (./gpsnutshell.tex (./bu.aux)
Chapter 1.
[5] (./bu1.aux)

LaTeX Warning: Citation `ion:gnss04' on page 6 undefined on input line 29.


LaTeX Warning: Citation `nga:website' on page 6 undefined on input line 29.


LaTeX Warning: Citation `igs:reference' on page 6 undefined on input line 29.


LaTeX Warning: Citation `argn:website' on page 6 undefined on input line 34.


LaTeX Warning: Citation `cddis:website' on page 6 undefined on input line 34.

[6] (./gpstk-user-reference.bbl

LaTeX Warning: Empty `thebibliography' environment on input line 3.

)
\bibdata{gpstk}
(./bu1.bbl

LaTeX Warning: Empty `thebibliography' environment on input line 3.

)) (./gpsfileforms.tex (./bu1.aux) (./bu.aux) [7] [8]
Chapter 2.
(./bu2.aux)

LaTeX Warning: Citation `sp3format:ngs' on page 9 undefined on input line 40.


LaTeX Warning: Citation `sp3format:igscb' on page 9 undefined on input line 40.


[9] (./bu2.bbl
Underfull \hbox (badness 10000) in paragraph at lines 9--12
[]\OT1/cmr/m/n/10 Werner G^^?urtner and Lou Estey.  \OT1/cmr/m/it/10 RINEX: The
 Re-

Underfull \hbox (badness 10000) in paragraph at lines 9--12
\OT1/cmr/m/it/10 ciever In-de-pen-dant Ex-change For-mat Ver-sion 2.11\OT1/cmr/
m/n/10 .

Underfull \hbox (badness 10000) in paragraph at lines 14--18
[]\OT1/cmr/m/n/10 Werner G^^?urtner and Lou Estey.  \OT1/cmr/m/it/10 RINEX: The
 Re-

Underfull \hbox (badness 10000) in paragraph at lines 14--18
\OT1/cmr/m/it/10 ciever In-de-pen-dant Ex-change For-mat Ver-sion 3.00\OT1/cmr/
m/n/10 .
)) (./convcoordtime.tex (./bu2.aux) (./bu.aux) [10]
Chapter 3.
(./bu3.aux) [11] [12] [13] [14] [15] [16] (./bu3.bbl [17])) [18] [19] [20]
(./toolkitportrait.tex
Overfull \hbox (2.63629pt too wide) in paragraph at lines 38--38
[]|[]|  

Overfull \hbox (4.38629pt too wide) in paragraph at lines 61--61
[]|[]|  

Overfull \hbox (4.38629pt too wide) in paragraph at lines 86--86
[]|[]|  

Overfull \hbox (2.63629pt too wide) in paragraph at lines 108--108
[]|[]|  

Overfull \vbox (9.50002pt too high) detected at line 117

Overfull \hbox (2.63629pt too wide) in paragraph at lines 123--123
[]|[]|  

Overfull \hbox (4.38629pt too wide) in paragraph at lines 153--153
[]|[]|  

Overfull \hbox (2.53627pt too wide) in paragraph at lines 164--164
[]|[]|  

Overfull \hbox (4.28627pt too wide) in paragraph at lines 180--180
[]|[]|  

Overfull \hbox (90.13724pt too wide) in paragraph at lines 20--184
[][] 

LaTeX Warning: Float too large for page by 243.38759pt on input line 188.

) (./toolkitportrait2.tex
Overfull \hbox (4.38629pt too wide) in paragraph at lines 32--32
[]|[]|  

Overfull \hbox (2.53627pt too wide) in paragraph at lines 43--43
[]|[]|  

Overfull \hbox (4.28627pt too wide) in paragraph at lines 59--59
[]|[]|  

Overfull \hbox (90.13724pt too wide) in paragraph at lines 3--62
[][] 
) (./sec2_2.tex [21] [22] (./ashconv.tex
Overfull \hbox (68.52957pt too wide) in alignment at lines 18--31
 [] [] [] 
) [23] (./ats2mdp.tex) [24] (./bc2sp3.tex
Overfull \hbox (28.09328pt too wide) in alignment at lines 8--20
 [] [] [] 
) [25] (./CalcDOPs.tex
Overfull \hbox (254.27475pt too wide) in alignment at lines 24--45
 [] [] [] 

Overfull \hbox (9.47833pt too wide) in paragraph at lines 67--84
 [] 

Underfull \vbox (badness 10000) has occurred while \output is active [26])
[27] (./calgps.tex
Overfull \hbox (51.05795pt too wide) in alignment at lines 20--34
 [] [] [] 
) [28] (./compSatStaVis.tex
Overfull \hbox (254.27475pt too wide) in alignment at lines 21--44
 [] [] [] 

Overfull \hbox (305.99432pt too wide) in paragraph at lines 60--60
[]\OT1/cmtt/m/n/10 user@host:~$ compSatVis -ovisout.txt -ncurrent.alm -tYUMA -c
stations.msc -e10 -p60 -s"01/13/2008 00:00" -z"01/16/2008 23:59"[] 

Overfull \hbox (305.99432pt too wide) in paragraph at lines 66--66
[]\OT1/cmtt/m/n/10 user@host:~$ compSatVis -ovisout.txt -ncurrent.alm -tYUMA -c
stations.msc -e10 -p60 -s"01/13/2008 00:00" -z"01/16/2008 23:59"[] 
[29]
Overfull \hbox (179.99542pt too wide) in paragraph at lines 72--72
[]\OT1/cmtt/m/n/10 user@host:~$ compSatVis -ovisout.txt -napc14622 -napc14623 -
napc14624 -tSP3 -cstations.msc -e10 -p60[] 
) [30] (./ConstellationList.tex
Overfull \hbox (52.09328pt too wide) in alignment at lines 18--36
 [] [] [] 

Overfull \hbox (29.00537pt too wide) in paragraph at lines 50--50
[]\OT1/cmtt/m/n/8 2, 3, 4, 6, 8, 9, 10, 11, 12, 13, 14, 15, 16, 17, 18, 19, 20,
 21, 22, 23, 27, 28, 30, 31[] 

Overfull \hbox (54.50574pt too wide) in paragraph at lines 50--50
[]\OT1/cmtt/m/n/8 61, 33, 34, 36, 38, 39, 40, 46, 58, 43, 41, 55, 56, 53, 54, 5
9, 51, 45, 47, 60, 27, 44, 30, 52[] 
) [31] (./daa.tex
Overfull \hbox (537.32881pt too wide) in alignment at lines 18--52
 [] [] [] 
) [32] (./DiscFix.tex
Overfull \hbox (699.07399pt too wide) in alignment at lines 23--57
 [] [] [] 
) [33] (./DOPcalc.tex
Overfull \hbox (11.65698pt too wide) in alignment at lines 18--34
 [] [] [] 
) [34] (./ephdiff.tex) [35] (./ephsum.tex [36]) [37] (./fic2rin.tex) [38]
(./FICcheck.tex) [39] (./ficconv.tex) [40] (./ficdiff.tex) [41]
(./findMoreThan12.tex) [42] (./IonoBias.tex
Overfull \hbox (294.71104pt too wide) in alignment at lines 19--72
 [] [] [] 

Overfull \hbox (37.5055pt too wide) in paragraph at lines 78--79
[][][][][][][][][][][][][][][][][][][][][][][][][][][][][] 

Overfull \hbox (63.00586pt too wide) in paragraph at lines 79--80
[][][][][][][][][][][][][][][][][][][][][][][][][][][][][][][][][][][] 
[43]) [44] (./mdpconv.tex
Overfull \hbox (52.09328pt too wide) in alignment at lines 39--57
 [] [] [] 
) [45] (./mdptool.tex
Overfull \hbox (553.7651pt too wide) in alignment at lines 19--52
 [] [] [] 
) [46] (./mergeFIC.tex) [47] (./mergeRin.tex
Overfull \hbox (2.85277pt too wide) in paragraph at lines 14--14
[]\OT1/cmr/bx/it/14.4 mergeRinObs merg-eRin-Nav merg-eR-in-Met 
) [48] (./navdmp.tex
Overfull \hbox (92.52957pt too wide) in alignment at lines 18--37
 [] [] [] 
[49]) [50] (./NavMerge.tex) [51] (./navsum.tex
Overfull \hbox (92.52957pt too wide) in alignment at lines 19--38
 [] [] [] 
) [52] (./novaRinex.tex
Overfull \hbox (254.27475pt too wide) in alignment at lines 22--72
 [] [] [] 
) [53] (./poscvt.tex
Overfull \hbox (68.52957pt too wide) in alignment at lines 20--33
 [] [] [] 
) [54] (./PRSolve.tex
Overfull \hbox (132.96587pt too wide) in alignment at lines 22--82
 [] [] [] 

Underfull \hbox (badness 10000) in paragraph at lines 103--106

[55]
Underfull \hbox (badness 10000) in paragraph at lines 114--115

) [56] (./ResCor.tex
Overfull \hbox (213.83846pt too wide) in alignment at lines 22--70
 [] [] [] 
[57]) [58] (./reszilla.tex
Underfull \hbox (badness 10000) in paragraph at lines 59--60


Overfull \hbox (108.96587pt too wide) in alignment at lines 62--81
 [] [] [] 

Underfull \hbox (badness 10000) in paragraph at lines 87--88


Overfull \hbox (392.01993pt too wide) in alignment at lines 90--123
 [] [] [] 

Underfull \vbox (badness 4353) has occurred while \output is active [59]
Overfull \hbox (311.14734pt too wide) in alignment at lines 130--163
 [] [] [] 

Underfull \hbox (badness 10000) in paragraph at lines 170--172


Overfull \hbox (28.09328pt too wide) in alignment at lines 172--185
 [] [] [] 

Underfull \hbox (badness 10000) in paragraph at lines 191--192


Overfull \hbox (149.40216pt too wide) in alignment at lines 194--214
 [] [] [] 
[60]
Overfull \hbox (598.45146pt too wide) in alignment at lines 257--315
 [] [] [] 
[61]) [62] (./RINcheck.tex
Overfull \hbox (1.92934pt too wide) in paragraph at lines 17--18
\OT1/cmr/m/n/10 These ap-pli-ca-tions read a RINEX ob-ser-va-tion (\OT1/cmr/m/i
t/10 rowcheck\OT1/cmr/m/n/10 ), nav-i-ga-tion(\OT1/cmr/m/it/10 rnwcheck\OT1/cmr
/m/n/10 ),
) [63] (./RINdiff.tex) [64] (./RinexDump.tex) [65] (./RinNav.tex
Overfull \hbox (132.96587pt too wide) in alignment at lines 17--38
 [] [] [] 
) [66] (./RinEdit.tex
Overfull \hbox (108.96587pt too wide) in alignment at lines 20--34
 [] [] [] 
) [67] (./rinexpvt.tex
Overfull \hbox (496.89252pt too wide) in alignment at lines 18--46
 [] [] [] 
) [68] (./RinSum.tex
Overfull \hbox (230.27475pt too wide) in alignment at lines 19--36
 [] [] [] 

Overfull \hbox (3.505pt too wide) in paragraph at lines 44--45
[][][][][][][][][][][][][][][][][][][][][][][] 

Overfull \hbox (100.83138pt too wide) in paragraph at lines 78--80
[][][][][][][][][][][][][][][][][][][][][][][][][][][][][][][][][][][][][][] 

Overfull \hbox (33.25516pt too wide) in paragraph at lines 80--81
[][][][][][][][][][][][][][][][][][][][][][][][][][][][][][][][][] 
[69]) [70] (./Rin3Sum.tex
Overfull \hbox (230.27475pt too wide) in alignment at lines 19--36
 [] [] [] 
) [71] (./rtAshtech.tex
Overfull \hbox (68.52957pt too wide) in alignment at lines 21--34
 [] [] [] 
) [72] (./sp32bc.tex
! Misplaced \omit.
\multispan ->\omit 
                   \@multispan 
l.24 ...icolumn{3}{l}{\textbf{Optional Arguments}}
                                                   \\
? ) [73] (./sp3version.tex) [74] (./svvis.tex
Overfull \hbox (335.14734pt too wide) in alignment at lines 18--41
 [] [] [] 
) [75] (./TECMaps.tex
Overfull \hbox (294.71104pt too wide) in alignment at lines 18--86
 [] [] [] 

Overfull \hbox (294.71104pt too wide) in alignment at lines 86--91
 [] [] [] 
) [76] (./timeconvert.tex
Overfull \hbox (513.32881pt too wide) in alignment at lines 20--44
 [] [] [] 
) [77] (./vecsol.tex
Overfull \hbox (149.40216pt too wide) in alignment at lines 46--61
 [] [] [] 
) [78] [79] (./WhereSat.tex
Overfull \hbox (11.65698pt too wide) in alignment at lines 23--38
 [] [] [] 
[80]) [81]) (./gpstk-user-reference.ind [82] [83]) (./gpstk-user-reference.bbl

LaTeX Warning: Empty `thebibliography' environment on input line 3.

) [84] (./gpstk-user-reference.aux (./notices.aux) (./introduction.aux)
(./bu.aux) (./ashconv.aux) (./ats2mdp.aux) (./bc2sp3.aux) (./CalcDOPs.aux)
(./calgps.aux) (./compSatStaVis.aux) (./ConstellationList.aux) (./daa.aux)
(./DiscFix.aux) (./DOPcalc.aux) (./ephdiff.aux) (./ephsum.aux) (./fic2rin.aux)
(./FICcheck.aux) (./ficconv.aux) (./ficdiff.aux) (./findMoreThan12.aux)
(./IonoBias.aux) (./mdpconv.aux) (./mdptool.aux) (./mergeFIC.aux)
(./mergeRin.aux) (./navdmp.aux) (./NavMerge.aux) (./navsum.aux)
(./novaRinex.aux) (./poscvt.aux) (./PRSolve.aux) (./ResCor.aux) (./reszilla.aux
) (./RINcheck.aux) (./RINdiff.aux) (./RinexDump.aux) (./RinNav.aux)
(./RinEdit.aux) (./rinexpvt.aux) (./RinSum.aux) (./Rin3Sum.aux)
(./rtAshtech.aux) (./sp32bc.aux) (./sp3version.aux) (./svvis.aux)
(./TECMaps.aux) (./timeconvert.aux) (./vecsol.aux) (./WhereSat.aux) (./bu.aux))

 *File List*
src/manual.cls
    bk10.clo    2007/10/19 v1.4h Standard LaTeX file (size option)
 makeidx.sty    2000/03/29 v1.0m Standard LaTeX package
  epsfig.sty    1999/02/16 v1.7a (e)psfig emulation (SPQR)
graphicx.sty    1999/02/16 v1.0f Enhanced LaTeX Graphics (DPC,SPQR)
  keyval.sty    1999/03/16 v1.13 key=value parser (DPC)
graphics.sty    2009/02/05 v1.0o Standard LaTeX Graphics (DPC,SPQR)
    trig.sty    1999/03/16 v1.09 sin cos tan (DPC)
graphics.cfg    2009/08/28 v1.8 graphics configuration of TeX Live
   dvips.def    1999/02/16 v3.0i Driver-dependant file (DPC,SPQR)
src/bibunits.sty
 perltex.sty    2009/09/13 v1.9 LaTeX macros for use with PerlTeX
fancyvrb.sty    2008/02/07
multirow.sty    
rotating.sty    2009/03/28 v2.16a rotated objects in LaTeX
  ifthen.sty    2001/05/26 v1.1c Standard LaTeX ifthen package (DPC)
colortbl.sty    2001/02/13 v0.1j Color table columns (DPC)
   array.sty    2008/09/09 v2.4c Tabular extension package (FMi)
   color.sty    1999/02/16
   color.cfg    2007/01/18 v1.5 color configuration of teTeX/TeXLive
dvipsnam.def    1999/02/16 v3.0i Driver-dependant file (DPC,SPQR)
  xcolor.sty    2007/01/21 v2.11 LaTeX color extensions (UK)
   color.cfg    2007/01/18 v1.5 color configuration of teTeX/TeXLive
listings.sty    2007/02/22 1.4 (Carsten Heinz)
 lstmisc.sty    2007/02/22 1.4 (Carsten Heinz)
listings.cfg    2007/02/22 1.4 listings configuration
longtable.sty    2004/02/01 v4.11 Multi-page Table package (DPC)
 src/cmd.tex
 titlepg.tex
 notices.tex
  omscmr.fd    1999/05/25 v2.5h Standard LaTeX font definitions
introduction.tex
gpsnutshell.tex
gpstk-user-reference.bbl
     bu1.bbl
gpsfileforms.tex
     bu2.bbl
convcoordtime.tex
     bu3.bbl
toolkitportrait.tex
toolkitportrait2.tex
  sec2_2.tex
 ashconv.tex
 ats2mdp.tex
  bc2sp3.tex
CalcDOPs.tex
  calgps.tex
compSatStaVis.tex
ConstellationList.tex
     daa.tex
 DiscFix.tex
 DOPcalc.tex
 ephdiff.tex
  ephsum.tex
 fic2rin.tex
FICcheck.tex
 ficconv.tex
 ficdiff.tex
findMoreThan12.tex
IonoBias.tex
 mdpconv.tex
 mdptool.tex
mergeFIC.tex
mergeRin.tex
  navdmp.tex
NavMerge.tex
  navsum.tex
novaRinex.tex
  poscvt.tex
 PRSolve.tex
  ResCor.tex
reszilla.tex
RINcheck.tex
 RINdiff.tex
RinexDump.tex
  RinNav.tex
 RinEdit.tex
rinexpvt.tex
  RinSum.tex
 Rin3Sum.tex
rtAshtech.tex
  sp32bc.tex
sp3version.tex
   svvis.tex
 TECMaps.tex
timeconvert.tex
  vecsol.tex
WhereSat.tex
gpstk-user-reference.ind
gpstk-user-reference.bbl
 ***********


LaTeX Warning: There were undefined references.


LaTeX Warning: There were multiply-defined labels.

 )
Output written on gpstk-user-reference.dvi (92 pages, 370540 bytes).
Transcript written on gpstk-user-reference.log.
