This file contains any messages produced by compilers while
running configure, to aid debugging if configure makes a mistake.

It was created by configure, which was
generated by GNU Autoconf 2.59.  Invocation command line was

  $ ./configure 

## --------- ##
## Platform. ##
## --------- ##

hostname = cobbler.arlut.utexas.edu
uname -m = i386
uname -r = 9.7.0
uname -s = Darwin
uname -v = Darwin Kernel Version 9.7.0: Tue Mar 31 22:52:17 PDT 2009; root:xnu-1228.12.14~1/RELEASE_I386

/usr/bin/uname -p = i386
/bin/uname -X     = unknown

/bin/arch              = unknown
/usr/bin/arch -k       = unknown
/usr/convex/getsysinfo = unknown
hostinfo               = Mach kernel version:
	 Darwin Kernel Version 9.7.0: Tue Mar 31 22:52:17 PDT 2009; root:xnu-1228.12.14~1/RELEASE_I386
Kernel configured for up to 2 processors.
2 processors are physically available.
2 processors are logically available.
Processor type: i486 (Intel 80486)
Processors active: 0 1
Primary memory available: 4.00 gigabytes
Default processor set: 98 tasks, 319 threads, 2 processors
Load average: 3.20, Mach factor: 0.31
/bin/machine           = unknown
/usr/bin/oslevel       = unknown
/bin/universe          = unknown

PATH: /usr/bin
PATH: /bin
PATH: /usr/sbin
PATH: /sbin
PATH: /usr/local/bin
PATH: /usr/X11/bin


## ----------- ##
## Core tests. ##
## ----------- ##

configure:1291: checking build system type
configure:1309: result: i686-apple-darwin9.7.0
configure:1317: checking host system type
configure:1331: result: i686-apple-darwin9.7.0
configure:1339: checking target system type
configure:1353: result: i686-apple-darwin9.7.0
configure:1414: checking for gcc
configure:1430: found /usr/bin/gcc
configure:1440: result: gcc
configure:1684: checking for C compiler version
configure:1687: gcc --version </dev/null >&5
i686-apple-darwin9-gcc-4.0.1 (GCC) 4.0.1 (Apple Inc. build 5490)
Copyright (C) 2005 Free Software Foundation, Inc.
This is free software; see the source for copying conditions.  There is NO
warranty; not even for MERCHANTABILITY or FITNESS FOR A PARTICULAR PURPOSE.

configure:1690: $? = 0
configure:1692: gcc -v </dev/null >&5
Using built-in specs.
Target: i686-apple-darwin9
Configured with: /var/tmp/gcc/gcc-5490~1/src/configure --disable-checking -enable-werror --prefix=/usr --mandir=/share/man --enable-languages=c,objc,c++,obj-c++ --program-transform-name=/^[cg][^.-]*$/s/$/-4.0/ --with-gxx-include-dir=/include/c++/4.0.0 --with-slibdir=/usr/lib --build=i686-apple-darwin9 --with-arch=apple --with-tune=generic --host=i686-apple-darwin9 --target=i686-apple-darwin9
Thread model: posix
gcc version 4.0.1 (Apple Inc. build 5490)
configure:1695: $? = 0
configure:1697: gcc -V </dev/null >&5
gcc-4.0: argument to `-V' is missing
configure:1700: $? = 1
configure:1723: checking for C compiler default output file name
configure:1726: gcc    conftest.c  >&5
configure:1729: $? = 0
configure:1775: result: a.out
configure:1780: checking whether the C compiler works
configure:1786: ./a.out
configure:1789: $? = 0
configure:1806: result: yes
configure:1813: checking whether we are cross compiling
configure:1815: result: no
configure:1818: checking for suffix of executables
configure:1820: gcc -o conftest    conftest.c  >&5
configure:1823: $? = 0
configure:1848: result: 
configure:1854: checking for suffix of object files
configure:1875: gcc -c   conftest.c >&5
configure:1878: $? = 0
configure:1900: result: o
configure:1904: checking whether we are using the GNU C compiler
configure:1928: gcc -c   conftest.c >&5
configure:1934: $? = 0
configure:1938: test -z 
			 || test ! -s conftest.err
configure:1941: $? = 0
configure:1944: test -s conftest.o
configure:1947: $? = 0
configure:1960: result: yes
configure:1966: checking whether gcc accepts -g
configure:1987: gcc -c -g  conftest.c >&5
configure:1993: $? = 0
configure:1997: test -z 
			 || test ! -s conftest.err
configure:2000: $? = 0
configure:2003: test -s conftest.o
configure:2006: $? = 0
configure:2017: result: yes
configure:2034: checking for gcc option to accept ANSI C
configure:2104: gcc  -c -g -O2  conftest.c >&5
configure:2110: $? = 0
configure:2114: test -z 
			 || test ! -s conftest.err
configure:2117: $? = 0
configure:2120: test -s conftest.o
configure:2123: $? = 0
configure:2141: result: none needed
configure:2159: gcc -c -g -O2  conftest.c >&5
conftest.c:2: error: syntax error before 'me'
configure:2165: $? = 1
configure: failed program was:
| #ifndef __cplusplus
|   choke me
| #endif
configure:2303: checking how to run the C preprocessor
configure:2338: gcc -E  conftest.c
configure:2344: $? = 0
configure:2376: gcc -E  conftest.c
conftest.c:9:28: error: ac_nonexistent.h: No such file or directory
configure:2382: $? = 1
configure: failed program was:
| /* confdefs.h.  */
| 
| #define PACKAGE_NAME ""
| #define PACKAGE_TARNAME ""
| #define PACKAGE_VERSION ""
| #define PACKAGE_STRING ""
| #define PACKAGE_BUGREPORT ""
| /* end confdefs.h.  */
| #include <ac_nonexistent.h>
configure:2421: result: gcc -E
configure:2445: gcc -E  conftest.c
configure:2451: $? = 0
configure:2483: gcc -E  conftest.c
conftest.c:9:28: error: ac_nonexistent.h: No such file or directory
configure:2489: $? = 1
configure: failed program was:
| /* confdefs.h.  */
| 
| #define PACKAGE_NAME ""
| #define PACKAGE_TARNAME ""
| #define PACKAGE_VERSION ""
| #define PACKAGE_STRING ""
| #define PACKAGE_BUGREPORT ""
| /* end confdefs.h.  */
| #include <ac_nonexistent.h>
configure:2551: checking for rm
configure:2567: found /bin/rm
configure:2577: result: rm -f
configure:2586: checking for rmdir
configure:2602: found /bin/rmdir
configure:2612: result: rmdir
configure:2633: checking for a BSD-compatible install
configure:2688: result: /usr/bin/install -c
configure:2848: creating ./config.status

## ---------------------- ##
## Running config.status. ##
## ---------------------- ##

This file was extended by config.status, which was
generated by GNU Autoconf 2.59.  Invocation command line was

  CONFIG_FILES    = 
  CONFIG_HEADERS  = 
  CONFIG_LINKS    = 
  CONFIG_COMMANDS = 
  $ ./config.status 

on cobbler.arlut.utexas.edu

config.status:660: creating ../../Makefile
config.status:660: creating ../../patchlevel.h
config.status:660: creating ../../Jamrules

## ---------------- ##
## Cache variables. ##
## ---------------- ##

ac_cv_build=i686-apple-darwin9.7.0
ac_cv_build_alias=i686-apple-darwin9.7.0
ac_cv_c_compiler_gnu=yes
ac_cv_env_CC_set=
ac_cv_env_CC_value=
ac_cv_env_CFLAGS_set=
ac_cv_env_CFLAGS_value=
ac_cv_env_CPPFLAGS_set=
ac_cv_env_CPPFLAGS_value=
ac_cv_env_CPP_set=
ac_cv_env_CPP_value=
ac_cv_env_LDFLAGS_set=
ac_cv_env_LDFLAGS_value=
ac_cv_env_build_alias_set=
ac_cv_env_build_alias_value=
ac_cv_env_host_alias_set=
ac_cv_env_host_alias_value=
ac_cv_env_target_alias_set=
ac_cv_env_target_alias_value=
ac_cv_exeext=
ac_cv_host=i686-apple-darwin9.7.0
ac_cv_host_alias=i686-apple-darwin9.7.0
ac_cv_objext=o
ac_cv_path_install='/usr/bin/install -c'
ac_cv_prog_CPP='gcc -E'
ac_cv_prog_RMDIR=rmdir
ac_cv_prog_RMF='rm -f'
ac_cv_prog_ac_ct_CC=gcc
ac_cv_prog_cc_g=yes
ac_cv_prog_cc_stdc=
ac_cv_target=i686-apple-darwin9.7.0
ac_cv_target_alias=i686-apple-darwin9.7.0

## ----------------- ##
## Output variables. ##
## ----------------- ##

CC='gcc'
CFLAGS='-g -O2'
CPP='gcc -E'
CPPFLAGS=''
DEFS='-DPACKAGE_NAME=\"\" -DPACKAGE_TARNAME=\"\" -DPACKAGE_VERSION=\"\" -DPACKAGE_STRING=\"\" -DPACKAGE_BUGREPORT=\"\" '
ECHO_C='ECHO_N=''
ECHO_T=''
EXEEXT=''
INSTALL_DATA='${INSTALL} -m 644'
INSTALL_PROGRAM='${INSTALL}'
INSTALL_SCRIPT='${INSTALL}'
LDFLAGS=''
LIBOBJS=''
LIBS=''
LTLIBOBJS=''
OBJEXT='o'
PACKAGE_BUGREPORT=''
PACKAGE_NAME=''
PACKAGE_STRING=''
PACKAGE_TARNAME=''
PACKAGE_VERSION=''
PATH_SEPARATOR=':'
RMDIR='rmdir'
RMF='rm -f'
SHELL='/bin/sh'
SUFEXE=''
XX_CFLAGS=''
ac_ct_CC='gcc'
bindir='${exec_prefix}/bin'
build='i686-apple-darwin9.7.0'
build_alias=''
build_cpu='i686'
build_os='darwin9.7.0'
build_vendor='apple'
datadir='${prefix}/share'
exec_prefix='${prefix}'
host='i686-apple-darwin9.7.0'
host_alias=''
host_cpu='i686'
host_os='darwin9.7.0'
host_vendor='apple'
includedir='${prefix}/include'
infodir='${prefix}/info'
jam_version='2.5.2'
libdir='${exec_prefix}/lib'
libexecdir='${exec_prefix}/libexec'
localstatedir='${prefix}/var'
mandir='${prefix}/man'
my_bindir='/usr/local/bin'
oldincludedir='/usr/include'
prefix='/usr/local'
program_transform_name='s,x,x,'
sbindir='${exec_prefix}/sbin'
sharedstatedir='${prefix}/com'
sysconfdir='${prefix}/etc'
target='i686-apple-darwin9.7.0'
target_alias=''
target_cpu='i686'
target_os='darwin9.7.0'
target_vendor='apple'

## ----------- ##
## confdefs.h. ##
## ----------- ##

#define PACKAGE_BUGREPORT ""
#define PACKAGE_NAME ""
#define PACKAGE_STRING ""
#define PACKAGE_TARNAME ""
#define PACKAGE_VERSION ""

configure: exit 0
